Time is Tue Sep 4 20:24:02 CST 2018
Directory is /ghome/liyh
This job runs on following nodes:
G131
G131-gpu3
aspect_ratio = 1.0
batch_size = 8
beta1 = 0.5
channel_fac = 16
checkpoint = None
discriminator = conv
display_freq = 1000
double_D = True
flip = True
gan_weight = 1.0
generator = ed
input_dir = /gdata/liyh/data/CelebA/data/train
input_type = df
l1_weight = 100.0
load_tfrecord = True
lr = 0.0002
max_epochs = 2000
max_steps = None
mode = train
monochrome = False
ndf = 64
ngf = 64
num_examples = 141633
num_unet = 10
output_dir = /gdata/liyh/data/CelebA/atten/checkpoint/ed_df
output_filetype = png
progress_freq = 50
save_freq = 5000
scale_size = 256
seed = 665610494
summary_freq = 100
trace_freq = 0
which_direction = AtoB
Tensor("ParseSingleExample/Squeeze_height:0", shape=(), dtype=int64) Tensor("ParseSingleExample/Squeeze_width:0", shape=(), dtype=int64)
examples count = 34
length of beta list.................. 0
parameter_count = 236184704
