/usr/lib/python3.6/importlib/_bootstrap.py:219: RuntimeWarning: compiletime version 3.5 of module 'tensorflow.python.framework.fast_tensor_util' does not match runtime version 3.6
  return f(*args, **kwds)
WARNING:tensorflow:From p2p_att.py:195: TFRecordDataset.__init__ (from tensorflow.contrib.data.python.ops.readers) is deprecated and will be removed in a future version.
Instructions for updating:
Use `tf.data.TFRecordDataset`.
WARNING:tensorflow:From p2p_att.py:696: get_or_create_global_step (from tensorflow.contrib.framework.python.ops.variables) is deprecated and will be removed in a future version.
Instructions for updating:
Please switch to tf.train.get_or_create_global_step
2018-08-30 15:15:59.055180: I tensorflow/core/platform/cpu_feature_guard.cc:137] Your CPU supports instructions that this TensorFlow binary was not compiled to use: SSE4.1 SSE4.2 AVX AVX2 FMA
2018-08-30 15:15:59.482657: I tensorflow/core/common_runtime/gpu/gpu_device.cc:1030] Found device 0 with properties: 
name: GeForce GTX 1080 Ti major: 6 minor: 1 memoryClockRate(GHz): 1.62
pciBusID: 0000:86:00.0
totalMemory: 10.92GiB freeMemory: 10.76GiB
2018-08-30 15:15:59.761208: I tensorflow/core/common_runtime/gpu/gpu_device.cc:1030] Found device 1 with properties: 
name: GeForce GTX 1080 Ti major: 6 minor: 1 memoryClockRate(GHz): 1.62
pciBusID: 0000:85:00.0
totalMemory: 10.92GiB freeMemory: 10.76GiB
2018-08-30 15:15:59.764305: I tensorflow/core/common_runtime/gpu/gpu_device.cc:1045] Device peer to peer matrix
2018-08-30 15:15:59.765057: I tensorflow/core/common_runtime/gpu/gpu_device.cc:1051] DMA: 0 1 
2018-08-30 15:15:59.765086: I tensorflow/core/common_runtime/gpu/gpu_device.cc:1061] 0:   Y Y 
2018-08-30 15:15:59.765100: I tensorflow/core/common_runtime/gpu/gpu_device.cc:1061] 1:   Y Y 
2018-08-30 15:15:59.765134: I tensorflow/core/common_runtime/gpu/gpu_device.cc:1120] Creating TensorFlow device (/device:GPU:0) -> (device: 0, name: GeForce GTX 1080 Ti, pci bus id: 0000:86:00.0, compute capability: 6.1)
2018-08-30 15:15:59.765152: I tensorflow/core/common_runtime/gpu/gpu_device.cc:1120] Creating TensorFlow device (/device:GPU:1) -> (device: 1, name: GeForce GTX 1080 Ti, pci bus id: 0000:85:00.0, compute capability: 6.1)
2018-08-30 15:31:46.861192: I tensorflow/stream_executor/dso_loader.cc:129] Couldn't open CUDA library libcupti.so.8.0. LD_LIBRARY_PATH: /usr/local/nvidia/lib:/usr/local/nvidia/lib64
2018-08-30 15:31:46.862036: F ./tensorflow/stream_executor/lib/statusor.h:212] Non-OK-status: status_ status: Failed precondition: could not dlopen DSO: libcupti.so.8.0; dlerror: libcupti.so.8.0: cannot open shared object file: No such file or directory
/gdata/liyh/project/p2p/summit/atten/exp-0001/train.sh: line 15:     7 Aborted                 (core dumped) python p2p_att.py --mode train --output_dir /gdata/liyh/data/CelebA/atten/checkpoint/exp-0001 --max_epochs 2000 --input_dir /gdata/liyh/data/CelebA/data/train --batch_size 16 --num_examples 141633 --generator sa_I --input_type df
/usr/lib/python3.6/importlib/_bootstrap.py:219: RuntimeWarning: compiletime version 3.5 of module 'tensorflow.python.framework.fast_tensor_util' does not match runtime version 3.6
  return f(*args, **kwds)
WARNING:tensorflow:From p2p_att.py:222: TFRecordDataset.__init__ (from tensorflow.contrib.data.python.ops.readers) is deprecated and will be removed in a future version.
Instructions for updating:
Use `tf.data.TFRecordDataset`.
WARNING:tensorflow:From p2p_att.py:729: get_or_create_global_step (from tensorflow.contrib.framework.python.ops.variables) is deprecated and will be removed in a future version.
Instructions for updating:
Please switch to tf.train.get_or_create_global_step
2018-09-13 05:17:34.028943: I tensorflow/core/platform/cpu_feature_guard.cc:137] Your CPU supports instructions that this TensorFlow binary was not compiled to use: SSE4.1 SSE4.2 AVX AVX2 FMA
2018-09-13 05:17:34.579799: I tensorflow/core/common_runtime/gpu/gpu_device.cc:1030] Found device 0 with properties: 
name: GeForce GTX 1080 Ti major: 6 minor: 1 memoryClockRate(GHz): 1.62
pciBusID: 0000:8a:00.0
totalMemory: 10.92GiB freeMemory: 10.76GiB
2018-09-13 05:17:34.992262: I tensorflow/core/common_runtime/gpu/gpu_device.cc:1030] Found device 1 with properties: 
name: GeForce GTX 1080 Ti major: 6 minor: 1 memoryClockRate(GHz): 1.62
pciBusID: 0000:89:00.0
totalMemory: 10.92GiB freeMemory: 10.76GiB
2018-09-13 05:17:34.995226: I tensorflow/core/common_runtime/gpu/gpu_device.cc:1045] Device peer to peer matrix
2018-09-13 05:17:34.995287: I tensorflow/core/common_runtime/gpu/gpu_device.cc:1051] DMA: 0 1 
2018-09-13 05:17:34.995301: I tensorflow/core/common_runtime/gpu/gpu_device.cc:1061] 0:   Y Y 
2018-09-13 05:17:34.995311: I tensorflow/core/common_runtime/gpu/gpu_device.cc:1061] 1:   Y Y 
2018-09-13 05:17:34.995334: I tensorflow/core/common_runtime/gpu/gpu_device.cc:1120] Creating TensorFlow device (/device:GPU:0) -> (device: 0, name: GeForce GTX 1080 Ti, pci bus id: 0000:8a:00.0, compute capability: 6.1)
2018-09-13 05:17:34.995347: I tensorflow/core/common_runtime/gpu/gpu_device.cc:1120] Creating TensorFlow device (/device:GPU:1) -> (device: 1, name: GeForce GTX 1080 Ti, pci bus id: 0000:89:00.0, compute capability: 6.1)
Traceback (most recent call last):
  File "p2p_att.py", line 1082, in <module>
  File "p2p_att.py", line 1056, in main
    append_index(filesets, step=True)
  File "p2p_att.py", line 756, in save_images
    fn = ''.join(chr(n) for n in fn)
KeyError: 'filenames'
/usr/lib/python3.6/importlib/_bootstrap.py:219: RuntimeWarning: compiletime version 3.5 of module 'tensorflow.python.framework.fast_tensor_util' does not match runtime version 3.6
  return f(*args, **kwds)
WARNING:tensorflow:From p2p_att.py:223: TFRecordDataset.__init__ (from tensorflow.contrib.data.python.ops.readers) is deprecated and will be removed in a future version.
Instructions for updating:
Use `tf.data.TFRecordDataset`.
WARNING:tensorflow:From p2p_att.py:728: get_or_create_global_step (from tensorflow.contrib.framework.python.ops.variables) is deprecated and will be removed in a future version.
Instructions for updating:
Please switch to tf.train.get_or_create_global_step
2018-09-13 06:54:34.079598: I tensorflow/core/platform/cpu_feature_guard.cc:137] Your CPU supports instructions that this TensorFlow binary was not compiled to use: SSE4.1 SSE4.2 AVX AVX2 FMA
2018-09-13 06:54:34.677181: I tensorflow/core/common_runtime/gpu/gpu_device.cc:1030] Found device 0 with properties: 
name: GeForce GTX 1080 Ti major: 6 minor: 1 memoryClockRate(GHz): 1.62
pciBusID: 0000:8a:00.0
totalMemory: 10.92GiB freeMemory: 10.76GiB
2018-09-13 06:54:35.017961: I tensorflow/core/common_runtime/gpu/gpu_device.cc:1030] Found device 1 with properties: 
name: GeForce GTX 1080 Ti major: 6 minor: 1 memoryClockRate(GHz): 1.62
pciBusID: 0000:89:00.0
totalMemory: 10.92GiB freeMemory: 10.76GiB
2018-09-13 06:54:35.019885: I tensorflow/core/common_runtime/gpu/gpu_device.cc:1045] Device peer to peer matrix
2018-09-13 06:54:35.019944: I tensorflow/core/common_runtime/gpu/gpu_device.cc:1051] DMA: 0 1 
2018-09-13 06:54:35.019958: I tensorflow/core/common_runtime/gpu/gpu_device.cc:1061] 0:   Y Y 
2018-09-13 06:54:35.019967: I tensorflow/core/common_runtime/gpu/gpu_device.cc:1061] 1:   Y Y 
2018-09-13 06:54:35.019988: I tensorflow/core/common_runtime/gpu/gpu_device.cc:1120] Creating TensorFlow device (/device:GPU:0) -> (device: 0, name: GeForce GTX 1080 Ti, pci bus id: 0000:8a:00.0, compute capability: 6.1)
2018-09-13 06:54:35.020004: I tensorflow/core/common_runtime/gpu/gpu_device.cc:1120] Creating TensorFlow device (/device:GPU:1) -> (device: 1, name: GeForce GTX 1080 Ti, pci bus id: 0000:89:00.0, compute capability: 6.1)
=>> PBS: job killed: walltime 604815 exceeded limit 604800
