Time is Thu Jan 10 22:44:01 CST 2019
Directory is /gdata/liyh/data/vgg_checkpoint
This job runs on following nodes:
G131
G131-gpu3
Time is Thu Jan 10 22:48:02 CST 2019
Directory is /gdata/liyh/data/vgg_checkpoint
This job runs on following nodes:
G131
G131-gpu3
aspect_ratio = 1.0
batch_size = 8
beta1 = 0.5
channel_fac = 16
checkpoint = None
dec_atten = FFFTF
discriminator = conv
display_freq = 1000
double_D = True
enc_atten = FTFFF
evaluate_freq = 5000
flip = True
gan_weight = 1.0
generator = resgan
input_dir = /gdata/liyh/data/CelebA/data/train
input_type = df
l1_weight = 100.0
load_tfrecord = True
lr = 0.0002
max_epochs = 2000
max_steps = None
mode = train
monochrome = False
ndf = 64
ngf = 64
num_examples = 141633
num_unet = 10
output_dir = /gdata/liyh/data/CelebA/checkpoint/resgan_df
output_filetype = png
progress_freq = 50
random_crop = True
residual_blocks = 8
save_freq = 5000
scale_size = 286
seed = 630490984
sn = True
summary_freq = 100
target_size = 256
trace_freq = 0
which_direction = AtoB
Tensor("ParseSingleExample/Squeeze_height:0", shape=(), dtype=int64) Tensor("ParseSingleExample/Squeeze_width:0", shape=(), dtype=int64)
examples count = 1
(8, 256, 256, 3)
(8, 256, 256, 64)
(8, 128, 128, 128)
(8, 64, 64, 256)
(8, 128, 128, 128)
(8, 256, 256, 64)
(8, 256, 256, 3)
parameter_count = 192559749
progress  epoch 1  step 50  image/sec 3.1  remaining 1518502m
discrim_loss 0.395615
gen_loss_GAN 0.740205
gen_loss_L1 0.193306
recording summary
progress  epoch 1  step 100  image/sec 3.1  remaining 1512074m
discrim_loss 0.351553
gen_loss_GAN 1.57207
gen_loss_L1 0.307662
progress  epoch 1  step 150  image/sec 3.2  remaining 1481593m
discrim_loss 0.237192
gen_loss_GAN 2.50034
gen_loss_L1 0.375293
recording summary
progress  epoch 1  step 200  image/sec 3.2  remaining 1482385m
discrim_loss 0.154894
gen_loss_GAN 3.32984
gen_loss_L1 0.414269
progress  epoch 1  step 250  image/sec 3.2  remaining 1470587m
discrim_loss 0.118505
gen_loss_GAN 3.79892
gen_loss_L1 0.437639
recording summary
progress  epoch 1  step 300  image/sec 3.2  remaining 1473930m
discrim_loss 0.149086
gen_loss_GAN 3.85225
gen_loss_L1 0.453353
progress  epoch 1  step 350  image/sec 3.2  remaining 1466245m
discrim_loss 0.128372
gen_loss_GAN 4.10108
gen_loss_L1 0.461656
recording summary
progress  epoch 1  step 400  image/sec 3.2  remaining 1468192m
discrim_loss 0.0924606
gen_loss_GAN 4.5042
gen_loss_L1 0.463379
progress  epoch 1  step 450  image/sec 3.2  remaining 1462951m
discrim_loss 0.0619197
gen_loss_GAN 5.03819
gen_loss_L1 0.46099
recording summary
progress  epoch 1  step 500  image/sec 3.2  remaining 1465317m
discrim_loss 0.261178
gen_loss_GAN 4.63984
gen_loss_L1 0.462979
progress  epoch 1  step 550  image/sec 3.2  remaining 1461203m
discrim_loss 0.300027
gen_loss_GAN 4.03901
gen_loss_L1 0.463967
recording summary
progress  epoch 1  step 600  image/sec 3.2  remaining 1463373m
discrim_loss 0.23613
gen_loss_GAN 3.95913
gen_loss_L1 0.465332
progress  epoch 1  step 650  image/sec 3.2  remaining 1460006m
discrim_loss 0.21014
gen_loss_GAN 3.94837
gen_loss_L1 0.46395
recording summary
progress  epoch 1  step 700  image/sec 3.2  remaining 1462333m
discrim_loss 0.148212
gen_loss_GAN 4.23691
gen_loss_L1 0.462532
progress  epoch 1  step 750  image/sec 3.2  remaining 1459304m
discrim_loss 0.0992003
gen_loss_GAN 4.62336
gen_loss_L1 0.459263
recording summary
progress  epoch 1  step 800  image/sec 3.2  remaining 1461376m
discrim_loss 0.143242
gen_loss_GAN 4.71028
gen_loss_L1 0.4565
progress  epoch 1  step 850  image/sec 3.2  remaining 1459008m
discrim_loss 0.0962557
gen_loss_GAN 4.86753
gen_loss_L1 0.45837
recording summary
progress  epoch 1  step 900  image/sec 3.2  remaining 1460783m
discrim_loss 0.0649604
gen_loss_GAN 5.17145
gen_loss_L1 0.456147
progress  epoch 1  step 950  image/sec 3.2  remaining 1458524m
discrim_loss 0.0456859
gen_loss_GAN 5.52091
gen_loss_L1 0.453882
recording summary
saving display images
progress  epoch 1  step 1000  image/sec 3.2  remaining 1461330m
discrim_loss 0.0696312
gen_loss_GAN 5.27445
gen_loss_L1 0.451148
progress  epoch 1  step 1050  image/sec 3.2  remaining 1459173m
discrim_loss 0.0561291
gen_loss_GAN 5.51134
gen_loss_L1 0.45243
recording summary
progress  epoch 1  step 1100  image/sec 3.2  remaining 1460616m
discrim_loss 0.0556193
gen_loss_GAN 5.48265
gen_loss_L1 0.447206
progress  epoch 1  step 1150  image/sec 3.2  remaining 1458893m
discrim_loss 0.0387216
gen_loss_GAN 5.88773
gen_loss_L1 0.449699
recording summary
progress  epoch 1  step 1200  image/sec 3.2  remaining 1460041m
discrim_loss 0.0323289
gen_loss_GAN 5.9953
gen_loss_L1 0.447628
progress  epoch 1  step 1250  image/sec 3.2  remaining 1458454m
discrim_loss 0.0345336
gen_loss_GAN 6.21926
gen_loss_L1 0.446623
recording summary
progress  epoch 1  step 1300  image/sec 3.2  remaining 1459730m
discrim_loss 0.0266804
gen_loss_GAN 6.29442
gen_loss_L1 0.443758
progress  epoch 1  step 1350  image/sec 3.2  remaining 1458177m
discrim_loss 0.146585
gen_loss_GAN 5.51644
gen_loss_L1 0.442604
recording summary
progress  epoch 1  step 1400  image/sec 3.2  remaining 1459246m
discrim_loss 0.108111
gen_loss_GAN 5.45552
gen_loss_L1 0.441426
progress  epoch 1  step 1450  image/sec 3.2  remaining 1457805m
discrim_loss 0.121761
gen_loss_GAN 5.31659
gen_loss_L1 0.441581
recording summary
progress  epoch 1  step 1500  image/sec 3.2  remaining 1458612m
discrim_loss 0.0971456
gen_loss_GAN 5.41615
gen_loss_L1 0.444572
progress  epoch 1  step 1550  image/sec 3.2  remaining 1457301m
discrim_loss 0.104961
gen_loss_GAN 5.50727
gen_loss_L1 0.445807
recording summary
progress  epoch 1  step 1600  image/sec 3.2  remaining 1458206m
discrim_loss 0.0880816
gen_loss_GAN 5.58841
gen_loss_L1 0.441978
progress  epoch 1  step 1650  image/sec 3.2  remaining 1457000m
discrim_loss 0.0688507
gen_loss_GAN 5.81208
gen_loss_L1 0.443857
recording summary
progress  epoch 1  step 1700  image/sec 3.2  remaining 1458076m
discrim_loss 0.13602
gen_loss_GAN 5.67182
gen_loss_L1 0.442889
progress  epoch 1  step 1750  image/sec 3.2  remaining 1456961m
discrim_loss 0.0965138
gen_loss_GAN 5.94271
gen_loss_L1 0.442906
recording summary
progress  epoch 1  step 1800  image/sec 3.2  remaining 1458021m
discrim_loss 0.0638038
gen_loss_GAN 6.07973
gen_loss_L1 0.43839
progress  epoch 1  step 1850  image/sec 3.2  remaining 1456901m
discrim_loss 0.0413396
gen_loss_GAN 6.30463
gen_loss_L1 0.441268
recording summary
progress  epoch 1  step 1900  image/sec 3.2  remaining 1457734m
discrim_loss 0.0357434
gen_loss_GAN 6.25863
gen_loss_L1 0.443726
progress  epoch 1  step 1950  image/sec 3.2  remaining 1456745m
discrim_loss 0.0251907
gen_loss_GAN 6.35235
gen_loss_L1 0.439728
recording summary
saving display images
progress  epoch 1  step 2000  image/sec 3.2  remaining 1457769m
discrim_loss 0.0171101
gen_loss_GAN 6.5944
gen_loss_L1 0.439062
progress  epoch 1  step 2050  image/sec 3.2  remaining 1456810m
discrim_loss 0.0113975
gen_loss_GAN 6.89897
gen_loss_L1 0.438555
recording summary
progress  epoch 1  step 2100  image/sec 3.2  remaining 1457698m
discrim_loss 0.0129697
gen_loss_GAN 6.93697
gen_loss_L1 0.440623
progress  epoch 1  step 2150  image/sec 3.2  remaining 1456825m
discrim_loss 0.0106105
gen_loss_GAN 6.88263
gen_loss_L1 0.44086
recording summary
progress  epoch 1  step 2200  image/sec 3.2  remaining 1457689m
discrim_loss 0.194829
gen_loss_GAN 6.36013
gen_loss_L1 0.439881
progress  epoch 1  step 2250  image/sec 3.2  remaining 1456823m
discrim_loss 0.137208
gen_loss_GAN 6.05108
gen_loss_L1 0.439867
recording summary
progress  epoch 1  step 2300  image/sec 3.2  remaining 1457476m
discrim_loss 0.16892
gen_loss_GAN 5.65189
gen_loss_L1 0.439328
progress  epoch 1  step 2350  image/sec 3.2  remaining 1456657m
discrim_loss 0.202183
gen_loss_GAN 5.29903
gen_loss_L1 0.437784
recording summary
progress  epoch 1  step 2400  image/sec 3.2  remaining 1457461m
discrim_loss 0.135587
gen_loss_GAN 5.41852
gen_loss_L1 0.438907
progress  epoch 1  step 2450  image/sec 3.2  remaining 1456750m
discrim_loss 0.151795
gen_loss_GAN 5.38549
gen_loss_L1 0.437585
recording summary
progress  epoch 1  step 2500  image/sec 3.2  remaining 1457484m
discrim_loss 0.105796
gen_loss_GAN 5.41215
gen_loss_L1 0.433984
progress  epoch 1  step 2550  image/sec 3.2  remaining 1456697m
discrim_loss 0.0721964
gen_loss_GAN 5.87299
gen_loss_L1 0.440948
recording summary
progress  epoch 1  step 2600  image/sec 3.2  remaining 1457240m
discrim_loss 0.0459782
gen_loss_GAN 6.18915
gen_loss_L1 0.44402
progress  epoch 1  step 2650  image/sec 3.2  remaining 1456487m
discrim_loss 0.0323484
gen_loss_GAN 6.47449
gen_loss_L1 0.447191
recording summary
progress  epoch 1  step 2700  image/sec 3.2  remaining 1457124m
discrim_loss 0.0245671
gen_loss_GAN 6.49834
gen_loss_L1 0.444287
progress  epoch 1  step 2750  image/sec 3.2  remaining 1456373m
discrim_loss 0.189445
gen_loss_GAN 5.87285
gen_loss_L1 0.438672
recording summary
progress  epoch 1  step 2800  image/sec 3.2  remaining 1456921m
discrim_loss 0.128432
gen_loss_GAN 5.82848
gen_loss_L1 0.436758
progress  epoch 1  step 2850  image/sec 3.2  remaining 1456284m
discrim_loss 0.0819443
gen_loss_GAN 5.95936
gen_loss_L1 0.438355
recording summary
progress  epoch 1  step 2900  image/sec 3.2  remaining 1456803m
discrim_loss 0.209936
gen_loss_GAN 5.63355
gen_loss_L1 0.43763
progress  epoch 1  step 2950  image/sec 3.2  remaining 1456124m
discrim_loss 0.137242
gen_loss_GAN 5.62287
gen_loss_L1 0.439143
recording summary
saving display images
progress  epoch 1  step 3000  image/sec 3.2  remaining 1456720m
discrim_loss 0.0967862
gen_loss_GAN 5.63192
gen_loss_L1 0.44222
progress  epoch 1  step 3050  image/sec 3.2  remaining 1456134m
discrim_loss 0.164064
gen_loss_GAN 5.33287
gen_loss_L1 0.441831
recording summary
progress  epoch 1  step 3100  image/sec 3.2  remaining 1456687m
discrim_loss 0.111574
gen_loss_GAN 5.41125
gen_loss_L1 0.435422
progress  epoch 1  step 3150  image/sec 3.2  remaining 1456100m
discrim_loss 0.0757081
gen_loss_GAN 5.66623
gen_loss_L1 0.438614
recording summary
progress  epoch 1  step 3200  image/sec 3.2  remaining 1456587m
discrim_loss 0.260516
gen_loss_GAN 4.96303
gen_loss_L1 0.439221
progress  epoch 1  step 3250  image/sec 3.2  remaining 1455975m
discrim_loss 0.194147
gen_loss_GAN 4.89705
gen_loss_L1 0.434192
recording summary
progress  epoch 1  step 3300  image/sec 3.2  remaining 1456436m
discrim_loss 0.196807
gen_loss_GAN 5.06345
gen_loss_L1 0.43388
progress  epoch 1  step 3350  image/sec 3.2  remaining 1455884m
discrim_loss 0.159962
gen_loss_GAN 5.26445
gen_loss_L1 0.432447
recording summary
progress  epoch 1  step 3400  image/sec 3.2  remaining 1456419m
discrim_loss 0.269802
gen_loss_GAN 4.88449
gen_loss_L1 0.435396
progress  epoch 1  step 3450  image/sec 3.2  remaining 1455871m
discrim_loss 0.183372
gen_loss_GAN 4.86524
gen_loss_L1 0.434553
recording summary
progress  epoch 1  step 3500  image/sec 3.2  remaining 1456315m
discrim_loss 0.120454
gen_loss_GAN 5.12347
gen_loss_L1 0.430798
progress  epoch 1  step 3550  image/sec 3.2  remaining 1455764m
discrim_loss 0.109947
gen_loss_GAN 5.24392
gen_loss_L1 0.432335
recording summary
progress  epoch 1  step 3600  image/sec 3.2  remaining 1456219m
discrim_loss 0.0791493
gen_loss_GAN 5.53704
gen_loss_L1 0.435092
progress  epoch 1  step 3650  image/sec 3.2  remaining 1455712m
discrim_loss 0.230373
gen_loss_GAN 5.43474
gen_loss_L1 0.434333
recording summary
progress  epoch 1  step 3700  image/sec 3.2  remaining 1456248m
discrim_loss 0.244938
gen_loss_GAN 5.12731
gen_loss_L1 0.435754
progress  epoch 1  step 3750  image/sec 3.2  remaining 1455730m
discrim_loss 0.323506
gen_loss_GAN 4.9146
gen_loss_L1 0.432914
recording summary
progress  epoch 1  step 3800  image/sec 3.2  remaining 1456126m
discrim_loss 0.30034
gen_loss_GAN 4.62968
gen_loss_L1 0.433366
progress  epoch 1  step 3850  image/sec 3.2  remaining 1455634m
discrim_loss 0.256072
gen_loss_GAN 4.68727
gen_loss_L1 0.432385
recording summary
progress  epoch 1  step 3900  image/sec 3.2  remaining 1456055m
discrim_loss 0.168169
gen_loss_GAN 4.96937
gen_loss_L1 0.433967
progress  epoch 1  step 3950  image/sec 3.2  remaining 1455603m
discrim_loss 0.155836
gen_loss_GAN 5.05156
gen_loss_L1 0.43963
recording summary
saving display images
progress  epoch 1  step 4000  image/sec 3.2  remaining 1456072m
discrim_loss 0.279713
gen_loss_GAN 4.83902
gen_loss_L1 0.441393
progress  epoch 1  step 4050  image/sec 3.2  remaining 1455633m
discrim_loss 0.210453
gen_loss_GAN 4.88918
gen_loss_L1 0.437195
recording summary
progress  epoch 1  step 4100  image/sec 3.2  remaining 1455993m
discrim_loss 0.319418
gen_loss_GAN 4.81599
gen_loss_L1 0.437182
progress  epoch 1  step 4150  image/sec 3.2  remaining 1455546m
discrim_loss 0.260624
gen_loss_GAN 4.52545
gen_loss_L1 0.436258
recording summary
progress  epoch 1  step 4200  image/sec 3.2  remaining 1455888m
discrim_loss 0.168293
gen_loss_GAN 4.86533
gen_loss_L1 0.433045
progress  epoch 1  step 4250  image/sec 3.2  remaining 1455452m
discrim_loss 0.198123
gen_loss_GAN 4.86563
gen_loss_L1 0.432803
recording summary
progress  epoch 1  step 4300  image/sec 3.2  remaining 1455832m
discrim_loss 0.148994
gen_loss_GAN 4.86586
gen_loss_L1 0.434186
progress  epoch 1  step 4350  image/sec 3.2  remaining 1455371m
discrim_loss 0.308658
gen_loss_GAN 4.93732
gen_loss_L1 0.432287
recording summary
progress  epoch 1  step 4400  image/sec 3.2  remaining 1455752m
discrim_loss 0.395579
gen_loss_GAN 4.41827
gen_loss_L1 0.428532
progress  epoch 1  step 4450  image/sec 3.2  remaining 1455295m
discrim_loss 0.285932
gen_loss_GAN 4.33489
gen_loss_L1 0.431829
recording summary
progress  epoch 1  step 4500  image/sec 3.2  remaining 1455577m
discrim_loss 0.191723
gen_loss_GAN 4.61028
gen_loss_L1 0.429258
progress  epoch 1  step 4550  image/sec 3.2  remaining 1455212m
discrim_loss 0.18124
gen_loss_GAN 4.66372
gen_loss_L1 0.430597
recording summary
progress  epoch 1  step 4600  image/sec 3.2  remaining 1455476m
discrim_loss 0.129859
gen_loss_GAN 5.11449
gen_loss_L1 0.432403
progress  epoch 1  step 4650  image/sec 3.2  remaining 1455091m
discrim_loss 0.291992
gen_loss_GAN 4.54593
gen_loss_L1 0.434424
recording summary
progress  epoch 1  step 4700  image/sec 3.2  remaining 1455423m
discrim_loss 0.270227
gen_loss_GAN 4.5718
gen_loss_L1 0.437752
progress  epoch 1  step 4750  image/sec 3.2  remaining 1455017m
discrim_loss 0.247543
gen_loss_GAN 4.6625
gen_loss_L1 0.438465
recording summary
progress  epoch 1  step 4800  image/sec 3.2  remaining 1455272m
discrim_loss 0.19294
gen_loss_GAN 4.79056
gen_loss_L1 0.4338
progress  epoch 1  step 4850  image/sec 3.2  remaining 1454892m
discrim_loss 0.294144
gen_loss_GAN 4.37736
gen_loss_L1 0.434666
recording summary
progress  epoch 1  step 4900  image/sec 3.2  remaining 1455093m
discrim_loss 0.278206
gen_loss_GAN 4.30647
gen_loss_L1 0.431881
progress  epoch 1  step 4950  image/sec 3.2  remaining 1454738m
discrim_loss 0.195548
gen_loss_GAN 4.68362
gen_loss_L1 0.434401
recording summary
saving display images
progress  epoch 1  step 5000  image/sec 3.2  remaining 1455176m
discrim_loss 0.225311
gen_loss_GAN 4.52466
gen_loss_L1 0.435536
saving model
evaluating results
progress  epoch 1  step 5050  image/sec 3.2  remaining 1457664m
discrim_loss 0.356146
gen_loss_GAN 4.17399
gen_loss_L1 0.439171
recording summary
progress  epoch 1  step 5100  image/sec 3.2  remaining 1457895m
discrim_loss 0.322664
gen_loss_GAN 4.16547
gen_loss_L1 0.43697
progress  epoch 1  step 5150  image/sec 3.2  remaining 1457499m
discrim_loss 0.292428
gen_loss_GAN 4.13562
gen_loss_L1 0.437334
recording summary
progress  epoch 1  step 5200  image/sec 3.2  remaining 1457764m
discrim_loss 0.389469
gen_loss_GAN 3.82445
gen_loss_L1 0.440284
progress  epoch 1  step 5250  image/sec 3.2  remaining 1457437m
discrim_loss 0.292428
gen_loss_GAN 3.83316
gen_loss_L1 0.440682
recording summary
progress  epoch 1  step 5300  image/sec 3.2  remaining 1457633m
discrim_loss 0.238176
gen_loss_GAN 4.15608
gen_loss_L1 0.435084
progress  epoch 1  step 5350  image/sec 3.2  remaining 1457291m
discrim_loss 0.358117
gen_loss_GAN 4.06441
gen_loss_L1 0.432448
recording summary
progress  epoch 1  step 5400  image/sec 3.2  remaining 1457491m
discrim_loss 0.331628
gen_loss_GAN 3.92918
gen_loss_L1 0.430406
progress  epoch 1  step 5450  image/sec 3.2  remaining 1457136m
discrim_loss 0.390763
gen_loss_GAN 3.971
gen_loss_L1 0.430073
recording summary
progress  epoch 1  step 5500  image/sec 3.2  remaining 1457321m
discrim_loss 0.314454
gen_loss_GAN 3.84159
gen_loss_L1 0.430544
progress  epoch 1  step 5550  image/sec 3.2  remaining 1456970m
discrim_loss 0.235697
gen_loss_GAN 4.04247
gen_loss_L1 0.433903
recording summary
progress  epoch 1  step 5600  image/sec 3.2  remaining 1457168m
discrim_loss 0.22322
gen_loss_GAN 4.21911
gen_loss_L1 0.437817
progress  epoch 1  step 5650  image/sec 3.2  remaining 1456788m
discrim_loss 0.339547
gen_loss_GAN 4.09231
gen_loss_L1 0.432872
recording summary
progress  epoch 1  step 5700  image/sec 3.2  remaining 1456974m
discrim_loss 0.342609
gen_loss_GAN 3.97879
gen_loss_L1 0.436918
progress  epoch 1  step 5750  image/sec 3.2  remaining 1456660m
discrim_loss 0.326464
gen_loss_GAN 4.02283
gen_loss_L1 0.439345
recording summary
progress  epoch 1  step 5800  image/sec 3.2  remaining 1456869m
discrim_loss 0.388508
gen_loss_GAN 4.00314
gen_loss_L1 0.441328
progress  epoch 1  step 5850  image/sec 3.2  remaining 1456539m
discrim_loss 0.429774
gen_loss_GAN 3.86936
gen_loss_L1 0.435256
recording summary
progress  epoch 1  step 5900  image/sec 3.2  remaining 1456726m
discrim_loss 0.377612
gen_loss_GAN 3.9025
gen_loss_L1 0.439189
progress  epoch 1  step 5950  image/sec 3.2  remaining 1456412m
discrim_loss 0.383423
gen_loss_GAN 3.8688
gen_loss_L1 0.440822
recording summary
saving display images
progress  epoch 1  step 6000  image/sec 3.2  remaining 1456670m
discrim_loss 0.355426
gen_loss_GAN 3.87879
gen_loss_L1 0.438858
progress  epoch 1  step 6050  image/sec 3.2  remaining 1456337m
discrim_loss 0.427505
gen_loss_GAN 3.65557
gen_loss_L1 0.43508
recording summary
progress  epoch 1  step 6100  image/sec 3.2  remaining 1456563m
discrim_loss 0.426545
gen_loss_GAN 3.70954
gen_loss_L1 0.437223
progress  epoch 1  step 6150  image/sec 3.2  remaining 1456236m
discrim_loss 0.456542
gen_loss_GAN 3.54133
gen_loss_L1 0.43584
recording summary
progress  epoch 1  step 6200  image/sec 3.2  remaining 1456466m
discrim_loss 0.415946
gen_loss_GAN 3.44805
gen_loss_L1 0.436642
progress  epoch 1  step 6250  image/sec 3.2  remaining 1456159m
discrim_loss 0.410379
gen_loss_GAN 3.37873
gen_loss_L1 0.437631
recording summary
progress  epoch 1  step 6300  image/sec 3.2  remaining 1456344m
discrim_loss 0.446424
gen_loss_GAN 3.47844
gen_loss_L1 0.441993
progress  epoch 1  step 6350  image/sec 3.2  remaining 1456044m
discrim_loss 0.390459
gen_loss_GAN 3.5907
gen_loss_L1 0.445374
recording summary
progress  epoch 1  step 6400  image/sec 3.2  remaining 1456271m
discrim_loss 0.325871
gen_loss_GAN 3.64248
gen_loss_L1 0.442774
progress  epoch 1  step 6450  image/sec 3.2  remaining 1455971m
discrim_loss 0.366199
gen_loss_GAN 3.56854
gen_loss_L1 0.439909
recording summary
progress  epoch 1  step 6500  image/sec 3.2  remaining 1456152m
discrim_loss 0.303379
gen_loss_GAN 3.81564
gen_loss_L1 0.439386
progress  epoch 1  step 6550  image/sec 3.2  remaining 1455862m
discrim_loss 0.464617
gen_loss_GAN 3.54672
gen_loss_L1 0.438166
recording summary
progress  epoch 1  step 6600  image/sec 3.2  remaining 1456063m
discrim_loss 0.509325
gen_loss_GAN 3.36704
gen_loss_L1 0.43693
progress  epoch 1  step 6650  image/sec 3.2  remaining 1455777m
discrim_loss 0.456513
gen_loss_GAN 3.44129
gen_loss_L1 0.440865
recording summary
progress  epoch 1  step 6700  image/sec 3.2  remaining 1455949m
discrim_loss 0.451799
gen_loss_GAN 3.3722
gen_loss_L1 0.443499
progress  epoch 1  step 6750  image/sec 3.2  remaining 1455677m
discrim_loss 0.452047
gen_loss_GAN 3.32483
gen_loss_L1 0.439955
recording summary
progress  epoch 1  step 6800  image/sec 3.2  remaining 1455871m
discrim_loss 0.425486
gen_loss_GAN 3.25158
gen_loss_L1 0.444798
progress  epoch 1  step 6850  image/sec 3.2  remaining 1455558m
discrim_loss 0.387003
gen_loss_GAN 3.2955
gen_loss_L1 0.447335
recording summary
progress  epoch 1  step 6900  image/sec 3.2  remaining 1455769m
discrim_loss 0.387114
gen_loss_GAN 3.33319
gen_loss_L1 0.441256
progress  epoch 1  step 6950  image/sec 3.2  remaining 1455487m
discrim_loss 0.528341
gen_loss_GAN 3.10238
gen_loss_L1 0.43706
recording summary
saving display images
progress  epoch 1  step 7000  image/sec 3.2  remaining 1455702m
discrim_loss 0.488333
gen_loss_GAN 3.10054
gen_loss_L1 0.436435
progress  epoch 1  step 7050  image/sec 3.2  remaining 1455418m
discrim_loss 0.494967
gen_loss_GAN 3.12219
gen_loss_L1 0.438376
recording summary
progress  epoch 1  step 7100  image/sec 3.2  remaining 1455584m
discrim_loss 0.493361
gen_loss_GAN 2.9722
gen_loss_L1 0.43883
progress  epoch 1  step 7150  image/sec 3.2  remaining 1455292m
discrim_loss 0.484998
gen_loss_GAN 3.05331
gen_loss_L1 0.43978
recording summary
progress  epoch 1  step 7200  image/sec 3.2  remaining 1455452m
discrim_loss 0.400067
gen_loss_GAN 3.16724
gen_loss_L1 0.446099
progress  epoch 1  step 7250  image/sec 3.2  remaining 1455197m
discrim_loss 0.497166
gen_loss_GAN 3.00657
gen_loss_L1 0.444727
recording summary
progress  epoch 1  step 7300  image/sec 3.2  remaining 1455391m
discrim_loss 0.558496
gen_loss_GAN 2.93857
gen_loss_L1 0.440313
progress  epoch 1  step 7350  image/sec 3.2  remaining 1455117m
discrim_loss 0.490458
gen_loss_GAN 2.98
gen_loss_L1 0.44389
recording summary
progress  epoch 1  step 7400  image/sec 3.2  remaining 1455314m
discrim_loss 0.529286
gen_loss_GAN 2.8347
gen_loss_L1 0.439158
progress  epoch 1  step 7450  image/sec 3.2  remaining 1455043m
discrim_loss 0.575548
gen_loss_GAN 2.64358
gen_loss_L1 0.437277
recording summary
progress  epoch 1  step 7500  image/sec 3.2  remaining 1455302m
discrim_loss 0.625647
gen_loss_GAN 2.59024
gen_loss_L1 0.441112
progress  epoch 1  step 7550  image/sec 3.2  remaining 1455044m
discrim_loss 0.543116
gen_loss_GAN 2.64756
gen_loss_L1 0.440039
recording summary
progress  epoch 1  step 7600  image/sec 3.2  remaining 1455187m
discrim_loss 0.519474
gen_loss_GAN 2.67242
gen_loss_L1 0.439672
progress  epoch 1  step 7650  image/sec 3.2  remaining 1454926m
discrim_loss 0.521324
gen_loss_GAN 2.65435
gen_loss_L1 0.43967
recording summary
progress  epoch 1  step 7700  image/sec 3.2  remaining 1455082m
discrim_loss 0.480995
gen_loss_GAN 2.8583
gen_loss_L1 0.441918
progress  epoch 1  step 7750  image/sec 3.2  remaining 1454840m
discrim_loss 0.521622
gen_loss_GAN 2.80916
gen_loss_L1 0.440835
recording summary
progress  epoch 1  step 7800  image/sec 3.2  remaining 1455004m
discrim_loss 0.563262
gen_loss_GAN 2.74919
gen_loss_L1 0.43799
progress  epoch 1  step 7850  image/sec 3.2  remaining 1454764m
discrim_loss 0.584226
gen_loss_GAN 2.77028
gen_loss_L1 0.438586
recording summary
progress  epoch 1  step 7900  image/sec 3.2  remaining 1454926m
discrim_loss 0.537718
gen_loss_GAN 2.74314
gen_loss_L1 0.441866
progress  epoch 1  step 7950  image/sec 3.2  remaining 1454687m
discrim_loss 0.469602
gen_loss_GAN 2.81349
gen_loss_L1 0.440245
recording summary
saving display images
progress  epoch 1  step 8000  image/sec 3.2  remaining 1454917m
discrim_loss 0.562407
gen_loss_GAN 2.66083
gen_loss_L1 0.438353
progress  epoch 1  step 8050  image/sec 3.2  remaining 1454682m
discrim_loss 0.57123
gen_loss_GAN 2.68703
gen_loss_L1 0.438129
recording summary
progress  epoch 1  step 8100  image/sec 3.2  remaining 1454819m
discrim_loss 0.565052
gen_loss_GAN 2.56784
gen_loss_L1 0.436414
progress  epoch 1  step 8150  image/sec 3.2  remaining 1454578m
discrim_loss 0.509419
gen_loss_GAN 2.60273
gen_loss_L1 0.440078
recording summary
progress  epoch 1  step 8200  image/sec 3.2  remaining 1454731m
discrim_loss 0.493051
gen_loss_GAN 2.71306
gen_loss_L1 0.445322
progress  epoch 1  step 8250  image/sec 3.2  remaining 1454503m
discrim_loss 0.469844
gen_loss_GAN 2.79423
gen_loss_L1 0.441477
recording summary
progress  epoch 1  step 8300  image/sec 3.2  remaining 1454642m
discrim_loss 0.443342
gen_loss_GAN 3.19288
gen_loss_L1 0.433956
progress  epoch 1  step 8350  image/sec 3.2  remaining 1454398m
discrim_loss 0.408552
gen_loss_GAN 3.22157
gen_loss_L1 0.437447
recording summary
progress  epoch 1  step 8400  image/sec 3.2  remaining 1454545m
discrim_loss 0.478071
gen_loss_GAN 2.94088
gen_loss_L1 0.438069
progress  epoch 1  step 8450  image/sec 3.2  remaining 1454315m
discrim_loss 0.4862
gen_loss_GAN 2.78759
gen_loss_L1 0.436014
recording summary
progress  epoch 1  step 8500  image/sec 3.2  remaining 1454469m
discrim_loss 0.529592
gen_loss_GAN 2.66294
gen_loss_L1 0.43782
progress  epoch 1  step 8550  image/sec 3.2  remaining 1454258m
discrim_loss 0.489027
gen_loss_GAN 2.73268
gen_loss_L1 0.438083
recording summary
progress  epoch 1  step 8600  image/sec 3.2  remaining 1454420m
discrim_loss 0.454165
gen_loss_GAN 2.80658
gen_loss_L1 0.434466
progress  epoch 1  step 8650  image/sec 3.2  remaining 1454209m
discrim_loss 0.461526
gen_loss_GAN 2.77827
gen_loss_L1 0.44184
recording summary
progress  epoch 1  step 8700  image/sec 3.2  remaining 1454368m
discrim_loss 0.509176
gen_loss_GAN 2.76005
gen_loss_L1 0.439383
progress  epoch 1  step 8750  image/sec 3.2  remaining 1454158m
discrim_loss 0.516755
gen_loss_GAN 2.74677
gen_loss_L1 0.445077
recording summary
progress  epoch 1  step 8800  image/sec 3.2  remaining 1454310m
discrim_loss 0.531768
gen_loss_GAN 2.63372
gen_loss_L1 0.442583
progress  epoch 1  step 8850  image/sec 3.2  remaining 1454098m
discrim_loss 0.551525
gen_loss_GAN 2.55857
gen_loss_L1 0.441157
recording summary
progress  epoch 1  step 8900  image/sec 3.2  remaining 1454235m
discrim_loss 0.524485
gen_loss_GAN 2.62277
gen_loss_L1 0.443405
progress  epoch 1  step 8950  image/sec 3.2  remaining 1454013m
discrim_loss 0.576487
gen_loss_GAN 2.49234
gen_loss_L1 0.440701
recording summary
saving display images
progress  epoch 1  step 9000  image/sec 3.2  remaining 1454188m
discrim_loss 0.567285
gen_loss_GAN 2.55155
gen_loss_L1 0.443346
progress  epoch 1  step 9050  image/sec 3.2  remaining 1453986m
discrim_loss 0.535679
gen_loss_GAN 2.5627
gen_loss_L1 0.439616
recording summary
progress  epoch 1  step 9100  image/sec 3.2  remaining 1454106m
discrim_loss 0.575038
gen_loss_GAN 2.51504
gen_loss_L1 0.43612
progress  epoch 1  step 9150  image/sec 3.2  remaining 1453909m
discrim_loss 0.588008
gen_loss_GAN 2.6093
gen_loss_L1 0.436192
recording summary
progress  epoch 1  step 9200  image/sec 3.2  remaining 1454066m
discrim_loss 0.528164
gen_loss_GAN 2.62473
gen_loss_L1 0.439111
progress  epoch 1  step 9250  image/sec 3.2  remaining 1453866m
discrim_loss 0.546207
gen_loss_GAN 2.60097
gen_loss_L1 0.436943
recording summary
progress  epoch 1  step 9300  image/sec 3.2  remaining 1454004m
discrim_loss 0.528964
gen_loss_GAN 2.6773
gen_loss_L1 0.435825
progress  epoch 1  step 9350  image/sec 3.2  remaining 1453803m
discrim_loss 0.523597
gen_loss_GAN 2.646
gen_loss_L1 0.436103
recording summary
progress  epoch 1  step 9400  image/sec 3.2  remaining 1453928m
discrim_loss 0.522516
gen_loss_GAN 2.6286
gen_loss_L1 0.444721
progress  epoch 1  step 9450  image/sec 3.2  remaining 1453731m
discrim_loss 0.542953
gen_loss_GAN 2.59707
gen_loss_L1 0.440098
recording summary
progress  epoch 1  step 9500  image/sec 3.2  remaining 1453865m
discrim_loss 0.40149
gen_loss_GAN 3.11957
gen_loss_L1 0.429686
progress  epoch 1  step 9550  image/sec 3.2  remaining 1453677m
discrim_loss 0.462386
gen_loss_GAN 2.83578
gen_loss_L1 0.43522
recording summary
progress  epoch 1  step 9600  image/sec 3.2  remaining 1453800m
discrim_loss 0.472449
gen_loss_GAN 2.79815
gen_loss_L1 0.43604
progress  epoch 1  step 9650  image/sec 3.2  remaining 1453606m
discrim_loss 0.507167
gen_loss_GAN 2.65966
gen_loss_L1 0.434227
recording summary
progress  epoch 1  step 9700  image/sec 3.2  remaining 1453734m
discrim_loss 0.485496
gen_loss_GAN 2.64224
gen_loss_L1 0.436769
progress  epoch 1  step 9750  image/sec 3.2  remaining 1453538m
discrim_loss 0.512973
gen_loss_GAN 2.50329
gen_loss_L1 0.433176
recording summary
progress  epoch 1  step 9800  image/sec 3.2  remaining 1453668m
discrim_loss 0.541445
gen_loss_GAN 2.47048
gen_loss_L1 0.434912
progress  epoch 1  step 9850  image/sec 3.2  remaining 1453463m
discrim_loss 0.561049
gen_loss_GAN 2.41694
gen_loss_L1 0.436138
recording summary
progress  epoch 1  step 9900  image/sec 3.2  remaining 1453618m
discrim_loss 0.544126
gen_loss_GAN 2.52782
gen_loss_L1 0.440806
progress  epoch 1  step 9950  image/sec 3.2  remaining 1453434m
discrim_loss 0.527357
gen_loss_GAN 2.51215
gen_loss_L1 0.440777
recording summary
saving display images
progress  epoch 1  step 10000  image/sec 3.2  remaining 1453601m
discrim_loss 0.519208
gen_loss_GAN 2.50178
gen_loss_L1 0.439836
saving model
evaluating results
progress  epoch 1  step 10050  image/sec 3.2  remaining 1454819m
discrim_loss 0.473945
gen_loss_GAN 2.64686
gen_loss_L1 0.435373
recording summary
progress  epoch 1  step 10100  image/sec 3.2  remaining 1454934m
discrim_loss 0.468432
gen_loss_GAN 2.71616
gen_loss_L1 0.435767
progress  epoch 1  step 10150  image/sec 3.2  remaining 1454751m
discrim_loss 0.49591
gen_loss_GAN 2.6441
gen_loss_L1 0.433198
recording summary
progress  epoch 1  step 10200  image/sec 3.2  remaining 1454887m
discrim_loss 0.504297
gen_loss_GAN 2.58828
gen_loss_L1 0.430199
progress  epoch 1  step 10250  image/sec 3.2  remaining 1454702m
discrim_loss 0.543422
gen_loss_GAN 2.53978
gen_loss_L1 0.428461
recording summary
progress  epoch 1  step 10300  image/sec 3.2  remaining 1454816m
discrim_loss 0.489568
gen_loss_GAN 2.60231
gen_loss_L1 0.431089
progress  epoch 1  step 10350  image/sec 3.2  remaining 1454640m
discrim_loss 0.444278
gen_loss_GAN 2.61636
gen_loss_L1 0.432811
recording summary
progress  epoch 1  step 10400  image/sec 3.2  remaining 1454760m
discrim_loss 0.502142
gen_loss_GAN 2.61468
gen_loss_L1 0.432389
progress  epoch 1  step 10450  image/sec 3.2  remaining 1454569m
discrim_loss 0.514026
gen_loss_GAN 2.58288
gen_loss_L1 0.43563
recording summary
progress  epoch 1  step 10500  image/sec 3.2  remaining 1454683m
discrim_loss 0.486594
gen_loss_GAN 2.58819
gen_loss_L1 0.435808
progress  epoch 1  step 10550  image/sec 3.2  remaining 1454501m
discrim_loss 0.533628
gen_loss_GAN 2.61861
gen_loss_L1 0.431843
recording summary
progress  epoch 1  step 10600  image/sec 3.2  remaining 1454615m
discrim_loss 0.464982
gen_loss_GAN 2.7807
gen_loss_L1 0.430033
progress  epoch 1  step 10650  image/sec 3.2  remaining 1454430m
discrim_loss 0.453115
gen_loss_GAN 2.79349
gen_loss_L1 0.432764
recording summary
progress  epoch 1  step 10700  image/sec 3.2  remaining 1454564m
discrim_loss 0.432887
gen_loss_GAN 2.776
gen_loss_L1 0.438991
progress  epoch 1  step 10750  image/sec 3.2  remaining 1454369m
discrim_loss 0.443033
gen_loss_GAN 2.83515
gen_loss_L1 0.433251
recording summary
progress  epoch 1  step 10800  image/sec 3.2  remaining 1454496m
discrim_loss 0.464541
gen_loss_GAN 2.79746
gen_loss_L1 0.433194
progress  epoch 1  step 10850  image/sec 3.2  remaining 1454327m
discrim_loss 0.466973
gen_loss_GAN 2.65397
gen_loss_L1 0.435652
recording summary
progress  epoch 1  step 10900  image/sec 3.2  remaining 1454444m
discrim_loss 0.487128
gen_loss_GAN 2.63551
gen_loss_L1 0.435919
progress  epoch 1  step 10950  image/sec 3.2  remaining 1454268m
discrim_loss 0.515926
gen_loss_GAN 2.62045
gen_loss_L1 0.434031
recording summary
saving display images
progress  epoch 1  step 11000  image/sec 3.2  remaining 1454421m
discrim_loss 0.539233
gen_loss_GAN 2.54311
gen_loss_L1 0.438206
progress  epoch 1  step 11050  image/sec 3.2  remaining 1454244m
discrim_loss 0.521929
gen_loss_GAN 2.51294
gen_loss_L1 0.437502
recording summary
progress  epoch 1  step 11100  image/sec 3.2  remaining 1454373m
discrim_loss 0.488129
gen_loss_GAN 2.56122
gen_loss_L1 0.437189
progress  epoch 1  step 11150  image/sec 3.2  remaining 1454199m
discrim_loss 0.471875
gen_loss_GAN 2.67375
gen_loss_L1 0.438466
recording summary
progress  epoch 1  step 11200  image/sec 3.2  remaining 1454321m
discrim_loss 0.49207
gen_loss_GAN 2.60456
gen_loss_L1 0.439372
progress  epoch 1  step 11250  image/sec 3.2  remaining 1454149m
discrim_loss 0.487876
gen_loss_GAN 2.58569
gen_loss_L1 0.440272
recording summary
progress  epoch 1  step 11300  image/sec 3.2  remaining 1454272m
discrim_loss 0.472025
gen_loss_GAN 2.72027
gen_loss_L1 0.438918
progress  epoch 1  step 11350  image/sec 3.2  remaining 1454105m
discrim_loss 0.466144
gen_loss_GAN 2.66234
gen_loss_L1 0.439011
recording summary
progress  epoch 1  step 11400  image/sec 3.2  remaining 1454208m
discrim_loss 0.450145
gen_loss_GAN 2.75701
gen_loss_L1 0.442184
progress  epoch 1  step 11450  image/sec 3.2  remaining 1454050m
discrim_loss 0.465263
gen_loss_GAN 2.71214
gen_loss_L1 0.439231
recording summary
progress  epoch 1  step 11500  image/sec 3.2  remaining 1454152m
discrim_loss 0.433457
gen_loss_GAN 2.78387
gen_loss_L1 0.434796
progress  epoch 1  step 11550  image/sec 3.2  remaining 1453992m
discrim_loss 0.470854
gen_loss_GAN 2.71295
gen_loss_L1 0.430907
recording summary
progress  epoch 1  step 11600  image/sec 3.2  remaining 1454109m
discrim_loss 0.482553
gen_loss_GAN 2.62946
gen_loss_L1 0.435358
progress  epoch 1  step 11650  image/sec 3.2  remaining 1453938m
discrim_loss 0.486667
gen_loss_GAN 2.58219
gen_loss_L1 0.439278
recording summary
progress  epoch 1  step 11700  image/sec 3.2  remaining 1454066m
discrim_loss 0.434623
gen_loss_GAN 2.8625
gen_loss_L1 0.434853
progress  epoch 1  step 11750  image/sec 3.2  remaining 1453919m
discrim_loss 0.437771
gen_loss_GAN 2.77531
gen_loss_L1 0.435641
recording summary
progress  epoch 1  step 11800  image/sec 3.2  remaining 1454008m
discrim_loss 0.471622
gen_loss_GAN 2.82641
gen_loss_L1 0.433348
progress  epoch 1  step 11850  image/sec 3.2  remaining 1453856m
discrim_loss 0.387942
gen_loss_GAN 3.1998
gen_loss_L1 0.428165
recording summary
progress  epoch 1  step 11900  image/sec 3.2  remaining 1454002m
discrim_loss 0.431311
gen_loss_GAN 3.01563
gen_loss_L1 0.432488
progress  epoch 1  step 11950  image/sec 3.2  remaining 1453846m
discrim_loss 0.450993
gen_loss_GAN 2.90251
gen_loss_L1 0.434833
recording summary
saving display images
progress  epoch 1  step 12000  image/sec 3.2  remaining 1454016m
discrim_loss 0.459866
gen_loss_GAN 2.82188
gen_loss_L1 0.430188
progress  epoch 1  step 12050  image/sec 3.2  remaining 1453864m
discrim_loss 0.504202
gen_loss_GAN 2.71843
gen_loss_L1 0.42582
recording summary
progress  epoch 1  step 12100  image/sec 3.2  remaining 1453972m
discrim_loss 0.564664
gen_loss_GAN 2.60826
gen_loss_L1 0.427173
progress  epoch 1  step 12150  image/sec 3.2  remaining 1453811m
discrim_loss 0.503611
gen_loss_GAN 2.73358
gen_loss_L1 0.430789
recording summary
progress  epoch 1  step 12200  image/sec 3.2  remaining 1453911m
discrim_loss 0.479016
gen_loss_GAN 2.79559
gen_loss_L1 0.431273
progress  epoch 1  step 12250  image/sec 3.2  remaining 1453761m
discrim_loss 0.495197
gen_loss_GAN 2.79626
gen_loss_L1 0.435047
recording summary
progress  epoch 1  step 12300  image/sec 3.2  remaining 1453865m
discrim_loss 0.547474
gen_loss_GAN 2.72331
gen_loss_L1 0.433729
progress  epoch 1  step 12350  image/sec 3.2  remaining 1453709m
discrim_loss 0.54964
gen_loss_GAN 2.71411
gen_loss_L1 0.432981
recording summary
progress  epoch 1  step 12400  image/sec 3.2  remaining 1453812m
discrim_loss 0.512304
gen_loss_GAN 2.65232
gen_loss_L1 0.430208
progress  epoch 1  step 12450  image/sec 3.2  remaining 1453654m
discrim_loss 0.48973
gen_loss_GAN 2.62117
gen_loss_L1 0.434968
recording summary
progress  epoch 1  step 12500  image/sec 3.2  remaining 1453765m
discrim_loss 0.483062
gen_loss_GAN 2.6927
gen_loss_L1 0.431617
progress  epoch 1  step 12550  image/sec 3.2  remaining 1453616m
discrim_loss 0.520603
gen_loss_GAN 2.72257
gen_loss_L1 0.430003
recording summary
progress  epoch 1  step 12600  image/sec 3.2  remaining 1453709m
discrim_loss 0.496636
gen_loss_GAN 2.68568
gen_loss_L1 0.428689
progress  epoch 1  step 12650  image/sec 3.2  remaining 1453561m
discrim_loss 0.441877
gen_loss_GAN 2.77381
gen_loss_L1 0.427279
recording summary
progress  epoch 1  step 12700  image/sec 3.2  remaining 1453657m
discrim_loss 0.446882
gen_loss_GAN 2.72735
gen_loss_L1 0.428499
progress  epoch 1  step 12750  image/sec 3.2  remaining 1453515m
discrim_loss 0.467423
gen_loss_GAN 2.67486
gen_loss_L1 0.42533
recording summary
progress  epoch 1  step 12800  image/sec 3.2  remaining 1453624m
discrim_loss 0.455332
gen_loss_GAN 2.70673
gen_loss_L1 0.428336
progress  epoch 1  step 12850  image/sec 3.2  remaining 1453486m
discrim_loss 0.488334
gen_loss_GAN 2.6546
gen_loss_L1 0.430378
recording summary
progress  epoch 1  step 12900  image/sec 3.2  remaining 1453575m
discrim_loss 0.462578
gen_loss_GAN 2.65362
gen_loss_L1 0.426742
progress  epoch 1  step 12950  image/sec 3.2  remaining 1453432m
discrim_loss 0.452659
gen_loss_GAN 2.65211
gen_loss_L1 0.428421
recording summary
saving display images
progress  epoch 1  step 13000  image/sec 3.2  remaining 1453600m
discrim_loss 0.440486
gen_loss_GAN 2.75437
gen_loss_L1 0.426472
progress  epoch 1  step 13050  image/sec 3.2  remaining 1453452m
discrim_loss 0.450221
gen_loss_GAN 2.99906
gen_loss_L1 0.422898
recording summary
progress  epoch 1  step 13100  image/sec 3.2  remaining 1453552m
discrim_loss 0.503439
gen_loss_GAN 2.86999
gen_loss_L1 0.427716
progress  epoch 1  step 13150  image/sec 3.2  remaining 1453405m
discrim_loss 0.44219
gen_loss_GAN 2.7866
gen_loss_L1 0.434556
recording summary
progress  epoch 1  step 13200  image/sec 3.2  remaining 1453500m
discrim_loss 0.494553
gen_loss_GAN 2.697
gen_loss_L1 0.432776
progress  epoch 1  step 13250  image/sec 3.2  remaining 1453353m
discrim_loss 0.412882
gen_loss_GAN 2.88137
gen_loss_L1 0.432813
recording summary
progress  epoch 1  step 13300  image/sec 3.2  remaining 1453456m
discrim_loss 0.439643
gen_loss_GAN 2.83592
gen_loss_L1 0.432033
progress  epoch 1  step 13350  image/sec 3.2  remaining 1453316m
discrim_loss 0.442758
gen_loss_GAN 2.77165
gen_loss_L1 0.430616
recording summary
progress  epoch 1  step 13400  image/sec 3.2  remaining 1453418m
discrim_loss 0.433657
gen_loss_GAN 2.79337
gen_loss_L1 0.431321
progress  epoch 1  step 13450  image/sec 3.2  remaining 1453277m
discrim_loss 0.436197
gen_loss_GAN 2.84195
gen_loss_L1 0.433318
recording summary
progress  epoch 1  step 13500  image/sec 3.2  remaining 1453366m
discrim_loss 0.437159
gen_loss_GAN 2.81172
gen_loss_L1 0.434057
progress  epoch 1  step 13550  image/sec 3.2  remaining 1453229m
discrim_loss 0.478324
gen_loss_GAN 2.75664
gen_loss_L1 0.427836
recording summary
progress  epoch 1  step 13600  image/sec 3.2  remaining 1453323m
discrim_loss 0.51638
gen_loss_GAN 2.71208
gen_loss_L1 0.425816
progress  epoch 1  step 13650  image/sec 3.2  remaining 1453177m
discrim_loss 0.479345
gen_loss_GAN 2.70424
gen_loss_L1 0.426749
recording summary
progress  epoch 1  step 13700  image/sec 3.2  remaining 1453262m
discrim_loss 0.475029
gen_loss_GAN 2.71175
gen_loss_L1 0.431313
progress  epoch 1  step 13750  image/sec 3.2  remaining 1453132m
discrim_loss 0.480088
gen_loss_GAN 2.7762
gen_loss_L1 0.428411
recording summary
progress  epoch 1  step 13800  image/sec 3.2  remaining 1453228m
discrim_loss 0.476284
gen_loss_GAN 2.72624
gen_loss_L1 0.428555
progress  epoch 1  step 13850  image/sec 3.2  remaining 1453089m
discrim_loss 0.394355
gen_loss_GAN 3.18244
gen_loss_L1 0.427774
recording summary
progress  epoch 1  step 13900  image/sec 3.2  remaining 1453179m
discrim_loss 0.410049
gen_loss_GAN 3.37658
gen_loss_L1 0.425723
progress  epoch 1  step 13950  image/sec 3.2  remaining 1453044m
discrim_loss 0.459945
gen_loss_GAN 3.18095
gen_loss_L1 0.425163
recording summary
saving display images
progress  epoch 1  step 14000  image/sec 3.2  remaining 1453155m
discrim_loss 0.46439
gen_loss_GAN 3.0332
gen_loss_L1 0.421121
progress  epoch 1  step 14050  image/sec 3.2  remaining 1453029m
discrim_loss 0.427867
gen_loss_GAN 3.02774
gen_loss_L1 0.423232
recording summary
progress  epoch 1  step 14100  image/sec 3.2  remaining 1453108m
discrim_loss 0.447207
gen_loss_GAN 2.93064
gen_loss_L1 0.427812
progress  epoch 1  step 14150  image/sec 3.2  remaining 1452984m
discrim_loss 0.463859
gen_loss_GAN 2.93327
gen_loss_L1 0.425373
recording summary
progress  epoch 1  step 14200  image/sec 3.2  remaining 1453071m
discrim_loss 0.475895
gen_loss_GAN 2.78017
gen_loss_L1 0.42349
progress  epoch 1  step 14250  image/sec 3.2  remaining 1452931m
discrim_loss 0.452932
gen_loss_GAN 2.85324
gen_loss_L1 0.421088
recording summary
progress  epoch 1  step 14300  image/sec 3.2  remaining 1453016m
discrim_loss 0.44953
gen_loss_GAN 2.84436
gen_loss_L1 0.426591
progress  epoch 1  step 14350  image/sec 3.2  remaining 1452885m
discrim_loss 0.407803
gen_loss_GAN 2.995
gen_loss_L1 0.4264
recording summary
progress  epoch 1  step 14400  image/sec 3.2  remaining 1452989m
discrim_loss 0.449156
gen_loss_GAN 2.89695
gen_loss_L1 0.421296
progress  epoch 1  step 14450  image/sec 3.2  remaining 1452853m
discrim_loss 0.537672
gen_loss_GAN 2.68546
gen_loss_L1 0.426572
recording summary
progress  epoch 1  step 14500  image/sec 3.2  remaining 1452942m
discrim_loss 0.486551
gen_loss_GAN 2.73311
gen_loss_L1 0.422758
progress  epoch 1  step 14550  image/sec 3.2  remaining 1452821m
discrim_loss 0.465063
gen_loss_GAN 2.74248
gen_loss_L1 0.42478
recording summary
progress  epoch 1  step 14600  image/sec 3.2  remaining 1452897m
discrim_loss 0.474214
gen_loss_GAN 2.68306
gen_loss_L1 0.425463
progress  epoch 1  step 14650  image/sec 3.2  remaining 1452767m
discrim_loss 0.497734
gen_loss_GAN 2.6638
gen_loss_L1 0.420413
recording summary
progress  epoch 1  step 14700  image/sec 3.2  remaining 1452860m
discrim_loss 0.449637
gen_loss_GAN 2.81681
gen_loss_L1 0.42385
progress  epoch 1  step 14750  image/sec 3.2  remaining 1452723m
discrim_loss 0.505876
gen_loss_GAN 2.77859
gen_loss_L1 0.422094
recording summary
progress  epoch 1  step 14800  image/sec 3.2  remaining 1452812m
discrim_loss 0.398416
gen_loss_GAN 3.27347
gen_loss_L1 0.417643
progress  epoch 1  step 14850  image/sec 3.2  remaining 1452688m
discrim_loss 0.457593
gen_loss_GAN 3.08156
gen_loss_L1 0.42023
recording summary
progress  epoch 1  step 14900  image/sec 3.2  remaining 1452800m
discrim_loss 0.416815
gen_loss_GAN 3.03584
gen_loss_L1 0.431855
progress  epoch 1  step 14950  image/sec 3.2  remaining 1452681m
discrim_loss 0.453095
gen_loss_GAN 2.92577
gen_loss_L1 0.426709
recording summary
saving display images
progress  epoch 1  step 15000  image/sec 3.2  remaining 1452792m
discrim_loss 0.509744
gen_loss_GAN 2.75968
gen_loss_L1 0.422112
saving model
evaluating results
progress  epoch 1  step 15050  image/sec 3.2  remaining 1453614m
discrim_loss 0.495295
gen_loss_GAN 2.75685
gen_loss_L1 0.420439
recording summary
progress  epoch 1  step 15100  image/sec 3.2  remaining 1453692m
discrim_loss 0.494361
gen_loss_GAN 2.81791
gen_loss_L1 0.422132
progress  epoch 1  step 15150  image/sec 3.2  remaining 1453570m
discrim_loss 0.516345
gen_loss_GAN 2.78239
gen_loss_L1 0.418457
recording summary
progress  epoch 1  step 15200  image/sec 3.2  remaining 1453663m
discrim_loss 0.493117
gen_loss_GAN 2.66557
gen_loss_L1 0.422362
progress  epoch 1  step 15250  image/sec 3.2  remaining 1453538m
discrim_loss 0.510092
gen_loss_GAN 2.63585
gen_loss_L1 0.423542
recording summary
progress  epoch 1  step 15300  image/sec 3.2  remaining 1453663m
discrim_loss 0.415399
gen_loss_GAN 2.77846
gen_loss_L1 0.423513
progress  epoch 1  step 15350  image/sec 3.2  remaining 1453538m
discrim_loss 0.413842
gen_loss_GAN 2.69727
gen_loss_L1 0.42402
recording summary
progress  epoch 1  step 15400  image/sec 3.2  remaining 1453614m
discrim_loss 0.392592
gen_loss_GAN 3.11842
gen_loss_L1 0.421428
progress  epoch 1  step 15450  image/sec 3.2  remaining 1453484m
discrim_loss 0.438137
gen_loss_GAN 3.0658
gen_loss_L1 0.419791
recording summary
progress  epoch 1  step 15500  image/sec 3.2  remaining 1453620m
discrim_loss 0.46913
gen_loss_GAN 2.91968
gen_loss_L1 0.418561
progress  epoch 1  step 15550  image/sec 3.2  remaining 1453492m
discrim_loss 0.560585
gen_loss_GAN 2.80956
gen_loss_L1 0.412522
recording summary
progress  epoch 1  step 15600  image/sec 3.2  remaining 1453584m
discrim_loss 0.538519
gen_loss_GAN 2.77792
gen_loss_L1 0.417447
progress  epoch 1  step 15650  image/sec 3.2  remaining 1453458m
discrim_loss 0.550791
gen_loss_GAN 2.7706
gen_loss_L1 0.424293
recording summary
progress  epoch 1  step 15700  image/sec 3.2  remaining 1453531m
discrim_loss 0.558888
gen_loss_GAN 2.65378
gen_loss_L1 0.421179
progress  epoch 1  step 15750  image/sec 3.2  remaining 1453406m
discrim_loss 0.53344
gen_loss_GAN 2.6555
gen_loss_L1 0.418413
recording summary
progress  epoch 1  step 15800  image/sec 3.2  remaining 1453489m
discrim_loss 0.480016
gen_loss_GAN 2.76447
gen_loss_L1 0.420031
progress  epoch 1  step 15850  image/sec 3.2  remaining 1453366m
discrim_loss 0.468259
gen_loss_GAN 2.771
gen_loss_L1 0.426283
recording summary
progress  epoch 1  step 15900  image/sec 3.2  remaining 1453445m
discrim_loss 0.4683
gen_loss_GAN 2.76671
gen_loss_L1 0.423618
progress  epoch 1  step 15950  image/sec 3.2  remaining 1453318m
discrim_loss 0.430491
gen_loss_GAN 2.94486
gen_loss_L1 0.42166
recording summary
saving display images
progress  epoch 1  step 16000  image/sec 3.2  remaining 1453417m
discrim_loss 0.511377
gen_loss_GAN 2.77452
gen_loss_L1 0.417352
progress  epoch 1  step 16050  image/sec 3.2  remaining 1453305m
discrim_loss 0.520437
gen_loss_GAN 2.67456
gen_loss_L1 0.418557
recording summary
progress  epoch 1  step 16100  image/sec 3.2  remaining 1453381m
discrim_loss 0.516932
gen_loss_GAN 2.67661
gen_loss_L1 0.415523
progress  epoch 1  step 16150  image/sec 3.2  remaining 1453265m
discrim_loss 0.495515
gen_loss_GAN 2.79622
gen_loss_L1 0.420448
recording summary
progress  epoch 1  step 16200  image/sec 3.2  remaining 1453339m
discrim_loss 0.460592
gen_loss_GAN 2.76215
gen_loss_L1 0.423777
progress  epoch 1  step 16250  image/sec 3.2  remaining 1453223m
discrim_loss 0.507807
gen_loss_GAN 2.68352
gen_loss_L1 0.42149
recording summary
progress  epoch 1  step 16300  image/sec 3.2  remaining 1453303m
discrim_loss 0.496746
gen_loss_GAN 2.62167
gen_loss_L1 0.421216
progress  epoch 1  step 16350  image/sec 3.2  remaining 1453187m
discrim_loss 0.507381
gen_loss_GAN 2.59674
gen_loss_L1 0.417044
recording summary
progress  epoch 1  step 16400  image/sec 3.2  remaining 1453272m
discrim_loss 0.468017
gen_loss_GAN 2.65823
gen_loss_L1 0.416213
progress  epoch 1  step 16450  image/sec 3.2  remaining 1453160m
discrim_loss 0.424486
gen_loss_GAN 2.86822
gen_loss_L1 0.415391
recording summary
progress  epoch 1  step 16500  image/sec 3.2  remaining 1453236m
discrim_loss 0.461365
gen_loss_GAN 2.81372
gen_loss_L1 0.41789
progress  epoch 1  step 16550  image/sec 3.2  remaining 1453120m
discrim_loss 0.487225
gen_loss_GAN 2.82238
gen_loss_L1 0.417646
recording summary
progress  epoch 1  step 16600  image/sec 3.2  remaining 1453207m
discrim_loss 0.511326
gen_loss_GAN 2.65761
gen_loss_L1 0.417537
progress  epoch 1  step 16650  image/sec 3.2  remaining 1453095m
discrim_loss 0.452706
gen_loss_GAN 2.92417
gen_loss_L1 0.414742
recording summary
progress  epoch 1  step 16700  image/sec 3.2  remaining 1453170m
discrim_loss 0.480699
gen_loss_GAN 2.8125
gen_loss_L1 0.422604
progress  epoch 1  step 16750  image/sec 3.2  remaining 1453059m
discrim_loss 0.493055
gen_loss_GAN 2.75634
gen_loss_L1 0.416279
recording summary
progress  epoch 1  step 16800  image/sec 3.2  remaining 1453144m
discrim_loss 0.511359
gen_loss_GAN 2.75077
gen_loss_L1 0.417601
progress  epoch 1  step 16850  image/sec 3.2  remaining 1453032m
discrim_loss 0.485353
gen_loss_GAN 2.71867
gen_loss_L1 0.415562
recording summary
progress  epoch 1  step 16900  image/sec 3.2  remaining 1453128m
discrim_loss 0.443479
gen_loss_GAN 2.82609
gen_loss_L1 0.41662
progress  epoch 1  step 16950  image/sec 3.2  remaining 1453017m
discrim_loss 0.482267
gen_loss_GAN 2.70526
gen_loss_L1 0.420597
recording summary
saving display images
progress  epoch 1  step 17000  image/sec 3.2  remaining 1453136m
discrim_loss 0.486344
gen_loss_GAN 2.77114
gen_loss_L1 0.420997
progress  epoch 1  step 17050  image/sec 3.2  remaining 1453022m
discrim_loss 0.488148
gen_loss_GAN 2.81724
gen_loss_L1 0.422724
recording summary
progress  epoch 1  step 17100  image/sec 3.2  remaining 1453104m
discrim_loss 0.514959
gen_loss_GAN 2.73906
gen_loss_L1 0.425525
progress  epoch 1  step 17150  image/sec 3.2  remaining 1452988m
discrim_loss 0.514578
gen_loss_GAN 2.69247
gen_loss_L1 0.42424
recording summary
progress  epoch 1  step 17200  image/sec 3.2  remaining 1453062m
discrim_loss 0.502087
gen_loss_GAN 2.75369
gen_loss_L1 0.419848
progress  epoch 1  step 17250  image/sec 3.2  remaining 1452954m
discrim_loss 0.481332
gen_loss_GAN 2.70265
gen_loss_L1 0.42412
recording summary
progress  epoch 1  step 17300  image/sec 3.2  remaining 1453028m
discrim_loss 0.451254
gen_loss_GAN 2.79458
gen_loss_L1 0.428324
progress  epoch 1  step 17350  image/sec 3.2  remaining 1452919m
discrim_loss 0.435604
gen_loss_GAN 2.98968
gen_loss_L1 0.425617
recording summary
progress  epoch 1  step 17400  image/sec 3.2  remaining 1452989m