Time is Tue Sep 4 20:30:02 CST 2018
Directory is /ghome/liyh
This job runs on following nodes:
G141
G141-gpu15
G141-gpu14
G141-gpu13
G141-gpu12
G141-gpu11
G141-gpu10
G141-gpu9
G141-gpu8
aspect_ratio = 1.0
batch_size = 1
beta1 = 0.5
channel_fac = 16
checkpoint = None
discriminator = conv
display_freq = 1000
double_D = True
flip = True
gan_weight = 1.0
generator = sa_I
input_dir = /gdata/liyh/data/CelebA/data/train
input_type = df
l1_weight = 100.0
load_tfrecord = True
lr = 0.0002
max_epochs = 2000
max_steps = None
mode = train
monochrome = False
ndf = 64
ngf = 64
num_examples = 141633
num_unet = 10
output_dir = /gdata/liyh/data/CelebA/atten/checkpoint/sa_x_df
output_filetype = png
progress_freq = 50
save_freq = 5000
scale_size = 256
seed = 1124369534
summary_freq = 100
trace_freq = 0
which_direction = AtoB
Tensor("ParseSingleExample/Squeeze_height:0", shape=(), dtype=int64) Tensor("ParseSingleExample/Squeeze_width:0", shape=(), dtype=int64)
examples count = 34
Shape of beta........................................... (1, 4096, 4096)
Shape of beta........................................... (1, 1024, 1024)
Shape of beta........................................... (1, 256, 256)
Shape of beta........................................... (1, 64, 64)
Shape of beta........................................... (1, 16, 16)
Shape of beta........................................... (1, 64, 64)
Shape of beta........................................... (1, 256, 256)
Shape of beta........................................... (1, 1024, 1024)
Shape of beta........................................... (1, 4096, 4096)
Shape of beta........................................... (1, 16384, 16384)
length of beta list.................. 10
parameter_count = 204781546
