/usr/lib/python3.6/importlib/_bootstrap.py:219: RuntimeWarning: compiletime version 3.5 of module 'tensorflow.python.framework.fast_tensor_util' does not match runtime version 3.6
  return f(*args, **kwds)
WARNING:tensorflow:From p2p_att.py:195: TFRecordDataset.__init__ (from tensorflow.contrib.data.python.ops.readers) is deprecated and will be removed in a future version.
Instructions for updating:
Use `tf.data.TFRecordDataset`.
WARNING:tensorflow:From p2p_att.py:696: get_or_create_global_step (from tensorflow.contrib.framework.python.ops.variables) is deprecated and will be removed in a future version.
Instructions for updating:
Please switch to tf.train.get_or_create_global_step
2018-08-30 15:09:47.344564: I tensorflow/core/platform/cpu_feature_guard.cc:137] Your CPU supports instructions that this TensorFlow binary was not compiled to use: SSE4.1 SSE4.2 AVX AVX2 FMA
2018-08-30 15:09:47.875923: I tensorflow/core/common_runtime/gpu/gpu_device.cc:1030] Found device 0 with properties: 
name: GeForce GTX 1080 Ti major: 6 minor: 1 memoryClockRate(GHz): 1.62
pciBusID: 0000:05:00.0
totalMemory: 10.92GiB freeMemory: 10.76GiB
2018-08-30 15:09:48.140128: I tensorflow/core/common_runtime/gpu/gpu_device.cc:1030] Found device 1 with properties: 
name: GeForce GTX 1080 Ti major: 6 minor: 1 memoryClockRate(GHz): 1.62
pciBusID: 0000:04:00.0
totalMemory: 10.92GiB freeMemory: 10.76GiB
2018-08-30 15:09:48.147427: I tensorflow/core/common_runtime/gpu/gpu_device.cc:1045] Device peer to peer matrix
2018-08-30 15:09:48.148238: I tensorflow/core/common_runtime/gpu/gpu_device.cc:1051] DMA: 0 1 
2018-08-30 15:09:48.148275: I tensorflow/core/common_runtime/gpu/gpu_device.cc:1061] 0:   Y Y 
2018-08-30 15:09:48.148298: I tensorflow/core/common_runtime/gpu/gpu_device.cc:1061] 1:   Y Y 
2018-08-30 15:09:48.148331: I tensorflow/core/common_runtime/gpu/gpu_device.cc:1120] Creating TensorFlow device (/device:GPU:0) -> (device: 0, name: GeForce GTX 1080 Ti, pci bus id: 0000:05:00.0, compute capability: 6.1)
2018-08-30 15:09:48.148346: I tensorflow/core/common_runtime/gpu/gpu_device.cc:1120] Creating TensorFlow device (/device:GPU:1) -> (device: 1, name: GeForce GTX 1080 Ti, pci bus id: 0000:04:00.0, compute capability: 6.1)
2018-08-30 15:25:30.947163: I tensorflow/stream_executor/dso_loader.cc:129] Couldn't open CUDA library libcupti.so.8.0. LD_LIBRARY_PATH: /usr/local/nvidia/lib:/usr/local/nvidia/lib64
2018-08-30 15:25:30.948086: F ./tensorflow/stream_executor/lib/statusor.h:212] Non-OK-status: status_ status: Failed precondition: could not dlopen DSO: libcupti.so.8.0; dlerror: libcupti.so.8.0: cannot open shared object file: No such file or directory
/gdata/liyh/project/p2p/summit/atten/exp-0000/train.sh: line 15:     6 Aborted                 (core dumped) python p2p_att.py --mode train --output_dir /gdata/liyh/data/CelebA/atten/checkpoint/exp-0000 --max_epochs 2000 --input_dir /gdata/liyh/data/CelebA/data/train --batch_size 16 --num_examples 141633 --generator sa --input_type df
/usr/lib/python3.6/importlib/_bootstrap.py:219: RuntimeWarning: compiletime version 3.5 of module 'tensorflow.python.framework.fast_tensor_util' does not match runtime version 3.6
  return f(*args, **kwds)
WARNING:tensorflow:From p2p_att.py:222: TFRecordDataset.__init__ (from tensorflow.contrib.data.python.ops.readers) is deprecated and will be removed in a future version.
Instructions for updating:
Use `tf.data.TFRecordDataset`.
WARNING:tensorflow:From p2p_att.py:729: get_or_create_global_step (from tensorflow.contrib.framework.python.ops.variables) is deprecated and will be removed in a future version.
Instructions for updating:
Please switch to tf.train.get_or_create_global_step
2018-09-13 05:15:37.718895: I tensorflow/core/platform/cpu_feature_guard.cc:137] Your CPU supports instructions that this TensorFlow binary was not compiled to use: SSE4.1 SSE4.2 AVX AVX2 FMA
2018-09-13 05:15:38.373998: I tensorflow/core/common_runtime/gpu/gpu_device.cc:1030] Found device 0 with properties: 
name: GeForce GTX 1080 Ti major: 6 minor: 1 memoryClockRate(GHz): 1.62
pciBusID: 0000:86:00.0
totalMemory: 10.92GiB freeMemory: 10.76GiB
2018-09-13 05:15:38.688953: I tensorflow/core/common_runtime/gpu/gpu_device.cc:1030] Found device 1 with properties: 
name: GeForce GTX 1080 Ti major: 6 minor: 1 memoryClockRate(GHz): 1.62
pciBusID: 0000:85:00.0
totalMemory: 10.92GiB freeMemory: 10.76GiB
2018-09-13 05:15:38.690622: I tensorflow/core/common_runtime/gpu/gpu_device.cc:1045] Device peer to peer matrix
2018-09-13 05:15:38.691575: I tensorflow/core/common_runtime/gpu/gpu_device.cc:1051] DMA: 0 1 
2018-09-13 05:15:38.691616: I tensorflow/core/common_runtime/gpu/gpu_device.cc:1061] 0:   Y Y 
2018-09-13 05:15:38.691641: I tensorflow/core/common_runtime/gpu/gpu_device.cc:1061] 1:   Y Y 
2018-09-13 05:15:38.691677: I tensorflow/core/common_runtime/gpu/gpu_device.cc:1120] Creating TensorFlow device (/device:GPU:0) -> (device: 0, name: GeForce GTX 1080 Ti, pci bus id: 0000:86:00.0, compute capability: 6.1)
2018-09-13 05:15:38.691697: I tensorflow/core/common_runtime/gpu/gpu_device.cc:1120] Creating TensorFlow device (/device:GPU:1) -> (device: 1, name: GeForce GTX 1080 Ti, pci bus id: 0000:85:00.0, compute capability: 6.1)
Traceback (most recent call last):
  File "p2p_att.py", line 1082, in <module>
  File "p2p_att.py", line 1056, in main
    append_index(filesets, step=True)
  File "p2p_att.py", line 756, in save_images
    fn = ''.join(chr(n) for n in fn)
KeyError: 'filenames'
/usr/lib/python3.6/importlib/_bootstrap.py:219: RuntimeWarning: compiletime version 3.5 of module 'tensorflow.python.framework.fast_tensor_util' does not match runtime version 3.6
  return f(*args, **kwds)
WARNING:tensorflow:From p2p_att.py:223: TFRecordDataset.__init__ (from tensorflow.contrib.data.python.ops.readers) is deprecated and will be removed in a future version.
Instructions for updating:
Use `tf.data.TFRecordDataset`.
WARNING:tensorflow:From p2p_att.py:728: get_or_create_global_step (from tensorflow.contrib.framework.python.ops.variables) is deprecated and will be removed in a future version.
Instructions for updating:
Please switch to tf.train.get_or_create_global_step
2018-09-13 06:51:34.526309: I tensorflow/core/platform/cpu_feature_guard.cc:137] Your CPU supports instructions that this TensorFlow binary was not compiled to use: SSE4.1 SSE4.2 AVX AVX2 FMA
2018-09-13 06:51:35.081493: I tensorflow/core/common_runtime/gpu/gpu_device.cc:1030] Found device 0 with properties: 
name: GeForce GTX 1080 Ti major: 6 minor: 1 memoryClockRate(GHz): 1.62
pciBusID: 0000:86:00.0
totalMemory: 10.92GiB freeMemory: 10.76GiB
2018-09-13 06:51:35.470904: I tensorflow/core/common_runtime/gpu/gpu_device.cc:1030] Found device 1 with properties: 
name: GeForce GTX 1080 Ti major: 6 minor: 1 memoryClockRate(GHz): 1.62
pciBusID: 0000:85:00.0
totalMemory: 10.92GiB freeMemory: 10.76GiB
2018-09-13 06:51:35.472560: I tensorflow/core/common_runtime/gpu/gpu_device.cc:1045] Device peer to peer matrix
2018-09-13 06:51:35.472613: I tensorflow/core/common_runtime/gpu/gpu_device.cc:1051] DMA: 0 1 
2018-09-13 06:51:35.472628: I tensorflow/core/common_runtime/gpu/gpu_device.cc:1061] 0:   Y Y 
2018-09-13 06:51:35.472638: I tensorflow/core/common_runtime/gpu/gpu_device.cc:1061] 1:   Y Y 
2018-09-13 06:51:35.472658: I tensorflow/core/common_runtime/gpu/gpu_device.cc:1120] Creating TensorFlow device (/device:GPU:0) -> (device: 0, name: GeForce GTX 1080 Ti, pci bus id: 0000:86:00.0, compute capability: 6.1)
2018-09-13 06:51:35.472672: I tensorflow/core/common_runtime/gpu/gpu_device.cc:1120] Creating TensorFlow device (/device:GPU:1) -> (device: 1, name: GeForce GTX 1080 Ti, pci bus id: 0000:85:00.0, compute capability: 6.1)
/usr/lib/python3.6/importlib/_bootstrap.py:219: RuntimeWarning: compiletime version 3.5 of module 'tensorflow.python.framework.fast_tensor_util' does not match runtime version 3.6
  return f(*args, **kwds)
WARNING:tensorflow:From p2p_att.py:223: TFRecordDataset.__init__ (from tensorflow.contrib.data.python.ops.readers) is deprecated and will be removed in a future version.
Instructions for updating:
Use `tf.data.TFRecordDataset`.
WARNING:tensorflow:From p2p_att.py:728: get_or_create_global_step (from tensorflow.contrib.framework.python.ops.variables) is deprecated and will be removed in a future version.
Instructions for updating:
Please switch to tf.train.get_or_create_global_step
2018-09-13 06:53:33.256011: I tensorflow/core/platform/cpu_feature_guard.cc:137] Your CPU supports instructions that this TensorFlow binary was not compiled to use: SSE4.1 SSE4.2 AVX AVX2 FMA
2018-09-13 06:53:33.916157: I tensorflow/core/common_runtime/gpu/gpu_device.cc:1030] Found device 0 with properties: 
name: GeForce GTX 1080 Ti major: 6 minor: 1 memoryClockRate(GHz): 1.62
pciBusID: 0000:86:00.0
totalMemory: 10.92GiB freeMemory: 10.76GiB
2018-09-13 06:53:34.358395: I tensorflow/core/common_runtime/gpu/gpu_device.cc:1030] Found device 1 with properties: 
name: GeForce GTX 1080 Ti major: 6 minor: 1 memoryClockRate(GHz): 1.62
pciBusID: 0000:85:00.0
totalMemory: 10.92GiB freeMemory: 10.76GiB
2018-09-13 06:53:34.360146: I tensorflow/core/common_runtime/gpu/gpu_device.cc:1045] Device peer to peer matrix
2018-09-13 06:53:34.360200: I tensorflow/core/common_runtime/gpu/gpu_device.cc:1051] DMA: 0 1 
2018-09-13 06:53:34.360213: I tensorflow/core/common_runtime/gpu/gpu_device.cc:1061] 0:   Y Y 
2018-09-13 06:53:34.360234: I tensorflow/core/common_runtime/gpu/gpu_device.cc:1061] 1:   Y Y 
2018-09-13 06:53:34.360258: I tensorflow/core/common_runtime/gpu/gpu_device.cc:1120] Creating TensorFlow device (/device:GPU:0) -> (device: 0, name: GeForce GTX 1080 Ti, pci bus id: 0000:86:00.0, compute capability: 6.1)
2018-09-13 06:53:34.360270: I tensorflow/core/common_runtime/gpu/gpu_device.cc:1120] Creating TensorFlow device (/device:GPU:1) -> (device: 1, name: GeForce GTX 1080 Ti, pci bus id: 0000:85:00.0, compute capability: 6.1)
=>> PBS: job killed: walltime 604830 exceeded limit 604800
/usr/lib/python3.6/importlib/_bootstrap.py:219: RuntimeWarning: compiletime version 3.5 of module 'tensorflow.python.framework.fast_tensor_util' does not match runtime version 3.6
  return f(*args, **kwds)
WARNING:tensorflow:From p2p_att.py:226: TFRecordDataset.__init__ (from tensorflow.contrib.data.python.ops.readers) is deprecated and will be removed in a future version.
Instructions for updating:
Use `tf.data.TFRecordDataset`.
WARNING:tensorflow:From p2p_att.py:839: get_or_create_global_step (from tensorflow.contrib.framework.python.ops.variables) is deprecated and will be removed in a future version.
Instructions for updating:
Please switch to tf.train.get_or_create_global_step
Traceback (most recent call last):
  File "p2p_att.py", line 1199, in <module>
    main()
  File "p2p_att.py", line 1044, in main
    converted_betas = tf.image.convert_image_dtype(model.beta_list[-1], dtype=tf.uint8, saturate=True)
IndexError: list index out of range
