Time is Tue Sep 4 20:28:02 CST 2018
Directory is /ghome/liyh
This job runs on following nodes:
G125
G125-gpu0
Time is Tue Sep 4 20:31:02 CST 2018
Directory is /ghome/liyh
This job runs on following nodes:
G125
G125-gpu0
aspect_ratio = 1.0
batch_size = 8
beta1 = 0.5
channel_fac = 16
checkpoint = None
discriminator = conv
display_freq = 1000
double_D = True
flip = True
gan_weight = 1.0
generator = mru
input_dir = /gdata/liyh/data/CelebA/data/train
input_type = edge
l1_weight = 100.0
load_tfrecord = True
lr = 0.0002
max_epochs = 2000
max_steps = None
mode = train
monochrome = False
ndf = 64
ngf = 64
num_examples = 141633
num_unet = 10
output_dir = /gdata/liyh/data/CelebA/atten/checkpoint/mru_edge
output_filetype = png
progress_freq = 50
save_freq = 5000
scale_size = 256
seed = 2111876524
summary_freq = 100
trace_freq = 0
which_direction = AtoB
Tensor("ParseSingleExample/Squeeze_height:0", shape=(), dtype=int64) Tensor("ParseSingleExample/Squeeze_width:0", shape=(), dtype=int64)
examples count = 34
length of beta list.................. 0
parameter_count = 246491712
