/usr/local/lib/python3.6/dist-packages/h5py/__init__.py:36: FutureWarning: Conversion of the second argument of issubdtype from `float` to `np.floating` is deprecated. In future, it will be treated as `np.float64 == np.dtype(float).type`.
  from ._conv import register_converters as _register_converters
WARNING:tensorflow:From /gdata/liyh/project/e2p/vgg.py:285: calling reduce_mean (from tensorflow.python.ops.math_ops) with keep_dims is deprecated and will be removed in a future version.
Instructions for updating:
keep_dims is deprecated, use keepdims instead
WARNING:tensorflow:From p2p_att.py:905: get_or_create_global_step (from tensorflow.contrib.framework.python.ops.variables) is deprecated and will be removed in a future version.
Instructions for updating:
Please switch to tf.train.get_or_create_global_step
WARNING:tensorflow:From p2p_att.py:1156: Supervisor.__init__ (from tensorflow.python.training.supervisor) is deprecated and will be removed in a future version.
Instructions for updating:
Please switch to tf.train.MonitoredTrainingSession
2019-02-18 02:29:24.854221: I tensorflow/core/platform/cpu_feature_guard.cc:140] Your CPU supports instructions that this TensorFlow binary was not compiled to use: AVX2 FMA
2019-02-18 02:29:25.539362: I tensorflow/core/common_runtime/gpu/gpu_device.cc:1356] Found device 0 with properties: 
name: Tesla K80 major: 3 minor: 7 memoryClockRate(GHz): 0.8235
pciBusID: 0000:0b:00.0
totalMemory: 11.92GiB freeMemory: 11.85GiB
2019-02-18 02:29:25.817444: I tensorflow/core/common_runtime/gpu/gpu_device.cc:1356] Found device 1 with properties: 
name: Tesla K80 major: 3 minor: 7 memoryClockRate(GHz): 0.8235
pciBusID: 0000:0a:00.0
totalMemory: 11.92GiB freeMemory: 11.85GiB
2019-02-18 02:29:26.092381: I tensorflow/core/common_runtime/gpu/gpu_device.cc:1356] Found device 2 with properties: 
name: Tesla K80 major: 3 minor: 7 memoryClockRate(GHz): 0.8235
pciBusID: 0000:07:00.0
totalMemory: 11.92GiB freeMemory: 11.85GiB
2019-02-18 02:29:26.382560: I tensorflow/core/common_runtime/gpu/gpu_device.cc:1356] Found device 3 with properties: 
name: Tesla K80 major: 3 minor: 7 memoryClockRate(GHz): 0.8235
pciBusID: 0000:06:00.0
totalMemory: 11.92GiB freeMemory: 11.85GiB
2019-02-18 02:29:26.387921: I tensorflow/core/common_runtime/gpu/gpu_device.cc:1435] Adding visible gpu devices: 0, 1, 2, 3
2019-02-18 02:29:27.670504: I tensorflow/core/common_runtime/gpu/gpu_device.cc:923] Device interconnect StreamExecutor with strength 1 edge matrix:
2019-02-18 02:29:27.670579: I tensorflow/core/common_runtime/gpu/gpu_device.cc:929]      0 1 2 3 
2019-02-18 02:29:27.670594: I tensorflow/core/common_runtime/gpu/gpu_device.cc:942] 0:   N Y Y Y 
2019-02-18 02:29:27.670602: I tensorflow/core/common_runtime/gpu/gpu_device.cc:942] 1:   Y N Y Y 
2019-02-18 02:29:27.670609: I tensorflow/core/common_runtime/gpu/gpu_device.cc:942] 2:   Y Y N Y 
2019-02-18 02:29:27.670617: I tensorflow/core/common_runtime/gpu/gpu_device.cc:942] 3:   Y Y Y N 
2019-02-18 02:29:27.671915: I tensorflow/core/common_runtime/gpu/gpu_device.cc:1053] Created TensorFlow device (/job:localhost/replica:0/task:0/device:GPU:0 with 11489 MB memory) -> physical GPU (device: 0, name: Tesla K80, pci bus id: 0000:0b:00.0, compute capability: 3.7)
2019-02-18 02:29:27.674803: I tensorflow/core/common_runtime/gpu/gpu_device.cc:1053] Created TensorFlow device (/job:localhost/replica:0/task:0/device:GPU:1 with 11489 MB memory) -> physical GPU (device: 1, name: Tesla K80, pci bus id: 0000:0a:00.0, compute capability: 3.7)
2019-02-18 02:29:27.677453: I tensorflow/core/common_runtime/gpu/gpu_device.cc:1053] Created TensorFlow device (/job:localhost/replica:0/task:0/device:GPU:2 with 11489 MB memory) -> physical GPU (device: 2, name: Tesla K80, pci bus id: 0000:07:00.0, compute capability: 3.7)
2019-02-18 02:29:27.680131: I tensorflow/core/common_runtime/gpu/gpu_device.cc:1053] Created TensorFlow device (/job:localhost/replica:0/task:0/device:GPU:3 with 11489 MB memory) -> physical GPU (device: 3, name: Tesla K80, pci bus id: 0000:06:00.0, compute capability: 3.7)
2019-02-18 02:30:03.001364: W tensorflow/core/common_runtime/bfc_allocator.cc:275] Allocator (GPU_2_bfc) ran out of memory trying to allocate 32.00GiB.  Current allocation summary follows.
2019-02-18 02:30:03.001532: I tensorflow/core/common_runtime/bfc_allocator.cc:630] Bin (256): 	Total Chunks: 104, Chunks in use: 104. 26.0KiB allocated for chunks. 26.0KiB in use in bin. 7.8KiB client-requested in use in bin.
2019-02-18 02:30:03.001581: I tensorflow/core/common_runtime/bfc_allocator.cc:630] Bin (512): 	Total Chunks: 20, Chunks in use: 19. 10.2KiB allocated for chunks. 9.5KiB in use in bin. 9.5KiB client-requested in use in bin.
2019-02-18 02:30:03.001622: I tensorflow/core/common_runtime/bfc_allocator.cc:630] Bin (1024): 	Total Chunks: 14, Chunks in use: 14. 14.2KiB allocated for chunks. 14.2KiB in use in bin. 14.0KiB client-requested in use in bin.
2019-02-18 02:30:03.001655: I tensorflow/core/common_runtime/bfc_allocator.cc:630] Bin (2048): 	Total Chunks: 0, Chunks in use: 0. 0B allocated for chunks. 0B in use in bin. 0B client-requested in use in bin.
2019-02-18 02:30:03.001690: I tensorflow/core/common_runtime/bfc_allocator.cc:630] Bin (4096): 	Total Chunks: 1, Chunks in use: 1. 4.5KiB allocated for chunks. 4.5KiB in use in bin. 4.5KiB client-requested in use in bin.
2019-02-18 02:30:03.001704: I tensorflow/core/common_runtime/bfc_allocator.cc:630] Bin (8192): 	Total Chunks: 2, Chunks in use: 2. 21.2KiB allocated for chunks. 21.2KiB in use in bin. 21.2KiB client-requested in use in bin.
2019-02-18 02:30:03.001720: I tensorflow/core/common_runtime/bfc_allocator.cc:630] Bin (16384): 	Total Chunks: 6, Chunks in use: 4. 102.0KiB allocated for chunks. 64.0KiB in use in bin. 64.0KiB client-requested in use in bin.
2019-02-18 02:30:03.001737: I tensorflow/core/common_runtime/bfc_allocator.cc:630] Bin (32768): 	Total Chunks: 5, Chunks in use: 5. 183.8KiB allocated for chunks. 183.8KiB in use in bin. 183.8KiB client-requested in use in bin.
2019-02-18 02:30:03.001749: I tensorflow/core/common_runtime/bfc_allocator.cc:630] Bin (65536): 	Total Chunks: 0, Chunks in use: 0. 0B allocated for chunks. 0B in use in bin. 0B client-requested in use in bin.
2019-02-18 02:30:03.001762: I tensorflow/core/common_runtime/bfc_allocator.cc:630] Bin (131072): 	Total Chunks: 1, Chunks in use: 0. 165.8KiB allocated for chunks. 0B in use in bin. 0B client-requested in use in bin.
2019-02-18 02:30:03.001802: I tensorflow/core/common_runtime/bfc_allocator.cc:630] Bin (262144): 	Total Chunks: 4, Chunks in use: 4. 1.22MiB allocated for chunks. 1.22MiB in use in bin. 1.12MiB client-requested in use in bin.
2019-02-18 02:30:03.001840: I tensorflow/core/common_runtime/bfc_allocator.cc:630] Bin (524288): 	Total Chunks: 1, Chunks in use: 0. 863.5KiB allocated for chunks. 0B in use in bin. 0B client-requested in use in bin.
2019-02-18 02:30:03.001853: I tensorflow/core/common_runtime/bfc_allocator.cc:630] Bin (1048576): 	Total Chunks: 3, Chunks in use: 3. 3.55MiB allocated for chunks. 3.55MiB in use in bin. 3.38MiB client-requested in use in bin.
2019-02-18 02:30:03.001882: I tensorflow/core/common_runtime/bfc_allocator.cc:630] Bin (2097152): 	Total Chunks: 4, Chunks in use: 3. 8.88MiB allocated for chunks. 6.00MiB in use in bin. 5.12MiB client-requested in use in bin.
2019-02-18 02:30:03.001894: I tensorflow/core/common_runtime/bfc_allocator.cc:630] Bin (4194304): 	Total Chunks: 0, Chunks in use: 0. 0B allocated for chunks. 0B in use in bin. 0B client-requested in use in bin.
2019-02-18 02:30:03.001917: I tensorflow/core/common_runtime/bfc_allocator.cc:630] Bin (8388608): 	Total Chunks: 0, Chunks in use: 0. 0B allocated for chunks. 0B in use in bin. 0B client-requested in use in bin.
2019-02-18 02:30:03.001931: I tensorflow/core/common_runtime/bfc_allocator.cc:630] Bin (16777216): 	Total Chunks: 3, Chunks in use: 1. 48.00MiB allocated for chunks. 16.00MiB in use in bin. 16.00MiB client-requested in use in bin.
2019-02-18 02:30:03.001945: I tensorflow/core/common_runtime/bfc_allocator.cc:630] Bin (33554432): 	Total Chunks: 5, Chunks in use: 5. 192.00MiB allocated for chunks. 192.00MiB in use in bin. 161.01MiB client-requested in use in bin.
2019-02-18 02:30:03.001971: I tensorflow/core/common_runtime/bfc_allocator.cc:630] Bin (67108864): 	Total Chunks: 1, Chunks in use: 1. 65.00MiB allocated for chunks. 65.00MiB in use in bin. 65.00MiB client-requested in use in bin.
2019-02-18 02:30:03.002007: I tensorflow/core/common_runtime/bfc_allocator.cc:630] Bin (134217728): 	Total Chunks: 0, Chunks in use: 0. 0B allocated for chunks. 0B in use in bin. 0B client-requested in use in bin.
2019-02-18 02:30:03.002020: I tensorflow/core/common_runtime/bfc_allocator.cc:630] Bin (268435456): 	Total Chunks: 4, Chunks in use: 0. 7.44GiB allocated for chunks. 0B in use in bin. 0B client-requested in use in bin.
2019-02-18 02:30:03.002032: I tensorflow/core/common_runtime/bfc_allocator.cc:646] Bin for 32.00GiB was 256.00MiB, Chunk State: 
2019-02-18 02:30:03.002067: I tensorflow/core/common_runtime/bfc_allocator.cc:652]   Size: 447.00MiB | Requested Size: 32.00MiB | in_use: 0, prev:   Size: 65.00MiB | Requested Size: 65.00MiB | in_use: 1
2019-02-18 02:30:03.002085: I tensorflow/core/common_runtime/bfc_allocator.cc:652]   Size: 1.00GiB | Requested Size: 576.00MiB | in_use: 0
2019-02-18 02:30:03.002111: I tensorflow/core/common_runtime/bfc_allocator.cc:652]   Size: 2.00GiB | Requested Size: 1.69GiB | in_use: 0
2019-02-18 02:30:03.002125: I tensorflow/core/common_runtime/bfc_allocator.cc:652]   Size: 4.00GiB | Requested Size: 2.08GiB | in_use: 0
2019-02-18 02:30:03.002147: I tensorflow/core/common_runtime/bfc_allocator.cc:665] Chunk at 0x810fe80000 of size 1280
2019-02-18 02:30:03.002161: I tensorflow/core/common_runtime/bfc_allocator.cc:665] Chunk at 0x810fe80500 of size 256
2019-02-18 02:30:03.002172: I tensorflow/core/common_runtime/bfc_allocator.cc:665] Chunk at 0x810fe80600 of size 256
2019-02-18 02:30:03.002185: I tensorflow/core/common_runtime/bfc_allocator.cc:665] Chunk at 0x810fe80700 of size 256
2019-02-18 02:30:03.002196: I tensorflow/core/common_runtime/bfc_allocator.cc:665] Chunk at 0x810fe80800 of size 256
2019-02-18 02:30:03.002209: I tensorflow/core/common_runtime/bfc_allocator.cc:665] Chunk at 0x810fe80900 of size 1024
2019-02-18 02:30:03.002219: I tensorflow/core/common_runtime/bfc_allocator.cc:665] Chunk at 0x810fe80d00 of size 256
2019-02-18 02:30:03.002233: I tensorflow/core/common_runtime/bfc_allocator.cc:665] Chunk at 0x810fe80e00 of size 256
2019-02-18 02:30:03.002244: I tensorflow/core/common_runtime/bfc_allocator.cc:665] Chunk at 0x810fe80f00 of size 1024
2019-02-18 02:30:03.002254: I tensorflow/core/common_runtime/bfc_allocator.cc:665] Chunk at 0x810fe81300 of size 256
2019-02-18 02:30:03.002267: I tensorflow/core/common_runtime/bfc_allocator.cc:665] Chunk at 0x810fe81400 of size 256
2019-02-18 02:30:03.002277: I tensorflow/core/common_runtime/bfc_allocator.cc:665] Chunk at 0x810fe81500 of size 256
2019-02-18 02:30:03.002288: I tensorflow/core/common_runtime/bfc_allocator.cc:665] Chunk at 0x810fe81600 of size 16384
2019-02-18 02:30:03.002303: I tensorflow/core/common_runtime/bfc_allocator.cc:665] Chunk at 0x810fe85600 of size 256
2019-02-18 02:30:03.002314: I tensorflow/core/common_runtime/bfc_allocator.cc:665] Chunk at 0x810fe85700 of size 512
2019-02-18 02:30:03.002324: I tensorflow/core/common_runtime/bfc_allocator.cc:665] Chunk at 0x810fe85900 of size 256
2019-02-18 02:30:03.002335: I tensorflow/core/common_runtime/bfc_allocator.cc:665] Chunk at 0x810fe85a00 of size 256
2019-02-18 02:30:03.002345: I tensorflow/core/common_runtime/bfc_allocator.cc:665] Chunk at 0x810fe85b00 of size 256
2019-02-18 02:30:03.002355: I tensorflow/core/common_runtime/bfc_allocator.cc:665] Chunk at 0x810fe85c00 of size 294912
2019-02-18 02:30:03.002371: I tensorflow/core/common_runtime/bfc_allocator.cc:665] Chunk at 0x810fecdc00 of size 256
2019-02-18 02:30:03.002381: I tensorflow/core/common_runtime/bfc_allocator.cc:665] Chunk at 0x810fecdd00 of size 256
2019-02-18 02:30:03.002396: I tensorflow/core/common_runtime/bfc_allocator.cc:665] Chunk at 0x810fecde00 of size 256
2019-02-18 02:30:03.002406: I tensorflow/core/common_runtime/bfc_allocator.cc:665] Chunk at 0x810fecdf00 of size 37632
2019-02-18 02:30:03.002416: I tensorflow/core/common_runtime/bfc_allocator.cc:665] Chunk at 0x810fed7200 of size 512
2019-02-18 02:30:03.002432: I tensorflow/core/common_runtime/bfc_allocator.cc:665] Chunk at 0x810fed7400 of size 512
2019-02-18 02:30:03.002449: I tensorflow/core/common_runtime/bfc_allocator.cc:665] Chunk at 0x810fed7600 of size 512
2019-02-18 02:30:03.002460: I tensorflow/core/common_runtime/bfc_allocator.cc:665] Chunk at 0x810fed7800 of size 256
2019-02-18 02:30:03.002473: I tensorflow/core/common_runtime/bfc_allocator.cc:665] Chunk at 0x810fed7900 of size 256
2019-02-18 02:30:03.002484: I tensorflow/core/common_runtime/bfc_allocator.cc:665] Chunk at 0x810fed7a00 of size 256
2019-02-18 02:30:03.002495: I tensorflow/core/common_runtime/bfc_allocator.cc:665] Chunk at 0x810fed7b00 of size 256
2019-02-18 02:30:03.002505: I tensorflow/core/common_runtime/bfc_allocator.cc:665] Chunk at 0x810fed7c00 of size 256
2019-02-18 02:30:03.002519: I tensorflow/core/common_runtime/bfc_allocator.cc:665] Chunk at 0x810fed7d00 of size 256
2019-02-18 02:30:03.002533: I tensorflow/core/common_runtime/bfc_allocator.cc:665] Chunk at 0x810fed7e00 of size 294912
2019-02-18 02:30:03.002544: I tensorflow/core/common_runtime/bfc_allocator.cc:665] Chunk at 0x810ff1fe00 of size 393728
2019-02-18 02:30:03.002557: I tensorflow/core/common_runtime/bfc_allocator.cc:665] Chunk at 0x8110080000 of size 2097152
2019-02-18 02:30:03.002600: I tensorflow/core/common_runtime/bfc_allocator.cc:665] Chunk at 0x814ae80000 of size 1179648
2019-02-18 02:30:03.002616: I tensorflow/core/common_runtime/bfc_allocator.cc:665] Chunk at 0x814afa0000 of size 512
2019-02-18 02:30:03.002627: I tensorflow/core/common_runtime/bfc_allocator.cc:665] Chunk at 0x814afa0200 of size 294912
2019-02-18 02:30:03.002640: I tensorflow/core/common_runtime/bfc_allocator.cc:665] Free  at 0x814afe8200 of size 884224
2019-02-18 02:30:03.002651: I tensorflow/core/common_runtime/bfc_allocator.cc:665] Chunk at 0x814b0c0000 of size 256
2019-02-18 02:30:03.002663: I tensorflow/core/common_runtime/bfc_allocator.cc:665] Chunk at 0x814b0c0100 of size 37632
2019-02-18 02:30:03.002674: I tensorflow/core/common_runtime/bfc_allocator.cc:665] Chunk at 0x814b0c9400 of size 9216
2019-02-18 02:30:03.002686: I tensorflow/core/common_runtime/bfc_allocator.cc:665] Chunk at 0x814b0cb800 of size 256
2019-02-18 02:30:03.002697: I tensorflow/core/common_runtime/bfc_allocator.cc:665] Chunk at 0x814b0cb900 of size 256
2019-02-18 02:30:03.002710: I tensorflow/core/common_runtime/bfc_allocator.cc:665] Chunk at 0x814b0cba00 of size 256
2019-02-18 02:30:03.002721: I tensorflow/core/common_runtime/bfc_allocator.cc:665] Chunk at 0x814b0cbb00 of size 256
2019-02-18 02:30:03.002733: I tensorflow/core/common_runtime/bfc_allocator.cc:665] Chunk at 0x814b0cbc00 of size 256
2019-02-18 02:30:03.002743: I tensorflow/core/common_runtime/bfc_allocator.cc:665] Chunk at 0x814b0cbd00 of size 256
2019-02-18 02:30:03.002757: I tensorflow/core/common_runtime/bfc_allocator.cc:665] Chunk at 0x814b0cbe00 of size 256
2019-02-18 02:30:03.002767: I tensorflow/core/common_runtime/bfc_allocator.cc:665] Chunk at 0x814b0cbf00 of size 256
2019-02-18 02:30:03.002779: I tensorflow/core/common_runtime/bfc_allocator.cc:665] Chunk at 0x814b0cc000 of size 1024
2019-02-18 02:30:03.002790: I tensorflow/core/common_runtime/bfc_allocator.cc:665] Chunk at 0x814b0cc400 of size 1024
2019-02-18 02:30:03.002801: I tensorflow/core/common_runtime/bfc_allocator.cc:665] Chunk at 0x814b0cc800 of size 1024
2019-02-18 02:30:03.002811: I tensorflow/core/common_runtime/bfc_allocator.cc:665] Chunk at 0x814b0ccc00 of size 1024
2019-02-18 02:30:03.002821: I tensorflow/core/common_runtime/bfc_allocator.cc:665] Chunk at 0x814b0cd000 of size 1024
2019-02-18 02:30:03.002834: I tensorflow/core/common_runtime/bfc_allocator.cc:665] Chunk at 0x814b0cd400 of size 512
2019-02-18 02:30:03.002844: I tensorflow/core/common_runtime/bfc_allocator.cc:665] Chunk at 0x814b0cd600 of size 512
2019-02-18 02:30:03.002854: I tensorflow/core/common_runtime/bfc_allocator.cc:665] Chunk at 0x814b0cd800 of size 512
2019-02-18 02:30:03.002870: I tensorflow/core/common_runtime/bfc_allocator.cc:665] Free  at 0x814b0cda00 of size 768
2019-02-18 02:30:03.002883: I tensorflow/core/common_runtime/bfc_allocator.cc:665] Chunk at 0x814b0cdd00 of size 256
2019-02-18 02:30:03.002897: I tensorflow/core/common_runtime/bfc_allocator.cc:665] Free  at 0x814b0cde00 of size 18688
2019-02-18 02:30:03.002910: I tensorflow/core/common_runtime/bfc_allocator.cc:665] Chunk at 0x814b0d2700 of size 12544
2019-02-18 02:30:03.002921: I tensorflow/core/common_runtime/bfc_allocator.cc:665] Chunk at 0x814b0d5800 of size 37632
2019-02-18 02:30:03.002933: I tensorflow/core/common_runtime/bfc_allocator.cc:665] Free  at 0x814b0deb00 of size 169728
2019-02-18 02:30:03.002944: I tensorflow/core/common_runtime/bfc_allocator.cc:665] Chunk at 0x814b108200 of size 256
2019-02-18 02:30:03.002954: I tensorflow/core/common_runtime/bfc_allocator.cc:665] Chunk at 0x814b108300 of size 256
2019-02-18 02:30:03.002967: I tensorflow/core/common_runtime/bfc_allocator.cc:665] Chunk at 0x814b108400 of size 256
2019-02-18 02:30:03.002977: I tensorflow/core/common_runtime/bfc_allocator.cc:665] Chunk at 0x814b108500 of size 37632
2019-02-18 02:30:03.002987: I tensorflow/core/common_runtime/bfc_allocator.cc:665] Chunk at 0x814b111800 of size 37632
2019-02-18 02:30:03.002998: I tensorflow/core/common_runtime/bfc_allocator.cc:665] Chunk at 0x814b11ab00 of size 512
2019-02-18 02:30:03.003008: I tensorflow/core/common_runtime/bfc_allocator.cc:665] Chunk at 0x814b11ad00 of size 512
2019-02-18 02:30:03.003020: I tensorflow/core/common_runtime/bfc_allocator.cc:665] Chunk at 0x814b11af00 of size 512
2019-02-18 02:30:03.003031: I tensorflow/core/common_runtime/bfc_allocator.cc:665] Chunk at 0x814b11b100 of size 512
2019-02-18 02:30:03.003043: I tensorflow/core/common_runtime/bfc_allocator.cc:665] Chunk at 0x814b11b300 of size 512
2019-02-18 02:30:03.003053: I tensorflow/core/common_runtime/bfc_allocator.cc:665] Chunk at 0x814b11b500 of size 512
2019-02-18 02:30:03.003065: I tensorflow/core/common_runtime/bfc_allocator.cc:665] Chunk at 0x814b11b700 of size 256
2019-02-18 02:30:03.003079: I tensorflow/core/common_runtime/bfc_allocator.cc:665] Chunk at 0x814b11b800 of size 256
2019-02-18 02:30:03.003089: I tensorflow/core/common_runtime/bfc_allocator.cc:665] Chunk at 0x814b11b900 of size 1024
2019-02-18 02:30:03.003102: I tensorflow/core/common_runtime/bfc_allocator.cc:665] Chunk at 0x814b11bd00 of size 16384
2019-02-18 02:30:03.003115: I tensorflow/core/common_runtime/bfc_allocator.cc:665] Free  at 0x814b11fd00 of size 20224
2019-02-18 02:30:03.003128: I tensorflow/core/common_runtime/bfc_allocator.cc:665] Chunk at 0x814b124c00 of size 256
2019-02-18 02:30:03.003138: I tensorflow/core/common_runtime/bfc_allocator.cc:665] Chunk at 0x814b124d00 of size 256
2019-02-18 02:30:03.003151: I tensorflow/core/common_runtime/bfc_allocator.cc:665] Chunk at 0x814b124e00 of size 256
2019-02-18 02:30:03.003161: I tensorflow/core/common_runtime/bfc_allocator.cc:665] Chunk at 0x814b124f00 of size 256
2019-02-18 02:30:03.003174: I tensorflow/core/common_runtime/bfc_allocator.cc:665] Chunk at 0x814b125000 of size 256
2019-02-18 02:30:03.003184: I tensorflow/core/common_runtime/bfc_allocator.cc:665] Chunk at 0x814b125100 of size 256
2019-02-18 02:30:03.003196: I tensorflow/core/common_runtime/bfc_allocator.cc:665] Chunk at 0x814b125200 of size 256
2019-02-18 02:30:03.003207: I tensorflow/core/common_runtime/bfc_allocator.cc:665] Chunk at 0x814b125300 of size 1024
2019-02-18 02:30:03.003220: I tensorflow/core/common_runtime/bfc_allocator.cc:665] Chunk at 0x814b125700 of size 1024
2019-02-18 02:30:03.003233: I tensorflow/core/common_runtime/bfc_allocator.cc:665] Chunk at 0x814b125b00 of size 256
2019-02-18 02:30:03.003246: I tensorflow/core/common_runtime/bfc_allocator.cc:665] Chunk at 0x814b125c00 of size 1024
2019-02-18 02:30:03.003256: I tensorflow/core/common_runtime/bfc_allocator.cc:665] Chunk at 0x814b126000 of size 256
2019-02-18 02:30:03.003269: I tensorflow/core/common_runtime/bfc_allocator.cc:665] Chunk at 0x814b126100 of size 256
2019-02-18 02:30:03.003279: I tensorflow/core/common_runtime/bfc_allocator.cc:665] Chunk at 0x814b126200 of size 256
2019-02-18 02:30:03.003291: I tensorflow/core/common_runtime/bfc_allocator.cc:665] Chunk at 0x814b126300 of size 1024
2019-02-18 02:30:03.003306: I tensorflow/core/common_runtime/bfc_allocator.cc:665] Chunk at 0x814b126700 of size 1024
2019-02-18 02:30:03.003316: I tensorflow/core/common_runtime/bfc_allocator.cc:665] Chunk at 0x814b126b00 of size 256
2019-02-18 02:30:03.003328: I tensorflow/core/common_runtime/bfc_allocator.cc:665] Chunk at 0x814b126c00 of size 256
2019-02-18 02:30:03.003338: I tensorflow/core/common_runtime/bfc_allocator.cc:665] Chunk at 0x814b126d00 of size 256
2019-02-18 02:30:03.003351: I tensorflow/core/common_runtime/bfc_allocator.cc:665] Chunk at 0x814b126e00 of size 256
2019-02-18 02:30:03.003362: I tensorflow/core/common_runtime/bfc_allocator.cc:665] Chunk at 0x814b126f00 of size 256
2019-02-18 02:30:03.003374: I tensorflow/core/common_runtime/bfc_allocator.cc:665] Chunk at 0x814b127000 of size 256
2019-02-18 02:30:03.003384: I tensorflow/core/common_runtime/bfc_allocator.cc:665] Chunk at 0x814b127100 of size 256
2019-02-18 02:30:03.003397: I tensorflow/core/common_runtime/bfc_allocator.cc:665] Chunk at 0x814b127200 of size 256
2019-02-18 02:30:03.003410: I tensorflow/core/common_runtime/bfc_allocator.cc:665] Chunk at 0x814b127300 of size 256
2019-02-18 02:30:03.003421: I tensorflow/core/common_runtime/bfc_allocator.cc:665] Chunk at 0x814b127400 of size 256
2019-02-18 02:30:03.003434: I tensorflow/core/common_runtime/bfc_allocator.cc:665] Chunk at 0x814b127500 of size 256
2019-02-18 02:30:03.003445: I tensorflow/core/common_runtime/bfc_allocator.cc:665] Chunk at 0x814b127600 of size 256
2019-02-18 02:30:03.003457: I tensorflow/core/common_runtime/bfc_allocator.cc:665] Chunk at 0x814b127700 of size 16384
2019-02-18 02:30:03.003469: I tensorflow/core/common_runtime/bfc_allocator.cc:665] Chunk at 0x814b12b700 of size 16384
2019-02-18 02:30:03.003481: I tensorflow/core/common_runtime/bfc_allocator.cc:665] Chunk at 0x814b12f700 of size 256
2019-02-18 02:30:03.003493: I tensorflow/core/common_runtime/bfc_allocator.cc:665] Chunk at 0x814b12f800 of size 256
2019-02-18 02:30:03.003504: I tensorflow/core/common_runtime/bfc_allocator.cc:665] Chunk at 0x814b12f900 of size 256
2019-02-18 02:30:03.003517: I tensorflow/core/common_runtime/bfc_allocator.cc:665] Chunk at 0x814b12fa00 of size 256
2019-02-18 02:30:03.003527: I tensorflow/core/common_runtime/bfc_allocator.cc:665] Chunk at 0x814b12fb00 of size 256
2019-02-18 02:30:03.003540: I tensorflow/core/common_runtime/bfc_allocator.cc:665] Chunk at 0x814b12fc00 of size 256
2019-02-18 02:30:03.003550: I tensorflow/core/common_runtime/bfc_allocator.cc:665] Chunk at 0x814b12fd00 of size 256
2019-02-18 02:30:03.003571: I tensorflow/core/common_runtime/bfc_allocator.cc:665] Chunk at 0x814b12fe00 of size 256
2019-02-18 02:30:03.003583: I tensorflow/core/common_runtime/bfc_allocator.cc:665] Chunk at 0x814b12ff00 of size 256
2019-02-18 02:30:03.003597: I tensorflow/core/common_runtime/bfc_allocator.cc:665] Chunk at 0x814b130000 of size 256
2019-02-18 02:30:03.003607: I tensorflow/core/common_runtime/bfc_allocator.cc:665] Chunk at 0x814b130100 of size 256
2019-02-18 02:30:03.003620: I tensorflow/core/common_runtime/bfc_allocator.cc:665] Chunk at 0x814b130200 of size 256
2019-02-18 02:30:03.003634: I tensorflow/core/common_runtime/bfc_allocator.cc:665] Chunk at 0x814b130300 of size 256
2019-02-18 02:30:03.003644: I tensorflow/core/common_runtime/bfc_allocator.cc:665] Chunk at 0x814b130400 of size 256
2019-02-18 02:30:03.003657: I tensorflow/core/common_runtime/bfc_allocator.cc:665] Chunk at 0x814b130500 of size 4608
2019-02-18 02:30:03.003669: I tensorflow/core/common_runtime/bfc_allocator.cc:665] Chunk at 0x814b131700 of size 256
2019-02-18 02:30:03.003681: I tensorflow/core/common_runtime/bfc_allocator.cc:665] Chunk at 0x814b131800 of size 256
2019-02-18 02:30:03.003692: I tensorflow/core/common_runtime/bfc_allocator.cc:665] Chunk at 0x814b131900 of size 256
2019-02-18 02:30:03.003705: I tensorflow/core/common_runtime/bfc_allocator.cc:665] Chunk at 0x814b131a00 of size 256
2019-02-18 02:30:03.003718: I tensorflow/core/common_runtime/bfc_allocator.cc:665] Chunk at 0x814b131b00 of size 256
2019-02-18 02:30:03.003731: I tensorflow/core/common_runtime/bfc_allocator.cc:665] Chunk at 0x814b131c00 of size 256
2019-02-18 02:30:03.003744: I tensorflow/core/common_runtime/bfc_allocator.cc:665] Chunk at 0x814b131d00 of size 256
2019-02-18 02:30:03.003754: I tensorflow/core/common_runtime/bfc_allocator.cc:665] Chunk at 0x814b131e00 of size 256
2019-02-18 02:30:03.003767: I tensorflow/core/common_runtime/bfc_allocator.cc:665] Chunk at 0x814b131f00 of size 256
2019-02-18 02:30:03.003777: I tensorflow/core/common_runtime/bfc_allocator.cc:665] Chunk at 0x814b132000 of size 256
2019-02-18 02:30:03.003789: I tensorflow/core/common_runtime/bfc_allocator.cc:665] Chunk at 0x814b132100 of size 256
2019-02-18 02:30:03.003802: I tensorflow/core/common_runtime/bfc_allocator.cc:665] Chunk at 0x814b132200 of size 256
2019-02-18 02:30:03.003813: I tensorflow/core/common_runtime/bfc_allocator.cc:665] Chunk at 0x814b132300 of size 256
2019-02-18 02:30:03.003825: I tensorflow/core/common_runtime/bfc_allocator.cc:665] Chunk at 0x814b132400 of size 256
2019-02-18 02:30:03.003836: I tensorflow/core/common_runtime/bfc_allocator.cc:665] Chunk at 0x814b132500 of size 256
2019-02-18 02:30:03.003846: I tensorflow/core/common_runtime/bfc_allocator.cc:665] Chunk at 0x814b132600 of size 256
2019-02-18 02:30:03.003858: I tensorflow/core/common_runtime/bfc_allocator.cc:665] Chunk at 0x814b132700 of size 256
2019-02-18 02:30:03.003869: I tensorflow/core/common_runtime/bfc_allocator.cc:665] Chunk at 0x814b132800 of size 256
2019-02-18 02:30:03.003881: I tensorflow/core/common_runtime/bfc_allocator.cc:665] Chunk at 0x814b132900 of size 256
2019-02-18 02:30:03.003894: I tensorflow/core/common_runtime/bfc_allocator.cc:665] Chunk at 0x814b132a00 of size 256
2019-02-18 02:30:03.003907: I tensorflow/core/common_runtime/bfc_allocator.cc:665] Chunk at 0x814b132b00 of size 256
2019-02-18 02:30:03.003917: I tensorflow/core/common_runtime/bfc_allocator.cc:665] Chunk at 0x814b132c00 of size 256
2019-02-18 02:30:03.003930: I tensorflow/core/common_runtime/bfc_allocator.cc:665] Chunk at 0x814b132d00 of size 256
2019-02-18 02:30:03.003940: I tensorflow/core/common_runtime/bfc_allocator.cc:665] Chunk at 0x814b132e00 of size 512
2019-02-18 02:30:03.003953: I tensorflow/core/common_runtime/bfc_allocator.cc:665] Chunk at 0x814b133000 of size 256
2019-02-18 02:30:03.003963: I tensorflow/core/common_runtime/bfc_allocator.cc:665] Chunk at 0x814b133100 of size 256
2019-02-18 02:30:03.003977: I tensorflow/core/common_runtime/bfc_allocator.cc:665] Chunk at 0x814b133200 of size 256
2019-02-18 02:30:03.003988: I tensorflow/core/common_runtime/bfc_allocator.cc:665] Chunk at 0x814b133300 of size 256
2019-02-18 02:30:03.003998: I tensorflow/core/common_runtime/bfc_allocator.cc:665] Chunk at 0x814b133400 of size 256
2019-02-18 02:30:03.004009: I tensorflow/core/common_runtime/bfc_allocator.cc:665] Chunk at 0x814b133500 of size 256
2019-02-18 02:30:03.004021: I tensorflow/core/common_runtime/bfc_allocator.cc:665] Chunk at 0x814b133600 of size 512
2019-02-18 02:30:03.004031: I tensorflow/core/common_runtime/bfc_allocator.cc:665] Chunk at 0x814b133800 of size 512
2019-02-18 02:30:03.004041: I tensorflow/core/common_runtime/bfc_allocator.cc:665] Chunk at 0x814b133a00 of size 512
2019-02-18 02:30:03.004054: I tensorflow/core/common_runtime/bfc_allocator.cc:665] Chunk at 0x814b133c00 of size 512
2019-02-18 02:30:03.004064: I tensorflow/core/common_runtime/bfc_allocator.cc:665] Chunk at 0x814b133e00 of size 256
2019-02-18 02:30:03.004077: I tensorflow/core/common_runtime/bfc_allocator.cc:665] Chunk at 0x814b133f00 of size 1360128
2019-02-18 02:30:03.004093: I tensorflow/core/common_runtime/bfc_allocator.cc:665] Chunk at 0x816b280000 of size 1179648
2019-02-18 02:30:03.004103: I tensorflow/core/common_runtime/bfc_allocator.cc:665] Chunk at 0x816b3a0000 of size 2097152
2019-02-18 02:30:03.004114: I tensorflow/core/common_runtime/bfc_allocator.cc:665] Chunk at 0x816b5a0000 of size 2097152
2019-02-18 02:30:03.004124: I tensorflow/core/common_runtime/bfc_allocator.cc:665] Free  at 0x816b7a0000 of size 3014656
2019-02-18 02:30:03.004138: I tensorflow/core/common_runtime/bfc_allocator.cc:665] Free  at 0x833c680000 of size 16777216
2019-02-18 02:30:03.004149: I tensorflow/core/common_runtime/bfc_allocator.cc:665] Chunk at 0x843d680000 of size 16777216
2019-02-18 02:30:03.004162: I tensorflow/core/common_runtime/bfc_allocator.cc:665] Free  at 0x843e680000 of size 16777216
2019-02-18 02:30:03.004173: I tensorflow/core/common_runtime/bfc_allocator.cc:665] Chunk at 0x843f680000 of size 33554432
2019-02-18 02:30:03.004186: I tensorflow/core/common_runtime/bfc_allocator.cc:665] Chunk at 0x8441680000 of size 33554432
2019-02-18 02:30:03.004197: I tensorflow/core/common_runtime/bfc_allocator.cc:665] Chunk at 0x8443680000 of size 34611200
2019-02-18 02:30:03.004208: I tensorflow/core/common_runtime/bfc_allocator.cc:665] Chunk at 0x8445782000 of size 33554432
2019-02-18 02:30:03.004220: I tensorflow/core/common_runtime/bfc_allocator.cc:665] Chunk at 0x8447782000 of size 66052096
2019-02-18 02:30:03.004231: I tensorflow/core/common_runtime/bfc_allocator.cc:665] Chunk at 0x844b980000 of size 68161536
2019-02-18 02:30:03.004242: I tensorflow/core/common_runtime/bfc_allocator.cc:665] Free  at 0x844fa81000 of size 468709376
2019-02-18 02:30:03.004254: I tensorflow/core/common_runtime/bfc_allocator.cc:665] Free  at 0x846b980000 of size 1073741824
2019-02-18 02:30:03.004265: I tensorflow/core/common_runtime/bfc_allocator.cc:665] Free  at 0x84ab980000 of size 2147483648
2019-02-18 02:30:03.004278: I tensorflow/core/common_runtime/bfc_allocator.cc:665] Free  at 0x852b980000 of size 4294967296
2019-02-18 02:30:03.004288: I tensorflow/core/common_runtime/bfc_allocator.cc:671]      Summary of in-use Chunks by size: 
2019-02-18 02:30:03.004306: I tensorflow/core/common_runtime/bfc_allocator.cc:674] 104 Chunks of size 256 totalling 26.0KiB
2019-02-18 02:30:03.004318: I tensorflow/core/common_runtime/bfc_allocator.cc:674] 19 Chunks of size 512 totalling 9.5KiB
2019-02-18 02:30:03.004333: I tensorflow/core/common_runtime/bfc_allocator.cc:674] 13 Chunks of size 1024 totalling 13.0KiB
2019-02-18 02:30:03.004348: I tensorflow/core/common_runtime/bfc_allocator.cc:674] 1 Chunks of size 1280 totalling 1.2KiB
2019-02-18 02:30:03.004360: I tensorflow/core/common_runtime/bfc_allocator.cc:674] 1 Chunks of size 4608 totalling 4.5KiB
2019-02-18 02:30:03.004374: I tensorflow/core/common_runtime/bfc_allocator.cc:674] 1 Chunks of size 9216 totalling 9.0KiB
2019-02-18 02:30:03.004385: I tensorflow/core/common_runtime/bfc_allocator.cc:674] 1 Chunks of size 12544 totalling 12.2KiB
2019-02-18 02:30:03.004399: I tensorflow/core/common_runtime/bfc_allocator.cc:674] 4 Chunks of size 16384 totalling 64.0KiB
2019-02-18 02:30:03.004413: I tensorflow/core/common_runtime/bfc_allocator.cc:674] 5 Chunks of size 37632 totalling 183.8KiB
2019-02-18 02:30:03.004425: I tensorflow/core/common_runtime/bfc_allocator.cc:674] 3 Chunks of size 294912 totalling 864.0KiB
2019-02-18 02:30:03.004439: I tensorflow/core/common_runtime/bfc_allocator.cc:674] 1 Chunks of size 393728 totalling 384.5KiB
2019-02-18 02:30:03.004453: I tensorflow/core/common_runtime/bfc_allocator.cc:674] 2 Chunks of size 1179648 totalling 2.25MiB
2019-02-18 02:30:03.004465: I tensorflow/core/common_runtime/bfc_allocator.cc:674] 1 Chunks of size 1360128 totalling 1.30MiB
2019-02-18 02:30:03.004480: I tensorflow/core/common_runtime/bfc_allocator.cc:674] 3 Chunks of size 2097152 totalling 6.00MiB
2019-02-18 02:30:03.004491: I tensorflow/core/common_runtime/bfc_allocator.cc:674] 1 Chunks of size 16777216 totalling 16.00MiB
2019-02-18 02:30:03.004503: I tensorflow/core/common_runtime/bfc_allocator.cc:674] 3 Chunks of size 33554432 totalling 96.00MiB
2019-02-18 02:30:03.004514: I tensorflow/core/common_runtime/bfc_allocator.cc:674] 1 Chunks of size 34611200 totalling 33.01MiB
2019-02-18 02:30:03.004526: I tensorflow/core/common_runtime/bfc_allocator.cc:674] 1 Chunks of size 66052096 totalling 62.99MiB
2019-02-18 02:30:03.004540: I tensorflow/core/common_runtime/bfc_allocator.cc:674] 1 Chunks of size 68161536 totalling 65.00MiB
2019-02-18 02:30:03.004556: I tensorflow/core/common_runtime/bfc_allocator.cc:678] Sum Total of in-use chunks: 284.09MiB
2019-02-18 02:30:03.004584: I tensorflow/core/common_runtime/bfc_allocator.cc:680] Stats: 
Limit:                 12048026829
InUse:                   297885696
MaxInUse:               2565863424
NumAllocs:                     247
MaxAllocSize:           2233466880

2019-02-18 02:30:03.004612: W tensorflow/core/common_runtime/bfc_allocator.cc:279] *****_______________________________________________________________________________________________
2019-02-18 02:30:03.004667: W tensorflow/core/framework/op_kernel.cc:1318] OP_REQUIRES failed at batch_matmul_op_impl.h:489 : Resource exhausted: OOM when allocating tensor with shape[2,65536,65536] and type float on /job:localhost/replica:0/task:0/device:GPU:2 by allocator GPU_2_bfc
Traceback (most recent call last):
  File "/usr/local/lib/python3.6/dist-packages/tensorflow/python/client/session.py", line 1322, in _do_call
    return fn(*args)
  File "/usr/local/lib/python3.6/dist-packages/tensorflow/python/client/session.py", line 1307, in _run_fn
    options, feed_dict, fetch_list, target_list, run_metadata)
  File "/usr/local/lib/python3.6/dist-packages/tensorflow/python/client/session.py", line 1409, in _call_tf_sessionrun
    run_metadata)
tensorflow.python.framework.errors_impl.ResourceExhaustedError: OOM when allocating tensor with shape[2,65536,65536] and type float on /job:localhost/replica:0/task:0/device:GPU:2 by allocator GPU_2_bfc
	 [[Node: generator/decoder/attention_1/MatMul = BatchMatMul[T=DT_FLOAT, _class=["loc:@gener...d/MatMul_1"], adj_x=false, adj_y=true, _device="/job:localhost/replica:0/task:0/device:GPU:2"](generator/decoder/attention_1/Reshape, generator/decoder/attention_1/Reshape_1)]]
Hint: If you want to see a list of allocated tensors when OOM happens, add report_tensor_allocations_upon_oom to RunOptions for current allocation info.

	 [[Node: generator_train/Adam/beta1/_977 = _Recv[client_terminated=false, recv_device="/job:localhost/replica:0/task:0/device:GPU:1", send_device="/job:localhost/replica:0/task:0/device:GPU:0", send_device_incarnation=1, tensor_name="edge_8815_generator_train/Adam/beta1", tensor_type=DT_FLOAT, _device="/job:localhost/replica:0/task:0/device:GPU:1"]()]]
Hint: If you want to see a list of allocated tensors when OOM happens, add report_tensor_allocations_upon_oom to RunOptions for current allocation info.


During handling of the above exception, another exception occurred:

Traceback (most recent call last):
  File "p2p_att.py", line 1272, in <module>
    main()
  File "p2p_att.py", line 1232, in main
    results = sess.run(fetches, options=options, run_metadata=run_metadata)
  File "/usr/local/lib/python3.6/dist-packages/tensorflow/python/client/session.py", line 900, in run
    run_metadata_ptr)
  File "/usr/local/lib/python3.6/dist-packages/tensorflow/python/client/session.py", line 1135, in _run
    feed_dict_tensor, options, run_metadata)
  File "/usr/local/lib/python3.6/dist-packages/tensorflow/python/client/session.py", line 1316, in _do_run
    run_metadata)
  File "/usr/local/lib/python3.6/dist-packages/tensorflow/python/client/session.py", line 1335, in _do_call
    raise type(e)(node_def, op, message)
tensorflow.python.framework.errors_impl.ResourceExhaustedError: OOM when allocating tensor with shape[2,65536,65536] and type float on /job:localhost/replica:0/task:0/device:GPU:2 by allocator GPU_2_bfc
	 [[Node: generator/decoder/attention_1/MatMul = BatchMatMul[T=DT_FLOAT, _class=["loc:@gener...d/MatMul_1"], adj_x=false, adj_y=true, _device="/job:localhost/replica:0/task:0/device:GPU:2"](generator/decoder/attention_1/Reshape, generator/decoder/attention_1/Reshape_1)]]
Hint: If you want to see a list of allocated tensors when OOM happens, add report_tensor_allocations_upon_oom to RunOptions for current allocation info.

	 [[Node: generator_train/Adam/beta1/_977 = _Recv[client_terminated=false, recv_device="/job:localhost/replica:0/task:0/device:GPU:1", send_device="/job:localhost/replica:0/task:0/device:GPU:0", send_device_incarnation=1, tensor_name="edge_8815_generator_train/Adam/beta1", tensor_type=DT_FLOAT, _device="/job:localhost/replica:0/task:0/device:GPU:1"]()]]
Hint: If you want to see a list of allocated tensors when OOM happens, add report_tensor_allocations_upon_oom to RunOptions for current allocation info.


Caused by op 'generator/decoder/attention_1/MatMul', defined at:
  File "p2p_att.py", line 1272, in <module>
    main()
  File "p2p_att.py", line 1084, in main
    model = create_model(examples.inputs, examples.targets)
  File "p2p_att.py", line 820, in create_model
    outputs = create_generator_resgan(inputs, out_channels)
  File "p2p_att.py", line 313, in create_generator_resgan
    input_channel=a.ngf, flag_condition=False, channel_fac=a.channel_fac, scope='attention_1')
  File "/gdata/liyh/project/e2p/ops.py", line 112, in selfatt
    s = tf.matmul(hw_flatten(g), hw_flatten(f), transpose_b=True) # # [bs, N, N]
  File "/usr/local/lib/python3.6/dist-packages/tensorflow/python/ops/math_ops.py", line 2084, in matmul
    a, b, adj_x=adjoint_a, adj_y=adjoint_b, name=name)
  File "/usr/local/lib/python3.6/dist-packages/tensorflow/python/ops/gen_math_ops.py", line 1236, in batch_mat_mul
    "BatchMatMul", x=x, y=y, adj_x=adj_x, adj_y=adj_y, name=name)
  File "/usr/local/lib/python3.6/dist-packages/tensorflow/python/framework/op_def_library.py", line 787, in _apply_op_helper
    op_def=op_def)
  File "/usr/local/lib/python3.6/dist-packages/tensorflow/python/framework/ops.py", line 3392, in create_op
    op_def=op_def)
  File "/usr/local/lib/python3.6/dist-packages/tensorflow/python/framework/ops.py", line 1718, in __init__
    self._traceback = self._graph._extract_stack()  # pylint: disable=protected-access

ResourceExhaustedError (see above for traceback): OOM when allocating tensor with shape[2,65536,65536] and type float on /job:localhost/replica:0/task:0/device:GPU:2 by allocator GPU_2_bfc
	 [[Node: generator/decoder/attention_1/MatMul = BatchMatMul[T=DT_FLOAT, _class=["loc:@gener...d/MatMul_1"], adj_x=false, adj_y=true, _device="/job:localhost/replica:0/task:0/device:GPU:2"](generator/decoder/attention_1/Reshape, generator/decoder/attention_1/Reshape_1)]]
Hint: If you want to see a list of allocated tensors when OOM happens, add report_tensor_allocations_upon_oom to RunOptions for current allocation info.

	 [[Node: generator_train/Adam/beta1/_977 = _Recv[client_terminated=false, recv_device="/job:localhost/replica:0/task:0/device:GPU:1", send_device="/job:localhost/replica:0/task:0/device:GPU:0", send_device_incarnation=1, tensor_name="edge_8815_generator_train/Adam/beta1", tensor_type=DT_FLOAT, _device="/job:localhost/replica:0/task:0/device:GPU:1"]()]]
Hint: If you want to see a list of allocated tensors when OOM happens, add report_tensor_allocations_upon_oom to RunOptions for current allocation info.


