/usr/local/lib/python3.6/dist-packages/h5py/__init__.py:36: FutureWarning: Conversion of the second argument of issubdtype from `float` to `np.floating` is deprecated. In future, it will be treated as `np.float64 == np.dtype(float).type`.
  from ._conv import register_converters as _register_converters
Traceback (most recent call last):
  File "p2p_att.py", line 1269, in <module>
    main()
  File "p2p_att.py", line 1081, in main
    model = create_model(examples.inputs, examples.targets)
  File "p2p_att.py", line 818, in create_model
    outputs = create_generator_resgan(inputs, out_channels)
  File "p2p_att.py", line 305, in create_generator_resgan
    net, _ = selfatt(net, tf.image.resize_images(generator_inputs, net.shape[1:3]), a.ngf*2, flag_I=False, channel_fac=a.channel_fac)
  File "/usr/local/lib/python3.6/dist-packages/tensorflow/python/framework/ops.py", line 439, in __iter__
    "Tensor objects are not iterable when eager execution is not "
TypeError: Tensor objects are not iterable when eager execution is not enabled. To iterate over this tensor use tf.map_fn.
/usr/local/lib/python3.6/dist-packages/h5py/__init__.py:36: FutureWarning: Conversion of the second argument of issubdtype from `float` to `np.floating` is deprecated. In future, it will be treated as `np.float64 == np.dtype(float).type`.
  from ._conv import register_converters as _register_converters
WARNING:tensorflow:From /gdata/liyh/project/e2p/vgg.py:285: calling reduce_mean (from tensorflow.python.ops.math_ops) with keep_dims is deprecated and will be removed in a future version.
Instructions for updating:
keep_dims is deprecated, use keepdims instead
WARNING:tensorflow:From p2p_att.py:905: get_or_create_global_step (from tensorflow.contrib.framework.python.ops.variables) is deprecated and will be removed in a future version.
Instructions for updating:
Please switch to tf.train.get_or_create_global_step
WARNING:tensorflow:From p2p_att.py:1156: Supervisor.__init__ (from tensorflow.python.training.supervisor) is deprecated and will be removed in a future version.
Instructions for updating:
Please switch to tf.train.MonitoredTrainingSession
2019-02-17 19:40:25.849429: I tensorflow/core/platform/cpu_feature_guard.cc:140] Your CPU supports instructions that this TensorFlow binary was not compiled to use: AVX2 FMA
2019-02-17 19:40:26.309299: I tensorflow/core/common_runtime/gpu/gpu_device.cc:1356] Found device 0 with properties: 
name: GeForce GTX 1080 Ti major: 6 minor: 1 memoryClockRate(GHz): 1.62
pciBusID: 0000:09:00.0
totalMemory: 10.92GiB freeMemory: 10.76GiB
2019-02-17 19:40:26.591875: I tensorflow/core/common_runtime/gpu/gpu_device.cc:1356] Found device 1 with properties: 
name: GeForce GTX 1080 Ti major: 6 minor: 1 memoryClockRate(GHz): 1.62
pciBusID: 0000:08:00.0
totalMemory: 10.92GiB freeMemory: 10.76GiB
2019-02-17 19:40:26.593644: I tensorflow/core/common_runtime/gpu/gpu_device.cc:1435] Adding visible gpu devices: 0, 1
2019-02-17 19:40:28.860684: I tensorflow/core/common_runtime/gpu/gpu_device.cc:923] Device interconnect StreamExecutor with strength 1 edge matrix:
2019-02-17 19:40:28.860746: I tensorflow/core/common_runtime/gpu/gpu_device.cc:929]      0 1 
2019-02-17 19:40:28.860778: I tensorflow/core/common_runtime/gpu/gpu_device.cc:942] 0:   N Y 
2019-02-17 19:40:28.860788: I tensorflow/core/common_runtime/gpu/gpu_device.cc:942] 1:   Y N 
2019-02-17 19:40:28.863651: I tensorflow/core/common_runtime/gpu/gpu_device.cc:1053] Created TensorFlow device (/job:localhost/replica:0/task:0/device:GPU:0 with 10411 MB memory) -> physical GPU (device: 0, name: GeForce GTX 1080 Ti, pci bus id: 0000:09:00.0, compute capability: 6.1)
2019-02-17 19:40:28.865663: I tensorflow/core/common_runtime/gpu/gpu_device.cc:1053] Created TensorFlow device (/job:localhost/replica:0/task:0/device:GPU:1 with 10411 MB memory) -> physical GPU (device: 1, name: GeForce GTX 1080 Ti, pci bus id: 0000:08:00.0, compute capability: 6.1)
2019-02-17 19:40:29.676975: W tensorflow/core/framework/allocator.cc:101] Allocation of 536870912 exceeds 10% of system memory.
2019-02-17 19:40:30.021794: W tensorflow/core/framework/allocator.cc:101] Allocation of 536870912 exceeds 10% of system memory.
2019-02-17 19:40:31.069285: W tensorflow/core/framework/allocator.cc:101] Allocation of 536870912 exceeds 10% of system memory.
2019-02-17 19:40:31.835938: W tensorflow/core/framework/allocator.cc:101] Allocation of 536870912 exceeds 10% of system memory.
2019-02-17 19:41:19.148164: W tensorflow/core/common_runtime/bfc_allocator.cc:275] Allocator (GPU_0_bfc) ran out of memory trying to allocate 32.00GiB.  Current allocation summary follows.
2019-02-17 19:41:19.148369: I tensorflow/core/common_runtime/bfc_allocator.cc:630] Bin (256): 	Total Chunks: 263, Chunks in use: 253. 65.8KiB allocated for chunks. 63.2KiB in use in bin. 11.8KiB client-requested in use in bin.
2019-02-17 19:41:19.148401: I tensorflow/core/common_runtime/bfc_allocator.cc:630] Bin (512): 	Total Chunks: 46, Chunks in use: 46. 23.5KiB allocated for chunks. 23.5KiB in use in bin. 22.6KiB client-requested in use in bin.
2019-02-17 19:41:19.148426: I tensorflow/core/common_runtime/bfc_allocator.cc:630] Bin (1024): 	Total Chunks: 42, Chunks in use: 42. 42.2KiB allocated for chunks. 42.2KiB in use in bin. 42.0KiB client-requested in use in bin.
2019-02-17 19:41:19.148449: I tensorflow/core/common_runtime/bfc_allocator.cc:630] Bin (2048): 	Total Chunks: 38, Chunks in use: 36. 78.0KiB allocated for chunks. 72.0KiB in use in bin. 72.0KiB client-requested in use in bin.
2019-02-17 19:41:19.148473: I tensorflow/core/common_runtime/bfc_allocator.cc:630] Bin (4096): 	Total Chunks: 25, Chunks in use: 25. 118.2KiB allocated for chunks. 118.2KiB in use in bin. 115.5KiB client-requested in use in bin.
2019-02-17 19:41:19.148497: I tensorflow/core/common_runtime/bfc_allocator.cc:630] Bin (8192): 	Total Chunks: 22, Chunks in use: 21. 185.2KiB allocated for chunks. 173.2KiB in use in bin. 171.0KiB client-requested in use in bin.
2019-02-17 19:41:19.148545: I tensorflow/core/common_runtime/bfc_allocator.cc:630] Bin (16384): 	Total Chunks: 34, Chunks in use: 32. 616.0KiB allocated for chunks. 584.0KiB in use in bin. 584.0KiB client-requested in use in bin.
2019-02-17 19:41:19.148570: I tensorflow/core/common_runtime/bfc_allocator.cc:630] Bin (32768): 	Total Chunks: 18, Chunks in use: 17. 640.5KiB allocated for chunks. 608.2KiB in use in bin. 551.8KiB client-requested in use in bin.
2019-02-17 19:41:19.148590: I tensorflow/core/common_runtime/bfc_allocator.cc:630] Bin (65536): 	Total Chunks: 0, Chunks in use: 0. 0B allocated for chunks. 0B in use in bin. 0B client-requested in use in bin.
2019-02-17 19:41:19.148613: I tensorflow/core/common_runtime/bfc_allocator.cc:630] Bin (131072): 	Total Chunks: 1, Chunks in use: 1. 200.0KiB allocated for chunks. 200.0KiB in use in bin. 144.0KiB client-requested in use in bin.
2019-02-17 19:41:19.148633: I tensorflow/core/common_runtime/bfc_allocator.cc:630] Bin (262144): 	Total Chunks: 12, Chunks in use: 10. 3.21MiB allocated for chunks. 2.68MiB in use in bin. 2.66MiB client-requested in use in bin.
2019-02-17 19:41:19.148655: I tensorflow/core/common_runtime/bfc_allocator.cc:630] Bin (524288): 	Total Chunks: 12, Chunks in use: 12. 6.86MiB allocated for chunks. 6.86MiB in use in bin. 6.06MiB client-requested in use in bin.
2019-02-17 19:41:19.148678: I tensorflow/core/common_runtime/bfc_allocator.cc:630] Bin (1048576): 	Total Chunks: 10, Chunks in use: 7. 14.06MiB allocated for chunks. 9.95MiB in use in bin. 9.00MiB client-requested in use in bin.
2019-02-17 19:41:19.148701: I tensorflow/core/common_runtime/bfc_allocator.cc:630] Bin (2097152): 	Total Chunks: 22, Chunks in use: 19. 49.68MiB allocated for chunks. 40.09MiB in use in bin. 37.88MiB client-requested in use in bin.
2019-02-17 19:41:19.148723: I tensorflow/core/common_runtime/bfc_allocator.cc:630] Bin (4194304): 	Total Chunks: 5, Chunks in use: 2. 26.51MiB allocated for chunks. 8.59MiB in use in bin. 7.51MiB client-requested in use in bin.
2019-02-17 19:41:19.148748: I tensorflow/core/common_runtime/bfc_allocator.cc:630] Bin (8388608): 	Total Chunks: 22, Chunks in use: 20. 212.01MiB allocated for chunks. 189.01MiB in use in bin. 171.12MiB client-requested in use in bin.
2019-02-17 19:41:19.148771: I tensorflow/core/common_runtime/bfc_allocator.cc:630] Bin (16777216): 	Total Chunks: 3, Chunks in use: 2. 48.25MiB allocated for chunks. 32.00MiB in use in bin. 32.00MiB client-requested in use in bin.
2019-02-17 19:41:19.148797: I tensorflow/core/common_runtime/bfc_allocator.cc:630] Bin (33554432): 	Total Chunks: 10, Chunks in use: 10. 357.05MiB allocated for chunks. 357.05MiB in use in bin. 321.01MiB client-requested in use in bin.
2019-02-17 19:41:19.148819: I tensorflow/core/common_runtime/bfc_allocator.cc:630] Bin (67108864): 	Total Chunks: 2, Chunks in use: 2. 172.42MiB allocated for chunks. 172.42MiB in use in bin. 129.00MiB client-requested in use in bin.
2019-02-17 19:41:19.148841: I tensorflow/core/common_runtime/bfc_allocator.cc:630] Bin (134217728): 	Total Chunks: 6, Chunks in use: 5. 819.03MiB allocated for chunks. 640.00MiB in use in bin. 640.00MiB client-requested in use in bin.
2019-02-17 19:41:19.148861: I tensorflow/core/common_runtime/bfc_allocator.cc:630] Bin (268435456): 	Total Chunks: 7, Chunks in use: 6. 6.50GiB allocated for chunks. 3.00GiB in use in bin. 2.88GiB client-requested in use in bin.
2019-02-17 19:41:19.148882: I tensorflow/core/common_runtime/bfc_allocator.cc:646] Bin for 32.00GiB was 256.00MiB, Chunk State: 
2019-02-17 19:41:19.148911: I tensorflow/core/common_runtime/bfc_allocator.cc:652]   Size: 3.50GiB | Requested Size: 2.08GiB | in_use: 0, prev:   Size: 512.00MiB | Requested Size: 512.00MiB | in_use: 1
2019-02-17 19:41:19.148937: I tensorflow/core/common_runtime/bfc_allocator.cc:665] Chunk at 0x7faaa7e00000 of size 536870912
2019-02-17 19:41:19.148957: I tensorflow/core/common_runtime/bfc_allocator.cc:665] Free  at 0x7faac7e00000 of size 3758096384
2019-02-17 19:41:19.148976: I tensorflow/core/common_runtime/bfc_allocator.cc:665] Chunk at 0x7fad23e00000 of size 536870912
2019-02-17 19:41:19.148995: I tensorflow/core/common_runtime/bfc_allocator.cc:665] Chunk at 0x7fad43e00000 of size 536870912
2019-02-17 19:41:19.149013: I tensorflow/core/common_runtime/bfc_allocator.cc:665] Chunk at 0x7fad63e00000 of size 16384
2019-02-17 19:41:19.149032: I tensorflow/core/common_runtime/bfc_allocator.cc:665] Chunk at 0x7fad63e04000 of size 16384000
2019-02-17 19:41:19.149050: I tensorflow/core/common_runtime/bfc_allocator.cc:665] Chunk at 0x7fad64da4000 of size 8388608
2019-02-17 19:41:19.149069: I tensorflow/core/common_runtime/bfc_allocator.cc:665] Chunk at 0x7fad655a4000 of size 1572864
2019-02-17 19:41:19.149087: I tensorflow/core/common_runtime/bfc_allocator.cc:665] Chunk at 0x7fad65724000 of size 2099200
2019-02-17 19:41:19.149105: I tensorflow/core/common_runtime/bfc_allocator.cc:665] Chunk at 0x7fad65924800 of size 256
2019-02-17 19:41:19.149121: I tensorflow/core/common_runtime/bfc_allocator.cc:665] Chunk at 0x7fad65924900 of size 2048
2019-02-17 19:41:19.149140: I tensorflow/core/common_runtime/bfc_allocator.cc:665] Chunk at 0x7fad65925100 of size 512
2019-02-17 19:41:19.149158: I tensorflow/core/common_runtime/bfc_allocator.cc:665] Free  at 0x7fad65925300 of size 3584
2019-02-17 19:41:19.149176: I tensorflow/core/common_runtime/bfc_allocator.cc:665] Chunk at 0x7fad65926100 of size 1024
2019-02-17 19:41:19.149194: I tensorflow/core/common_runtime/bfc_allocator.cc:665] Chunk at 0x7fad65926500 of size 1024
2019-02-17 19:41:19.149210: I tensorflow/core/common_runtime/bfc_allocator.cc:665] Chunk at 0x7fad65926900 of size 5376
2019-02-17 19:41:19.149228: I tensorflow/core/common_runtime/bfc_allocator.cc:665] Chunk at 0x7fad65927e00 of size 7424
2019-02-17 19:41:19.149245: I tensorflow/core/common_runtime/bfc_allocator.cc:665] Free  at 0x7fad65929b00 of size 2073856
2019-02-17 19:41:19.149264: I tensorflow/core/common_runtime/bfc_allocator.cc:665] Chunk at 0x7fad65b24000 of size 2146560
2019-02-17 19:41:19.149282: I tensorflow/core/common_runtime/bfc_allocator.cc:665] Free  at 0x7fad65d30100 of size 3195136
2019-02-17 19:41:19.149299: I tensorflow/core/common_runtime/bfc_allocator.cc:665] Chunk at 0x7fad6603c200 of size 8388608
2019-02-17 19:41:19.149316: I tensorflow/core/common_runtime/bfc_allocator.cc:665] Free  at 0x7fad6683c200 of size 17041408
2019-02-17 19:41:19.149334: I tensorflow/core/common_runtime/bfc_allocator.cc:665] Chunk at 0x7fad6787ca00 of size 2097152
2019-02-17 19:41:19.149352: I tensorflow/core/common_runtime/bfc_allocator.cc:665] Free  at 0x7fad67a7ca00 of size 3701248
2019-02-17 19:41:19.149371: I tensorflow/core/common_runtime/bfc_allocator.cc:665] Chunk at 0x7fad67e04400 of size 4096
2019-02-17 19:41:19.149387: I tensorflow/core/common_runtime/bfc_allocator.cc:665] Chunk at 0x7fad67e05400 of size 16384256
2019-02-17 19:41:19.149404: I tensorflow/core/common_runtime/bfc_allocator.cc:665] Chunk at 0x7fad68da5500 of size 256
2019-02-17 19:41:19.149420: I tensorflow/core/common_runtime/bfc_allocator.cc:665] Chunk at 0x7fad68da5600 of size 256
2019-02-17 19:41:19.149436: I tensorflow/core/common_runtime/bfc_allocator.cc:665] Chunk at 0x7fad68da5700 of size 256
2019-02-17 19:41:19.149454: I tensorflow/core/common_runtime/bfc_allocator.cc:665] Chunk at 0x7fad68da5800 of size 256
2019-02-17 19:41:19.149470: I tensorflow/core/common_runtime/bfc_allocator.cc:665] Chunk at 0x7fad68da5900 of size 256
2019-02-17 19:41:19.149488: I tensorflow/core/common_runtime/bfc_allocator.cc:665] Chunk at 0x7fad68da5a00 of size 256
2019-02-17 19:41:19.149506: I tensorflow/core/common_runtime/bfc_allocator.cc:665] Chunk at 0x7fad68da5b00 of size 16384
2019-02-17 19:41:19.149531: I tensorflow/core/common_runtime/bfc_allocator.cc:665] Chunk at 0x7fad68da9b00 of size 16384
2019-02-17 19:41:19.149548: I tensorflow/core/common_runtime/bfc_allocator.cc:665] Chunk at 0x7fad68dadb00 of size 256
2019-02-17 19:41:19.149566: I tensorflow/core/common_runtime/bfc_allocator.cc:665] Chunk at 0x7fad68dadc00 of size 256
2019-02-17 19:41:19.149582: I tensorflow/core/common_runtime/bfc_allocator.cc:665] Chunk at 0x7fad68dadd00 of size 256
2019-02-17 19:41:19.149600: I tensorflow/core/common_runtime/bfc_allocator.cc:665] Chunk at 0x7fad68dade00 of size 256
2019-02-17 19:41:19.149615: I tensorflow/core/common_runtime/bfc_allocator.cc:665] Chunk at 0x7fad68dadf00 of size 256
2019-02-17 19:41:19.149632: I tensorflow/core/common_runtime/bfc_allocator.cc:665] Chunk at 0x7fad68dae000 of size 256
2019-02-17 19:41:19.149648: I tensorflow/core/common_runtime/bfc_allocator.cc:665] Chunk at 0x7fad68dae100 of size 7424
2019-02-17 19:41:19.149666: I tensorflow/core/common_runtime/bfc_allocator.cc:665] Chunk at 0x7fad68dafe00 of size 7680
2019-02-17 19:41:19.149684: I tensorflow/core/common_runtime/bfc_allocator.cc:665] Chunk at 0x7fad68db1c00 of size 512
2019-02-17 19:41:19.149700: I tensorflow/core/common_runtime/bfc_allocator.cc:665] Chunk at 0x7fad68db1e00 of size 512
2019-02-17 19:41:19.149718: I tensorflow/core/common_runtime/bfc_allocator.cc:665] Chunk at 0x7fad68db2000 of size 512
2019-02-17 19:41:19.149735: I tensorflow/core/common_runtime/bfc_allocator.cc:665] Chunk at 0x7fad68db2200 of size 1179648
2019-02-17 19:41:19.149753: I tensorflow/core/common_runtime/bfc_allocator.cc:665] Chunk at 0x7fad68ed2200 of size 1179648
2019-02-17 19:41:19.149771: I tensorflow/core/common_runtime/bfc_allocator.cc:665] Chunk at 0x7fad68ff2200 of size 256
2019-02-17 19:41:19.149787: I tensorflow/core/common_runtime/bfc_allocator.cc:665] Free  at 0x7fad68ff2300 of size 1180160
2019-02-17 19:41:19.149805: I tensorflow/core/common_runtime/bfc_allocator.cc:665] Chunk at 0x7fad69112500 of size 256
2019-02-17 19:41:19.149822: I tensorflow/core/common_runtime/bfc_allocator.cc:665] Chunk at 0x7fad69112600 of size 256
2019-02-17 19:41:19.149840: I tensorflow/core/common_runtime/bfc_allocator.cc:665] Chunk at 0x7fad69112700 of size 256
2019-02-17 19:41:19.149858: I tensorflow/core/common_runtime/bfc_allocator.cc:665] Chunk at 0x7fad69112800 of size 294912
2019-02-17 19:41:19.149875: I tensorflow/core/common_runtime/bfc_allocator.cc:665] Chunk at 0x7fad6915a800 of size 294912
2019-02-17 19:41:19.149899: I tensorflow/core/common_runtime/bfc_allocator.cc:665] Chunk at 0x7fad691a2800 of size 256
2019-02-17 19:41:19.149916: I tensorflow/core/common_runtime/bfc_allocator.cc:665] Chunk at 0x7fad691a2900 of size 12544
2019-02-17 19:41:19.149932: I tensorflow/core/common_runtime/bfc_allocator.cc:665] Chunk at 0x7fad691a5a00 of size 16384
2019-02-17 19:41:19.149950: I tensorflow/core/common_runtime/bfc_allocator.cc:665] Chunk at 0x7fad691a9a00 of size 9216
2019-02-17 19:41:19.149966: I tensorflow/core/common_runtime/bfc_allocator.cc:665] Chunk at 0x7fad691abe00 of size 512
2019-02-17 19:41:19.149984: I tensorflow/core/common_runtime/bfc_allocator.cc:665] Chunk at 0x7fad691ac000 of size 512
2019-02-17 19:41:19.150000: I tensorflow/core/common_runtime/bfc_allocator.cc:665] Chunk at 0x7fad691ac200 of size 512
2019-02-17 19:41:19.150018: I tensorflow/core/common_runtime/bfc_allocator.cc:665] Chunk at 0x7fad691ac400 of size 256
2019-02-17 19:41:19.150035: I tensorflow/core/common_runtime/bfc_allocator.cc:665] Chunk at 0x7fad691ac500 of size 256
2019-02-17 19:41:19.150051: I tensorflow/core/common_runtime/bfc_allocator.cc:665] Chunk at 0x7fad691ac600 of size 2048
2019-02-17 19:41:19.150068: I tensorflow/core/common_runtime/bfc_allocator.cc:665] Chunk at 0x7fad691ace00 of size 1024
2019-02-17 19:41:19.150083: I tensorflow/core/common_runtime/bfc_allocator.cc:665] Chunk at 0x7fad691ad200 of size 1024
2019-02-17 19:41:19.150101: I tensorflow/core/common_runtime/bfc_allocator.cc:665] Chunk at 0x7fad691ad600 of size 256
2019-02-17 19:41:19.150117: I tensorflow/core/common_runtime/bfc_allocator.cc:665] Chunk at 0x7fad691ad700 of size 256
2019-02-17 19:41:19.150135: I tensorflow/core/common_runtime/bfc_allocator.cc:665] Chunk at 0x7fad691ad800 of size 256
2019-02-17 19:41:19.150153: I tensorflow/core/common_runtime/bfc_allocator.cc:665] Chunk at 0x7fad691ad900 of size 768
2019-02-17 19:41:19.150173: I tensorflow/core/common_runtime/bfc_allocator.cc:665] Chunk at 0x7fad691adc00 of size 256
2019-02-17 19:41:19.150191: I tensorflow/core/common_runtime/bfc_allocator.cc:665] Chunk at 0x7fad691add00 of size 256
2019-02-17 19:41:19.150209: I tensorflow/core/common_runtime/bfc_allocator.cc:665] Chunk at 0x7fad691ade00 of size 256
2019-02-17 19:41:19.150227: I tensorflow/core/common_runtime/bfc_allocator.cc:665] Chunk at 0x7fad691adf00 of size 4096
2019-02-17 19:41:19.150246: I tensorflow/core/common_runtime/bfc_allocator.cc:665] Chunk at 0x7fad691aef00 of size 512
2019-02-17 19:41:19.150264: I tensorflow/core/common_runtime/bfc_allocator.cc:665] Chunk at 0x7fad691af100 of size 256
2019-02-17 19:41:19.150279: I tensorflow/core/common_runtime/bfc_allocator.cc:665] Chunk at 0x7fad691af200 of size 256
2019-02-17 19:41:19.150298: I tensorflow/core/common_runtime/bfc_allocator.cc:665] Chunk at 0x7fad691af300 of size 8192
2019-02-17 19:41:19.150316: I tensorflow/core/common_runtime/bfc_allocator.cc:665] Chunk at 0x7fad691b1300 of size 4096
2019-02-17 19:41:19.150336: I tensorflow/core/common_runtime/bfc_allocator.cc:665] Chunk at 0x7fad691b2300 of size 4096
2019-02-17 19:41:19.150352: I tensorflow/core/common_runtime/bfc_allocator.cc:665] Chunk at 0x7fad691b3300 of size 256
2019-02-17 19:41:19.150369: I tensorflow/core/common_runtime/bfc_allocator.cc:665] Chunk at 0x7fad691b3400 of size 256
2019-02-17 19:41:19.150387: I tensorflow/core/common_runtime/bfc_allocator.cc:665] Chunk at 0x7fad691b3500 of size 256
2019-02-17 19:41:19.150407: I tensorflow/core/common_runtime/bfc_allocator.cc:665] Chunk at 0x7fad691b3600 of size 256
2019-02-17 19:41:19.150425: I tensorflow/core/common_runtime/bfc_allocator.cc:665] Chunk at 0x7fad691b3700 of size 256
2019-02-17 19:41:19.150443: I tensorflow/core/common_runtime/bfc_allocator.cc:665] Chunk at 0x7fad691b3800 of size 256
2019-02-17 19:41:19.150461: I tensorflow/core/common_runtime/bfc_allocator.cc:665] Chunk at 0x7fad691b3900 of size 256
2019-02-17 19:41:19.150477: I tensorflow/core/common_runtime/bfc_allocator.cc:665] Chunk at 0x7fad691b3a00 of size 256
2019-02-17 19:41:19.150495: I tensorflow/core/common_runtime/bfc_allocator.cc:665] Chunk at 0x7fad691b3b00 of size 256
2019-02-17 19:41:19.150517: I tensorflow/core/common_runtime/bfc_allocator.cc:665] Chunk at 0x7fad691b3c00 of size 256
2019-02-17 19:41:19.150536: I tensorflow/core/common_runtime/bfc_allocator.cc:665] Free  at 0x7fad691b3d00 of size 256
2019-02-17 19:41:19.150553: I tensorflow/core/common_runtime/bfc_allocator.cc:665] Chunk at 0x7fad691b3e00 of size 256
2019-02-17 19:41:19.150571: I tensorflow/core/common_runtime/bfc_allocator.cc:665] Free  at 0x7fad691b3f00 of size 256
2019-02-17 19:41:19.150590: I tensorflow/core/common_runtime/bfc_allocator.cc:665] Chunk at 0x7fad691b4000 of size 256
2019-02-17 19:41:19.150606: I tensorflow/core/common_runtime/bfc_allocator.cc:665] Free  at 0x7fad691b4100 of size 256
2019-02-17 19:41:19.150624: I tensorflow/core/common_runtime/bfc_allocator.cc:665] Chunk at 0x7fad691b4200 of size 256
2019-02-17 19:41:19.150642: I tensorflow/core/common_runtime/bfc_allocator.cc:665] Free  at 0x7fad691b4300 of size 16384
2019-02-17 19:41:19.150659: I tensorflow/core/common_runtime/bfc_allocator.cc:665] Chunk at 0x7fad691b8300 of size 8192
2019-02-17 19:41:19.150675: I tensorflow/core/common_runtime/bfc_allocator.cc:665] Chunk at 0x7fad691ba300 of size 8192
2019-02-17 19:41:19.150693: I tensorflow/core/common_runtime/bfc_allocator.cc:665] Chunk at 0x7fad691bc300 of size 512
2019-02-17 19:41:19.150712: I tensorflow/core/common_runtime/bfc_allocator.cc:665] Chunk at 0x7fad691bc500 of size 1024
2019-02-17 19:41:19.150730: I tensorflow/core/common_runtime/bfc_allocator.cc:665] Chunk at 0x7fad691bc900 of size 2048
2019-02-17 19:41:19.150748: I tensorflow/core/common_runtime/bfc_allocator.cc:665] Chunk at 0x7fad691bd100 of size 256
2019-02-17 19:41:19.150764: I tensorflow/core/common_runtime/bfc_allocator.cc:665] Chunk at 0x7fad691bd200 of size 512
2019-02-17 19:41:19.150781: I tensorflow/core/common_runtime/bfc_allocator.cc:665] Chunk at 0x7fad691bd400 of size 256
2019-02-17 19:41:19.150799: I tensorflow/core/common_runtime/bfc_allocator.cc:665] Chunk at 0x7fad691bd500 of size 256
2019-02-17 19:41:19.150817: I tensorflow/core/common_runtime/bfc_allocator.cc:665] Free  at 0x7fad691bd600 of size 256
2019-02-17 19:41:19.150835: I tensorflow/core/common_runtime/bfc_allocator.cc:665] Chunk at 0x7fad691bd700 of size 256
2019-02-17 19:41:19.150851: I tensorflow/core/common_runtime/bfc_allocator.cc:665] Chunk at 0x7fad691bd800 of size 256
2019-02-17 19:41:19.150869: I tensorflow/core/common_runtime/bfc_allocator.cc:665] Free  at 0x7fad691bd900 of size 256
2019-02-17 19:41:19.150885: I tensorflow/core/common_runtime/bfc_allocator.cc:665] Chunk at 0x7fad691bda00 of size 256
2019-02-17 19:41:19.150901: I tensorflow/core/common_runtime/bfc_allocator.cc:665] Chunk at 0x7fad691bdb00 of size 512
2019-02-17 19:41:19.150919: I tensorflow/core/common_runtime/bfc_allocator.cc:665] Chunk at 0x7fad691bdd00 of size 256
2019-02-17 19:41:19.150935: I tensorflow/core/common_runtime/bfc_allocator.cc:665] Chunk at 0x7fad691bde00 of size 256
2019-02-17 19:41:19.150953: I tensorflow/core/common_runtime/bfc_allocator.cc:665] Chunk at 0x7fad691bdf00 of size 256
2019-02-17 19:41:19.150973: I tensorflow/core/common_runtime/bfc_allocator.cc:665] Chunk at 0x7fad691be000 of size 768
2019-02-17 19:41:19.150992: I tensorflow/core/common_runtime/bfc_allocator.cc:665] Chunk at 0x7fad691be300 of size 32768
2019-02-17 19:41:19.151011: I tensorflow/core/common_runtime/bfc_allocator.cc:665] Chunk at 0x7fad691c6300 of size 34816
2019-02-17 19:41:19.151027: I tensorflow/core/common_runtime/bfc_allocator.cc:665] Chunk at 0x7fad691ceb00 of size 8192
2019-02-17 19:41:19.151045: I tensorflow/core/common_runtime/bfc_allocator.cc:665] Free  at 0x7fad691d0b00 of size 12288
2019-02-17 19:41:19.151063: I tensorflow/core/common_runtime/bfc_allocator.cc:665] Chunk at 0x7fad691d3b00 of size 4096
2019-02-17 19:41:19.151081: I tensorflow/core/common_runtime/bfc_allocator.cc:665] Chunk at 0x7fad691d4b00 of size 1024
2019-02-17 19:41:19.151099: I tensorflow/core/common_runtime/bfc_allocator.cc:665] Chunk at 0x7fad691d4f00 of size 1024
2019-02-17 19:41:19.151115: I tensorflow/core/common_runtime/bfc_allocator.cc:665] Chunk at 0x7fad691d5300 of size 2048
2019-02-17 19:41:19.151133: I tensorflow/core/common_runtime/bfc_allocator.cc:665] Chunk at 0x7fad691d5b00 of size 1024
2019-02-17 19:41:19.151151: I tensorflow/core/common_runtime/bfc_allocator.cc:665] Chunk at 0x7fad691d5f00 of size 512
2019-02-17 19:41:19.151171: I tensorflow/core/common_runtime/bfc_allocator.cc:665] Chunk at 0x7fad691d6100 of size 512
2019-02-17 19:41:19.151186: I tensorflow/core/common_runtime/bfc_allocator.cc:665] Chunk at 0x7fad691d6300 of size 32768
2019-02-17 19:41:19.151205: I tensorflow/core/common_runtime/bfc_allocator.cc:665] Chunk at 0x7fad691de300 of size 50944
2019-02-17 19:41:19.151222: I tensorflow/core/common_runtime/bfc_allocator.cc:665] Chunk at 0x7fad691eaa00 of size 256
2019-02-17 19:41:19.151237: I tensorflow/core/common_runtime/bfc_allocator.cc:665] Chunk at 0x7fad691eab00 of size 256
2019-02-17 19:41:19.151255: I tensorflow/core/common_runtime/bfc_allocator.cc:665] Chunk at 0x7fad691eac00 of size 256
2019-02-17 19:41:19.151272: I tensorflow/core/common_runtime/bfc_allocator.cc:665] Chunk at 0x7fad691ead00 of size 37632
2019-02-17 19:41:19.151290: I tensorflow/core/common_runtime/bfc_allocator.cc:665] Chunk at 0x7fad691f4000 of size 37632
2019-02-17 19:41:19.151308: I tensorflow/core/common_runtime/bfc_allocator.cc:665] Chunk at 0x7fad691fd300 of size 512
2019-02-17 19:41:19.151326: I tensorflow/core/common_runtime/bfc_allocator.cc:665] Chunk at 0x7fad691fd500 of size 512
2019-02-17 19:41:19.151344: I tensorflow/core/common_runtime/bfc_allocator.cc:665] Chunk at 0x7fad691fd700 of size 512
2019-02-17 19:41:19.151360: I tensorflow/core/common_runtime/bfc_allocator.cc:665] Chunk at 0x7fad691fd900 of size 512
2019-02-17 19:41:19.151376: I tensorflow/core/common_runtime/bfc_allocator.cc:665] Chunk at 0x7fad691fdb00 of size 512
2019-02-17 19:41:19.151396: I tensorflow/core/common_runtime/bfc_allocator.cc:665] Chunk at 0x7fad691fdd00 of size 512
2019-02-17 19:41:19.151414: I tensorflow/core/common_runtime/bfc_allocator.cc:665] Chunk at 0x7fad691fdf00 of size 256
2019-02-17 19:41:19.151432: I tensorflow/core/common_runtime/bfc_allocator.cc:665] Chunk at 0x7fad691fe000 of size 256
2019-02-17 19:41:19.151448: I tensorflow/core/common_runtime/bfc_allocator.cc:665] Chunk at 0x7fad691fe100 of size 256
2019-02-17 19:41:19.151466: I tensorflow/core/common_runtime/bfc_allocator.cc:665] Chunk at 0x7fad691fe200 of size 37632
2019-02-17 19:41:19.151484: I tensorflow/core/common_runtime/bfc_allocator.cc:665] Chunk at 0x7fad69207500 of size 524288
2019-02-17 19:41:19.151503: I tensorflow/core/common_runtime/bfc_allocator.cc:665] Chunk at 0x7fad69287500 of size 2097152
2019-02-17 19:41:19.151525: I tensorflow/core/common_runtime/bfc_allocator.cc:665] Chunk at 0x7fad69487500 of size 8388608
2019-02-17 19:41:19.151542: I tensorflow/core/common_runtime/bfc_allocator.cc:665] Chunk at 0x7fad69c87500 of size 33554432
2019-02-17 19:41:19.151558: I tensorflow/core/common_runtime/bfc_allocator.cc:665] Chunk at 0x7fad6bc87500 of size 134217728
2019-02-17 19:41:19.151576: I tensorflow/core/common_runtime/bfc_allocator.cc:665] Chunk at 0x7fad73c87500 of size 536870912
2019-02-17 19:41:19.151594: I tensorflow/core/common_runtime/bfc_allocator.cc:665] Chunk at 0x7fad93c87500 of size 16777216
2019-02-17 19:41:19.151610: I tensorflow/core/common_runtime/bfc_allocator.cc:665] Chunk at 0x7fad94c87500 of size 51388416
2019-02-17 19:41:19.151629: I tensorflow/core/common_runtime/bfc_allocator.cc:665] Chunk at 0x7fad97d89500 of size 34611200
2019-02-17 19:41:19.151647: I tensorflow/core/common_runtime/bfc_allocator.cc:665] Chunk at 0x7fad99e8b500 of size 53510656
2019-02-17 19:41:19.151665: I tensorflow/core/common_runtime/bfc_allocator.cc:665] Chunk at 0x7fad9d193700 of size 113690880
2019-02-17 19:41:19.151684: I tensorflow/core/common_runtime/bfc_allocator.cc:665] Chunk at 0x7fada6000000 of size 16384
2019-02-17 19:41:19.151700: I tensorflow/core/common_runtime/bfc_allocator.cc:665] Chunk at 0x7fada6004000 of size 16384
2019-02-17 19:41:19.151717: I tensorflow/core/common_runtime/bfc_allocator.cc:665] Chunk at 0x7fada6008000 of size 16384
2019-02-17 19:41:19.151736: I tensorflow/core/common_runtime/bfc_allocator.cc:665] Chunk at 0x7fada600c000 of size 16384
2019-02-17 19:41:19.151754: I tensorflow/core/common_runtime/bfc_allocator.cc:665] Chunk at 0x7fada6010000 of size 16384
2019-02-17 19:41:19.151771: I tensorflow/core/common_runtime/bfc_allocator.cc:665] Chunk at 0x7fada6014000 of size 16384
2019-02-17 19:41:19.151787: I tensorflow/core/common_runtime/bfc_allocator.cc:665] Chunk at 0x7fada6018000 of size 16384
2019-02-17 19:41:19.151805: I tensorflow/core/common_runtime/bfc_allocator.cc:665] Chunk at 0x7fada601c000 of size 16384
2019-02-17 19:41:19.151823: I tensorflow/core/common_runtime/bfc_allocator.cc:665] Chunk at 0x7fada6020000 of size 256
2019-02-17 19:41:19.151842: I tensorflow/core/common_runtime/bfc_allocator.cc:665] Chunk at 0x7fada6020100 of size 16384
2019-02-17 19:41:19.151860: I tensorflow/core/common_runtime/bfc_allocator.cc:665] Chunk at 0x7fada6024100 of size 536870912
2019-02-17 19:41:19.151876: I tensorflow/core/common_runtime/bfc_allocator.cc:665] Chunk at 0x7fadc6024100 of size 256
2019-02-17 19:41:19.151893: I tensorflow/core/common_runtime/bfc_allocator.cc:665] Chunk at 0x7fadc6024200 of size 256
2019-02-17 19:41:19.151911: I tensorflow/core/common_runtime/bfc_allocator.cc:665] Chunk at 0x7fadc6024300 of size 256
2019-02-17 19:41:19.151928: I tensorflow/core/common_runtime/bfc_allocator.cc:665] Chunk at 0x7fadc6024400 of size 262144
2019-02-17 19:41:19.151946: I tensorflow/core/common_runtime/bfc_allocator.cc:665] Chunk at 0x7fadc6064400 of size 262144
2019-02-17 19:41:19.151962: I tensorflow/core/common_runtime/bfc_allocator.cc:665] Chunk at 0x7fadc60a4400 of size 24576
2019-02-17 19:41:19.151980: I tensorflow/core/common_runtime/bfc_allocator.cc:665] Chunk at 0x7fadc60aa400 of size 32768
2019-02-17 19:41:19.151996: I tensorflow/core/common_runtime/bfc_allocator.cc:665] Chunk at 0x7fadc60b2400 of size 204800
2019-02-17 19:41:19.152014: I tensorflow/core/common_runtime/bfc_allocator.cc:665] Chunk at 0x7fadc60e4400 of size 256
2019-02-17 19:41:19.152032: I tensorflow/core/common_runtime/bfc_allocator.cc:665] Chunk at 0x7fadc60e4500 of size 24576
2019-02-17 19:41:19.152050: I tensorflow/core/common_runtime/bfc_allocator.cc:665] Chunk at 0x7fadc60ea500 of size 24576
2019-02-17 19:41:19.152068: I tensorflow/core/common_runtime/bfc_allocator.cc:665] Chunk at 0x7fadc60f0500 of size 7424
2019-02-17 19:41:19.152086: I tensorflow/core/common_runtime/bfc_allocator.cc:665] Chunk at 0x7fadc60f2200 of size 256
2019-02-17 19:41:19.152104: I tensorflow/core/common_runtime/bfc_allocator.cc:665] Chunk at 0x7fadc60f2300 of size 256
2019-02-17 19:41:19.152120: I tensorflow/core/common_runtime/bfc_allocator.cc:665] Chunk at 0x7fadc60f2400 of size 1024
2019-02-17 19:41:19.152138: I tensorflow/core/common_runtime/bfc_allocator.cc:665] Chunk at 0x7fadc60f2800 of size 512
2019-02-17 19:41:19.152156: I tensorflow/core/common_runtime/bfc_allocator.cc:665] Chunk at 0x7fadc60f2a00 of size 4608
2019-02-17 19:41:19.152174: I tensorflow/core/common_runtime/bfc_allocator.cc:665] Chunk at 0x7fadc60f3c00 of size 512
2019-02-17 19:41:19.152190: I tensorflow/core/common_runtime/bfc_allocator.cc:665] Chunk at 0x7fadc60f3e00 of size 4096
2019-02-17 19:41:19.152208: I tensorflow/core/common_runtime/bfc_allocator.cc:665] Chunk at 0x7fadc60f4e00 of size 256
2019-02-17 19:41:19.152226: I tensorflow/core/common_runtime/bfc_allocator.cc:665] Chunk at 0x7fadc60f4f00 of size 256
2019-02-17 19:41:19.152244: I tensorflow/core/common_runtime/bfc_allocator.cc:665] Chunk at 0x7fadc60f5000 of size 256
2019-02-17 19:41:19.152261: I tensorflow/core/common_runtime/bfc_allocator.cc:665] Free  at 0x7fadc60f5100 of size 256
2019-02-17 19:41:19.152279: I tensorflow/core/common_runtime/bfc_allocator.cc:665] Chunk at 0x7fadc60f5200 of size 256
2019-02-17 19:41:19.152297: I tensorflow/core/common_runtime/bfc_allocator.cc:665] Chunk at 0x7fadc60f5300 of size 256
2019-02-17 19:41:19.152315: I tensorflow/core/common_runtime/bfc_allocator.cc:665] Chunk at 0x7fadc60f5400 of size 256
2019-02-17 19:41:19.152334: I tensorflow/core/common_runtime/bfc_allocator.cc:665] Chunk at 0x7fadc60f5500 of size 256
2019-02-17 19:41:19.152350: I tensorflow/core/common_runtime/bfc_allocator.cc:665] Chunk at 0x7fadc60f5600 of size 256
2019-02-17 19:41:19.152368: I tensorflow/core/common_runtime/bfc_allocator.cc:665] Chunk at 0x7fadc60f5700 of size 256
2019-02-17 19:41:19.152387: I tensorflow/core/common_runtime/bfc_allocator.cc:665] Chunk at 0x7fadc60f5800 of size 256
2019-02-17 19:41:19.152405: I tensorflow/core/common_runtime/bfc_allocator.cc:665] Chunk at 0x7fadc60f5900 of size 256
2019-02-17 19:41:19.152423: I tensorflow/core/common_runtime/bfc_allocator.cc:665] Chunk at 0x7fadc60f5a00 of size 256
2019-02-17 19:41:19.152439: I tensorflow/core/common_runtime/bfc_allocator.cc:665] Chunk at 0x7fadc60f5b00 of size 256
2019-02-17 19:41:19.152456: I tensorflow/core/common_runtime/bfc_allocator.cc:665] Chunk at 0x7fadc60f5c00 of size 256
2019-02-17 19:41:19.152474: I tensorflow/core/common_runtime/bfc_allocator.cc:665] Chunk at 0x7fadc60f5d00 of size 256
2019-02-17 19:41:19.152492: I tensorflow/core/common_runtime/bfc_allocator.cc:665] Chunk at 0x7fadc60f5e00 of size 256
2019-02-17 19:41:19.152516: I tensorflow/core/common_runtime/bfc_allocator.cc:665] Chunk at 0x7fadc60f5f00 of size 256
2019-02-17 19:41:19.152533: I tensorflow/core/common_runtime/bfc_allocator.cc:665] Chunk at 0x7fadc60f6000 of size 256
2019-02-17 19:41:19.152550: I tensorflow/core/common_runtime/bfc_allocator.cc:665] Chunk at 0x7fadc60f6100 of size 256
2019-02-17 19:41:19.152568: I tensorflow/core/common_runtime/bfc_allocator.cc:665] Chunk at 0x7fadc60f6200 of size 256
2019-02-17 19:41:19.152586: I tensorflow/core/common_runtime/bfc_allocator.cc:665] Chunk at 0x7fadc60f6300 of size 256
2019-02-17 19:41:19.152605: I tensorflow/core/common_runtime/bfc_allocator.cc:665] Chunk at 0x7fadc60f6400 of size 256
2019-02-17 19:41:19.152621: I tensorflow/core/common_runtime/bfc_allocator.cc:665] Chunk at 0x7fadc60f6500 of size 256
2019-02-17 19:41:19.152639: I tensorflow/core/common_runtime/bfc_allocator.cc:665] Chunk at 0x7fadc60f6600 of size 524288
2019-02-17 19:41:19.152657: I tensorflow/core/common_runtime/bfc_allocator.cc:665] Chunk at 0x7fadc6176600 of size 524288
2019-02-17 19:41:19.152675: I tensorflow/core/common_runtime/bfc_allocator.cc:665] Chunk at 0x7fadc61f6600 of size 256
2019-02-17 19:41:19.152693: I tensorflow/core/common_runtime/bfc_allocator.cc:665] Free  at 0x7fadc61f6700 of size 262144
2019-02-17 19:41:19.152709: I tensorflow/core/common_runtime/bfc_allocator.cc:665] Chunk at 0x7fadc6236700 of size 262656
2019-02-17 19:41:19.152726: I tensorflow/core/common_runtime/bfc_allocator.cc:665] Chunk at 0x7fadc6276900 of size 2097152
2019-02-17 19:41:19.152742: I tensorflow/core/common_runtime/bfc_allocator.cc:665] Chunk at 0x7fadc6476900 of size 2097152
2019-02-17 19:41:19.152760: I tensorflow/core/common_runtime/bfc_allocator.cc:665] Chunk at 0x7fadc6676900 of size 256
2019-02-17 19:41:19.152778: I tensorflow/core/common_runtime/bfc_allocator.cc:665] Chunk at 0x7fadc6676a00 of size 2098176
2019-02-17 19:41:19.152797: I tensorflow/core/common_runtime/bfc_allocator.cc:665] Chunk at 0x7fadc6876e00 of size 8388608
2019-02-17 19:41:19.152815: I tensorflow/core/common_runtime/bfc_allocator.cc:665] Chunk at 0x7fadc7076e00 of size 8388608
2019-02-17 19:41:19.152834: I tensorflow/core/common_runtime/bfc_allocator.cc:665] Chunk at 0x7fadc7876e00 of size 8390656
2019-02-17 19:41:19.152852: I tensorflow/core/common_runtime/bfc_allocator.cc:665] Chunk at 0x7fadc8077600 of size 32768
2019-02-17 19:41:19.152870: I tensorflow/core/common_runtime/bfc_allocator.cc:665] Chunk at 0x7fadc807f600 of size 32768
2019-02-17 19:41:19.152889: I tensorflow/core/common_runtime/bfc_allocator.cc:665] Chunk at 0x7fadc8087600 of size 256
2019-02-17 19:41:19.152908: I tensorflow/core/common_runtime/bfc_allocator.cc:665] Free  at 0x7fadc8087700 of size 33024
2019-02-17 19:41:19.152927: I tensorflow/core/common_runtime/bfc_allocator.cc:665] Chunk at 0x7fadc808f800 of size 256
2019-02-17 19:41:19.152943: I tensorflow/core/common_runtime/bfc_allocator.cc:665] Chunk at 0x7fadc808f900 of size 256
2019-02-17 19:41:19.152960: I tensorflow/core/common_runtime/bfc_allocator.cc:665] Chunk at 0x7fadc808fa00 of size 256
2019-02-17 19:41:19.152976: I tensorflow/core/common_runtime/bfc_allocator.cc:665] Chunk at 0x7fadc808fb00 of size 256
2019-02-17 19:41:19.152994: I tensorflow/core/common_runtime/bfc_allocator.cc:665] Chunk at 0x7fadc808fc00 of size 256
2019-02-17 19:41:19.153011: I tensorflow/core/common_runtime/bfc_allocator.cc:665] Chunk at 0x7fadc808fd00 of size 256
2019-02-17 19:41:19.153027: I tensorflow/core/common_runtime/bfc_allocator.cc:665] Chunk at 0x7fadc808fe00 of size 256
2019-02-17 19:41:19.153045: I tensorflow/core/common_runtime/bfc_allocator.cc:665] Chunk at 0x7fadc808ff00 of size 256
2019-02-17 19:41:19.153062: I tensorflow/core/common_runtime/bfc_allocator.cc:665] Chunk at 0x7fadc8090000 of size 256
2019-02-17 19:41:19.153078: I tensorflow/core/common_runtime/bfc_allocator.cc:665] Chunk at 0x7fadc8090100 of size 256
2019-02-17 19:41:19.153096: I tensorflow/core/common_runtime/bfc_allocator.cc:665] Chunk at 0x7fadc8090200 of size 256
2019-02-17 19:41:19.153115: I tensorflow/core/common_runtime/bfc_allocator.cc:665] Chunk at 0x7fadc8090300 of size 256
2019-02-17 19:41:19.153134: I tensorflow/core/common_runtime/bfc_allocator.cc:665] Chunk at 0x7fadc8090400 of size 256
2019-02-17 19:41:19.153152: I tensorflow/core/common_runtime/bfc_allocator.cc:665] Chunk at 0x7fadc8090500 of size 256
2019-02-17 19:41:19.153170: I tensorflow/core/common_runtime/bfc_allocator.cc:665] Chunk at 0x7fadc8090600 of size 256
2019-02-17 19:41:19.153188: I tensorflow/core/common_runtime/bfc_allocator.cc:665] Chunk at 0x7fadc8090700 of size 256
2019-02-17 19:41:19.153205: I tensorflow/core/common_runtime/bfc_allocator.cc:665] Chunk at 0x7fadc8090800 of size 256
2019-02-17 19:41:19.153221: I tensorflow/core/common_runtime/bfc_allocator.cc:665] Chunk at 0x7fadc8090900 of size 256
2019-02-17 19:41:19.153239: I tensorflow/core/common_runtime/bfc_allocator.cc:665] Chunk at 0x7fadc8090a00 of size 256
2019-02-17 19:41:19.153256: I tensorflow/core/common_runtime/bfc_allocator.cc:665] Chunk at 0x7fadc8090b00 of size 256
2019-02-17 19:41:19.153272: I tensorflow/core/common_runtime/bfc_allocator.cc:665] Chunk at 0x7fadc8090c00 of size 256
2019-02-17 19:41:19.153288: I tensorflow/core/common_runtime/bfc_allocator.cc:665] Chunk at 0x7fadc8090d00 of size 256
2019-02-17 19:41:19.153306: I tensorflow/core/common_runtime/bfc_allocator.cc:665] Chunk at 0x7fadc8090e00 of size 256
2019-02-17 19:41:19.153324: I tensorflow/core/common_runtime/bfc_allocator.cc:665] Chunk at 0x7fadc8090f00 of size 256
2019-02-17 19:41:19.153342: I tensorflow/core/common_runtime/bfc_allocator.cc:665] Chunk at 0x7fadc8091000 of size 256
2019-02-17 19:41:19.153358: I tensorflow/core/common_runtime/bfc_allocator.cc:665] Chunk at 0x7fadc8091100 of size 256
2019-02-17 19:41:19.153376: I tensorflow/core/common_runtime/bfc_allocator.cc:665] Chunk at 0x7fadc8091200 of size 256
2019-02-17 19:41:19.153393: I tensorflow/core/common_runtime/bfc_allocator.cc:665] Chunk at 0x7fadc8091300 of size 256
2019-02-17 19:41:19.153411: I tensorflow/core/common_runtime/bfc_allocator.cc:665] Chunk at 0x7fadc8091400 of size 256
2019-02-17 19:41:19.153428: I tensorflow/core/common_runtime/bfc_allocator.cc:665] Chunk at 0x7fadc8091500 of size 256
2019-02-17 19:41:19.153443: I tensorflow/core/common_runtime/bfc_allocator.cc:665] Chunk at 0x7fadc8091600 of size 256
2019-02-17 19:41:19.153461: I tensorflow/core/common_runtime/bfc_allocator.cc:665] Chunk at 0x7fadc8091700 of size 256
2019-02-17 19:41:19.153479: I tensorflow/core/common_runtime/bfc_allocator.cc:665] Chunk at 0x7fadc8091800 of size 256
2019-02-17 19:41:19.153497: I tensorflow/core/common_runtime/bfc_allocator.cc:665] Chunk at 0x7fadc8091900 of size 256
2019-02-17 19:41:19.153522: I tensorflow/core/common_runtime/bfc_allocator.cc:665] Chunk at 0x7fadc8091a00 of size 256
2019-02-17 19:41:19.153538: I tensorflow/core/common_runtime/bfc_allocator.cc:665] Chunk at 0x7fadc8091b00 of size 256
2019-02-17 19:41:19.153556: I tensorflow/core/common_runtime/bfc_allocator.cc:665] Chunk at 0x7fadc8091c00 of size 24576
2019-02-17 19:41:19.153574: I tensorflow/core/common_runtime/bfc_allocator.cc:665] Chunk at 0x7fadc8097c00 of size 32768
2019-02-17 19:41:19.153593: I tensorflow/core/common_runtime/bfc_allocator.cc:665] Chunk at 0x7fadc809fc00 of size 16384
2019-02-17 19:41:19.153609: I tensorflow/core/common_runtime/bfc_allocator.cc:665] Chunk at 0x7fadc80a3c00 of size 16384
2019-02-17 19:41:19.153627: I tensorflow/core/common_runtime/bfc_allocator.cc:665] Chunk at 0x7fadc80a7c00 of size 8192
2019-02-17 19:41:19.153645: I tensorflow/core/common_runtime/bfc_allocator.cc:665] Chunk at 0x7fadc80a9c00 of size 49152
2019-02-17 19:41:19.153663: I tensorflow/core/common_runtime/bfc_allocator.cc:665] Chunk at 0x7fadc80b5c00 of size 512
2019-02-17 19:41:19.153682: I tensorflow/core/common_runtime/bfc_allocator.cc:665] Chunk at 0x7fadc80b5e00 of size 294912
2019-02-17 19:41:19.153698: I tensorflow/core/common_runtime/bfc_allocator.cc:665] Chunk at 0x7fadc80fde00 of size 512
2019-02-17 19:41:19.153714: I tensorflow/core/common_runtime/bfc_allocator.cc:665] Chunk at 0x7fadc80fe000 of size 589824
2019-02-17 19:41:19.153734: I tensorflow/core/common_runtime/bfc_allocator.cc:665] Chunk at 0x7fadc818e000 of size 1024
2019-02-17 19:41:19.153752: I tensorflow/core/common_runtime/bfc_allocator.cc:665] Chunk at 0x7fadc818e400 of size 1179648
2019-02-17 19:41:19.153768: I tensorflow/core/common_runtime/bfc_allocator.cc:665] Chunk at 0x7fadc82ae400 of size 1024
2019-02-17 19:41:19.153786: I tensorflow/core/common_runtime/bfc_allocator.cc:665] Chunk at 0x7fadc82ae800 of size 2359296
2019-02-17 19:41:19.153804: I tensorflow/core/common_runtime/bfc_allocator.cc:665] Chunk at 0x7fadc84ee800 of size 1024
2019-02-17 19:41:19.153820: I tensorflow/core/common_runtime/bfc_allocator.cc:665] Chunk at 0x7fadc84eec00 of size 2359296
2019-02-17 19:41:19.153838: I tensorflow/core/common_runtime/bfc_allocator.cc:665] Chunk at 0x7fadc872ec00 of size 1024
2019-02-17 19:41:19.153853: I tensorflow/core/common_runtime/bfc_allocator.cc:665] Chunk at 0x7fadc872f000 of size 2359296
2019-02-17 19:41:19.153871: I tensorflow/core/common_runtime/bfc_allocator.cc:665] Chunk at 0x7fadc896f000 of size 2048
2019-02-17 19:41:19.153889: I tensorflow/core/common_runtime/bfc_allocator.cc:665] Chunk at 0x7fadc896f800 of size 4718592
2019-02-17 19:41:19.153907: I tensorflow/core/common_runtime/bfc_allocator.cc:665] Chunk at 0x7fadc8def800 of size 2048
2019-02-17 19:41:19.153925: I tensorflow/core/common_runtime/bfc_allocator.cc:665] Chunk at 0x7fadc8df0000 of size 9437184
2019-02-17 19:41:19.153941: I tensorflow/core/common_runtime/bfc_allocator.cc:665] Chunk at 0x7fadc96f0000 of size 2048
2019-02-17 19:41:19.153958: I tensorflow/core/common_runtime/bfc_allocator.cc:665] Chunk at 0x7fadc96f0800 of size 9437184
2019-02-17 19:41:19.153976: I tensorflow/core/common_runtime/bfc_allocator.cc:665] Chunk at 0x7fadc9ff0800 of size 2048
2019-02-17 19:41:19.153994: I tensorflow/core/common_runtime/bfc_allocator.cc:665] Chunk at 0x7fadc9ff1000 of size 9437184
2019-02-17 19:41:19.154010: I tensorflow/core/common_runtime/bfc_allocator.cc:665] Chunk at 0x7fadca8f1000 of size 1024
2019-02-17 19:41:19.154026: I tensorflow/core/common_runtime/bfc_allocator.cc:665] Chunk at 0x7fadca8f1400 of size 2048
2019-02-17 19:41:19.154043: I tensorflow/core/common_runtime/bfc_allocator.cc:665] Chunk at 0x7fadca8f1c00 of size 9437184
2019-02-17 19:41:19.154061: I tensorflow/core/common_runtime/bfc_allocator.cc:665] Chunk at 0x7fadcb1f1c00 of size 2048
2019-02-17 19:41:19.154080: I tensorflow/core/common_runtime/bfc_allocator.cc:665] Chunk at 0x7fadcb1f2400 of size 9437184
2019-02-17 19:41:19.154098: I tensorflow/core/common_runtime/bfc_allocator.cc:665] Chunk at 0x7fadcbaf2400 of size 1024
2019-02-17 19:41:19.154113: I tensorflow/core/common_runtime/bfc_allocator.cc:665] Chunk at 0x7fadcbaf2800 of size 2048
2019-02-17 19:41:19.154132: I tensorflow/core/common_runtime/bfc_allocator.cc:665] Chunk at 0x7fadcbaf3000 of size 9437440
2019-02-17 19:41:19.154149: I tensorflow/core/common_runtime/bfc_allocator.cc:665] Chunk at 0x7fadcc3f3100 of size 2048
2019-02-17 19:41:19.154169: I tensorflow/core/common_runtime/bfc_allocator.cc:665] Chunk at 0x7fadcc3f3900 of size 2097152
2019-02-17 19:41:19.154185: I tensorflow/core/common_runtime/bfc_allocator.cc:665] Chunk at 0x7fadcc5f3900 of size 2097152
2019-02-17 19:41:19.154203: I tensorflow/core/common_runtime/bfc_allocator.cc:665] Free  at 0x7fadcc7f3900 of size 3162112
2019-02-17 19:41:19.154221: I tensorflow/core/common_runtime/bfc_allocator.cc:665] Chunk at 0x7fadccaf7900 of size 2080768
2019-02-17 19:41:19.154239: I tensorflow/core/common_runtime/bfc_allocator.cc:665] Chunk at 0x7fadcccf3900 of size 16384
2019-02-17 19:41:19.154257: I tensorflow/core/common_runtime/bfc_allocator.cc:665] Chunk at 0x7fadcccf7900 of size 33554432
2019-02-17 19:41:19.154273: I tensorflow/core/common_runtime/bfc_allocator.cc:665] Chunk at 0x7fadcecf7900 of size 33554432
2019-02-17 19:41:19.154290: I tensorflow/core/common_runtime/bfc_allocator.cc:665] Chunk at 0x7fadd0cf7900 of size 33554432
2019-02-17 19:41:19.154309: I tensorflow/core/common_runtime/bfc_allocator.cc:665] Chunk at 0x7fadd2cf7900 of size 134217728
2019-02-17 19:41:19.154327: I tensorflow/core/common_runtime/bfc_allocator.cc:665] Free  at 0x7faddacf7900 of size 187729664
2019-02-17 19:41:19.154343: I tensorflow/core/common_runtime/bfc_allocator.cc:665] Chunk at 0x7fade6000000 of size 1024
2019-02-17 19:41:19.154361: I tensorflow/core/common_runtime/bfc_allocator.cc:665] Chunk at 0x7fade6000400 of size 1024
2019-02-17 19:41:19.154379: I tensorflow/core/common_runtime/bfc_allocator.cc:665] Chunk at 0x7fade6000800 of size 1024
2019-02-17 19:41:19.154395: I tensorflow/core/common_runtime/bfc_allocator.cc:665] Chunk at 0x7fade6000c00 of size 256
2019-02-17 19:41:19.154412: I tensorflow/core/common_runtime/bfc_allocator.cc:665] Chunk at 0x7fade6000d00 of size 1024
2019-02-17 19:41:19.154427: I tensorflow/core/common_runtime/bfc_allocator.cc:665] Chunk at 0x7fade6001100 of size 1024
2019-02-17 19:41:19.154445: I tensorflow/core/common_runtime/bfc_allocator.cc:665] Chunk at 0x7fade6001500 of size 1024
2019-02-17 19:41:19.154464: I tensorflow/core/common_runtime/bfc_allocator.cc:665] Chunk at 0x7fade6001900 of size 1024
2019-02-17 19:41:19.154482: I tensorflow/core/common_runtime/bfc_allocator.cc:665] Chunk at 0x7fade6001d00 of size 1024
2019-02-17 19:41:19.154500: I tensorflow/core/common_runtime/bfc_allocator.cc:665] Chunk at 0x7fade6002100 of size 1024
2019-02-17 19:41:19.154522: I tensorflow/core/common_runtime/bfc_allocator.cc:665] Chunk at 0x7fade6002500 of size 2097152
2019-02-17 19:41:19.154540: I tensorflow/core/common_runtime/bfc_allocator.cc:665] Chunk at 0x7fade6202500 of size 2097152
2019-02-17 19:41:19.154559: I tensorflow/core/common_runtime/bfc_allocator.cc:665] Chunk at 0x7fade6402500 of size 256
2019-02-17 19:41:19.154579: I tensorflow/core/common_runtime/bfc_allocator.cc:665] Chunk at 0x7fade6402600 of size 524288
2019-02-17 19:41:19.154597: I tensorflow/core/common_runtime/bfc_allocator.cc:665] Chunk at 0x7fade6482600 of size 589824
2019-02-17 19:41:19.154613: I tensorflow/core/common_runtime/bfc_allocator.cc:665] Free  at 0x7fade6512600 of size 16384
2019-02-17 19:41:19.154630: I tensorflow/core/common_runtime/bfc_allocator.cc:665] Chunk at 0x7fade6516600 of size 16384
2019-02-17 19:41:19.154648: I tensorflow/core/common_runtime/bfc_allocator.cc:665] Chunk at 0x7fade651a600 of size 16384
2019-02-17 19:41:19.154666: I tensorflow/core/common_runtime/bfc_allocator.cc:665] Chunk at 0x7fade651e600 of size 16384
2019-02-17 19:41:19.154684: I tensorflow/core/common_runtime/bfc_allocator.cc:665] Chunk at 0x7fade6522600 of size 2048
2019-02-17 19:41:19.154700: I tensorflow/core/common_runtime/bfc_allocator.cc:665] Chunk at 0x7fade6522e00 of size 2048
2019-02-17 19:41:19.154718: I tensorflow/core/common_runtime/bfc_allocator.cc:665] Chunk at 0x7fade6523600 of size 256
2019-02-17 19:41:19.154737: I tensorflow/core/common_runtime/bfc_allocator.cc:665] Free  at 0x7fade6523700 of size 256
2019-02-17 19:41:19.154755: I tensorflow/core/common_runtime/bfc_allocator.cc:665] Chunk at 0x7fade6523800 of size 256
2019-02-17 19:41:19.154773: I tensorflow/core/common_runtime/bfc_allocator.cc:665] Free  at 0x7fade6523900 of size 256
2019-02-17 19:41:19.154791: I tensorflow/core/common_runtime/bfc_allocator.cc:665] Chunk at 0x7fade6523a00 of size 256
2019-02-17 19:41:19.154809: I tensorflow/core/common_runtime/bfc_allocator.cc:665] Free  at 0x7fade6523b00 of size 256
2019-02-17 19:41:19.154827: I tensorflow/core/common_runtime/bfc_allocator.cc:665] Chunk at 0x7fade6523c00 of size 256
2019-02-17 19:41:19.154845: I tensorflow/core/common_runtime/bfc_allocator.cc:665] Free  at 0x7fade6523d00 of size 256
2019-02-17 19:41:19.154861: I tensorflow/core/common_runtime/bfc_allocator.cc:665] Chunk at 0x7fade6523e00 of size 256
2019-02-17 19:41:19.154878: I tensorflow/core/common_runtime/bfc_allocator.cc:665] Chunk at 0x7fade6523f00 of size 256
2019-02-17 19:41:19.154896: I tensorflow/core/common_runtime/bfc_allocator.cc:665] Chunk at 0x7fade6524000 of size 256
2019-02-17 19:41:19.154915: I tensorflow/core/common_runtime/bfc_allocator.cc:665] Chunk at 0x7fade6524100 of size 256
2019-02-17 19:41:19.154933: I tensorflow/core/common_runtime/bfc_allocator.cc:665] Chunk at 0x7fade6524200 of size 256
2019-02-17 19:41:19.154949: I tensorflow/core/common_runtime/bfc_allocator.cc:665] Chunk at 0x7fade6524300 of size 256
2019-02-17 19:41:19.154967: I tensorflow/core/common_runtime/bfc_allocator.cc:665] Chunk at 0x7fade6524400 of size 512
2019-02-17 19:41:19.154985: I tensorflow/core/common_runtime/bfc_allocator.cc:665] Chunk at 0x7fade6524600 of size 1024
2019-02-17 19:41:19.155001: I tensorflow/core/common_runtime/bfc_allocator.cc:665] Chunk at 0x7fade6524a00 of size 256
2019-02-17 19:41:19.155019: I tensorflow/core/common_runtime/bfc_allocator.cc:665] Chunk at 0x7fade6524b00 of size 2048
2019-02-17 19:41:19.155038: I tensorflow/core/common_runtime/bfc_allocator.cc:665] Chunk at 0x7fade6525300 of size 256
2019-02-17 19:41:19.155056: I tensorflow/core/common_runtime/bfc_allocator.cc:665] Chunk at 0x7fade6525400 of size 256
2019-02-17 19:41:19.155074: I tensorflow/core/common_runtime/bfc_allocator.cc:665] Chunk at 0x7fade6525500 of size 256
2019-02-17 19:41:19.155091: I tensorflow/core/common_runtime/bfc_allocator.cc:665] Chunk at 0x7fade6525600 of size 256
2019-02-17 19:41:19.155109: I tensorflow/core/common_runtime/bfc_allocator.cc:665] Chunk at 0x7fade6525700 of size 256
2019-02-17 19:41:19.155127: I tensorflow/core/common_runtime/bfc_allocator.cc:665] Chunk at 0x7fade6525800 of size 256
2019-02-17 19:41:19.155146: I tensorflow/core/common_runtime/bfc_allocator.cc:665] Chunk at 0x7fade6525900 of size 256
2019-02-17 19:41:19.155162: I tensorflow/core/common_runtime/bfc_allocator.cc:665] Chunk at 0x7fade6525a00 of size 256
2019-02-17 19:41:19.155180: I tensorflow/core/common_runtime/bfc_allocator.cc:665] Chunk at 0x7fade6525b00 of size 256
2019-02-17 19:41:19.155195: I tensorflow/core/common_runtime/bfc_allocator.cc:665] Chunk at 0x7fade6525c00 of size 256
2019-02-17 19:41:19.155213: I tensorflow/core/common_runtime/bfc_allocator.cc:665] Chunk at 0x7fade6525d00 of size 256
2019-02-17 19:41:19.155231: I tensorflow/core/common_runtime/bfc_allocator.cc:665] Chunk at 0x7fade6525e00 of size 1024
2019-02-17 19:41:19.155251: I tensorflow/core/common_runtime/bfc_allocator.cc:665] Chunk at 0x7fade6526200 of size 1024
2019-02-17 19:41:19.155268: I tensorflow/core/common_runtime/bfc_allocator.cc:665] Free  at 0x7fade6526600 of size 2560
2019-02-17 19:41:19.155284: I tensorflow/core/common_runtime/bfc_allocator.cc:665] Chunk at 0x7fade6527000 of size 7424
2019-02-17 19:41:19.155300: I tensorflow/core/common_runtime/bfc_allocator.cc:665] Chunk at 0x7fade6528d00 of size 256
2019-02-17 19:41:19.155318: I tensorflow/core/common_runtime/bfc_allocator.cc:665] Free  at 0x7fade6528e00 of size 294912
2019-02-17 19:41:19.155335: I tensorflow/core/common_runtime/bfc_allocator.cc:665] Chunk at 0x7fade6570e00 of size 37632
2019-02-17 19:41:19.155354: I tensorflow/core/common_runtime/bfc_allocator.cc:665] Chunk at 0x7fade657a100 of size 24576
2019-02-17 19:41:19.155370: I tensorflow/core/common_runtime/bfc_allocator.cc:665] Chunk at 0x7fade6580100 of size 533760
2019-02-17 19:41:19.155388: I tensorflow/core/common_runtime/bfc_allocator.cc:665] Chunk at 0x7fade6602600 of size 2048
2019-02-17 19:41:19.155404: I tensorflow/core/common_runtime/bfc_allocator.cc:665] Chunk at 0x7fade6602e00 of size 2048
2019-02-17 19:41:19.155420: I tensorflow/core/common_runtime/bfc_allocator.cc:665] Chunk at 0x7fade6603600 of size 2048
2019-02-17 19:41:19.155435: I tensorflow/core/common_runtime/bfc_allocator.cc:665] Chunk at 0x7fade6603e00 of size 2048
2019-02-17 19:41:19.155453: I tensorflow/core/common_runtime/bfc_allocator.cc:665] Chunk at 0x7fade6604600 of size 2048
2019-02-17 19:41:19.155471: I tensorflow/core/common_runtime/bfc_allocator.cc:665] Chunk at 0x7fade6604e00 of size 256
2019-02-17 19:41:19.155487: I tensorflow/core/common_runtime/bfc_allocator.cc:665] Chunk at 0x7fade6604f00 of size 1024
2019-02-17 19:41:19.155504: I tensorflow/core/common_runtime/bfc_allocator.cc:665] Chunk at 0x7fade6605300 of size 1024
2019-02-17 19:41:19.155526: I tensorflow/core/common_runtime/bfc_allocator.cc:665] Chunk at 0x7fade6605700 of size 2048
2019-02-17 19:41:19.155545: I tensorflow/core/common_runtime/bfc_allocator.cc:665] Chunk at 0x7fade6605f00 of size 2048
2019-02-17 19:41:19.155564: I tensorflow/core/common_runtime/bfc_allocator.cc:665] Chunk at 0x7fade6606700 of size 2048
2019-02-17 19:41:19.155582: I tensorflow/core/common_runtime/bfc_allocator.cc:665] Chunk at 0x7fade6606f00 of size 256
2019-02-17 19:41:19.155601: I tensorflow/core/common_runtime/bfc_allocator.cc:665] Chunk at 0x7fade6607000 of size 8388608
2019-02-17 19:41:19.155621: I tensorflow/core/common_runtime/bfc_allocator.cc:665] Chunk at 0x7fade6e07000 of size 8388608
2019-02-17 19:41:19.155638: I tensorflow/core/common_runtime/bfc_allocator.cc:665] Chunk at 0x7fade7607000 of size 2097152
2019-02-17 19:41:19.155656: I tensorflow/core/common_runtime/bfc_allocator.cc:665] Chunk at 0x7fade7807000 of size 2359296
2019-02-17 19:41:19.155672: I tensorflow/core/common_runtime/bfc_allocator.cc:665] Chunk at 0x7fade7a47000 of size 1572864
2019-02-17 19:41:19.155690: I tensorflow/core/common_runtime/bfc_allocator.cc:665] Free  at 0x7fade7bc7000 of size 1048576
2019-02-17 19:41:19.155708: I tensorflow/core/common_runtime/bfc_allocator.cc:665] Chunk at 0x7fade7cc7000 of size 524288
2019-02-17 19:41:19.155725: I tensorflow/core/common_runtime/bfc_allocator.cc:665] Chunk at 0x7fade7d47000 of size 786432
2019-02-17 19:41:19.155743: I tensorflow/core/common_runtime/bfc_allocator.cc:665] Chunk at 0x7fade7e07000 of size 4096
2019-02-17 19:41:19.155759: I tensorflow/core/common_runtime/bfc_allocator.cc:665] Chunk at 0x7fade7e08000 of size 4096
2019-02-17 19:41:19.155776: I tensorflow/core/common_runtime/bfc_allocator.cc:665] Chunk at 0x7fade7e09000 of size 4096
2019-02-17 19:41:19.155796: I tensorflow/core/common_runtime/bfc_allocator.cc:665] Chunk at 0x7fade7e0a000 of size 256
2019-02-17 19:41:19.155813: I tensorflow/core/common_runtime/bfc_allocator.cc:665] Chunk at 0x7fade7e0a100 of size 4096
2019-02-17 19:41:19.155831: I tensorflow/core/common_runtime/bfc_allocator.cc:665] Chunk at 0x7fade7e0b100 of size 4096
2019-02-17 19:41:19.155847: I tensorflow/core/common_runtime/bfc_allocator.cc:665] Chunk at 0x7fade7e0c100 of size 2048
2019-02-17 19:41:19.155865: I tensorflow/core/common_runtime/bfc_allocator.cc:665] Chunk at 0x7fade7e0c900 of size 256
2019-02-17 19:41:19.155883: I tensorflow/core/common_runtime/bfc_allocator.cc:665] Chunk at 0x7fade7e0ca00 of size 512
2019-02-17 19:41:19.155902: I tensorflow/core/common_runtime/bfc_allocator.cc:665] Chunk at 0x7fade7e0cc00 of size 256
2019-02-17 19:41:19.155921: I tensorflow/core/common_runtime/bfc_allocator.cc:665] Chunk at 0x7fade7e0cd00 of size 256
2019-02-17 19:41:19.155936: I tensorflow/core/common_runtime/bfc_allocator.cc:665] Chunk at 0x7fade7e0ce00 of size 256
2019-02-17 19:41:19.155954: I tensorflow/core/common_runtime/bfc_allocator.cc:665] Chunk at 0x7fade7e0cf00 of size 256
2019-02-17 19:41:19.155970: I tensorflow/core/common_runtime/bfc_allocator.cc:665] Chunk at 0x7fade7e0d000 of size 256
2019-02-17 19:41:19.155987: I tensorflow/core/common_runtime/bfc_allocator.cc:665] Chunk at 0x7fade7e0d100 of size 4096
2019-02-17 19:41:19.156005: I tensorflow/core/common_runtime/bfc_allocator.cc:665] Chunk at 0x7fade7e0e100 of size 4096
2019-02-17 19:41:19.156021: I tensorflow/core/common_runtime/bfc_allocator.cc:665] Chunk at 0x7fade7e0f100 of size 1024
2019-02-17 19:41:19.156036: I tensorflow/core/common_runtime/bfc_allocator.cc:665] Chunk at 0x7fade7e0f500 of size 4096
2019-02-17 19:41:19.156052: I tensorflow/core/common_runtime/bfc_allocator.cc:665] Chunk at 0x7fade7e10500 of size 33554432
2019-02-17 19:41:19.156070: I tensorflow/core/common_runtime/bfc_allocator.cc:665] Chunk at 0x7fade9e10500 of size 33554432
2019-02-17 19:41:19.156088: I tensorflow/core/common_runtime/bfc_allocator.cc:665] Chunk at 0x7fadebe10500 of size 8388608
2019-02-17 19:41:19.156104: I tensorflow/core/common_runtime/bfc_allocator.cc:665] Chunk at 0x7fadec610500 of size 9437184
2019-02-17 19:41:19.156122: I tensorflow/core/common_runtime/bfc_allocator.cc:665] Free  at 0x7fadecf10500 of size 15728640
2019-02-17 19:41:19.156140: I tensorflow/core/common_runtime/bfc_allocator.cc:665] Chunk at 0x7fadede10500 of size 8192
2019-02-17 19:41:19.156158: I tensorflow/core/common_runtime/bfc_allocator.cc:665] Chunk at 0x7fadede12500 of size 8192
2019-02-17 19:41:19.156177: I tensorflow/core/common_runtime/bfc_allocator.cc:665] Chunk at 0x7fadede14500 of size 1024
2019-02-17 19:41:19.156193: I tensorflow/core/common_runtime/bfc_allocator.cc:665] Chunk at 0x7fadede14900 of size 8192
2019-02-17 19:41:19.156211: I tensorflow/core/common_runtime/bfc_allocator.cc:665] Chunk at 0x7fadede16900 of size 8192
2019-02-17 19:41:19.156231: I tensorflow/core/common_runtime/bfc_allocator.cc:665] Chunk at 0x7fadede18900 of size 8192
2019-02-17 19:41:19.156249: I tensorflow/core/common_runtime/bfc_allocator.cc:665] Chunk at 0x7fadede1a900 of size 8192
2019-02-17 19:41:19.156267: I tensorflow/core/common_runtime/bfc_allocator.cc:665] Chunk at 0x7fadede1c900 of size 8192
2019-02-17 19:41:19.156283: I tensorflow/core/common_runtime/bfc_allocator.cc:665] Chunk at 0x7fadede1e900 of size 512
2019-02-17 19:41:19.156301: I tensorflow/core/common_runtime/bfc_allocator.cc:665] Chunk at 0x7fadede1eb00 of size 256
2019-02-17 19:41:19.156320: I tensorflow/core/common_runtime/bfc_allocator.cc:665] Chunk at 0x7fadede1ec00 of size 256
2019-02-17 19:41:19.156338: I tensorflow/core/common_runtime/bfc_allocator.cc:665] Chunk at 0x7fadede1ed00 of size 8192
2019-02-17 19:41:19.156356: I tensorflow/core/common_runtime/bfc_allocator.cc:665] Chunk at 0x7fadede20d00 of size 8192
2019-02-17 19:41:19.156372: I tensorflow/core/common_runtime/bfc_allocator.cc:665] Chunk at 0x7fadede22d00 of size 134217728
2019-02-17 19:41:19.156390: I tensorflow/core/common_runtime/bfc_allocator.cc:665] Chunk at 0x7fadf5e22d00 of size 134217728
2019-02-17 19:41:19.156409: I tensorflow/core/common_runtime/bfc_allocator.cc:665] Chunk at 0x7fadfde22d00 of size 67108864
2019-02-17 19:41:19.156428: I tensorflow/core/common_runtime/bfc_allocator.cc:665] Chunk at 0x7fae01e22d00 of size 16777216
2019-02-17 19:41:19.156446: I tensorflow/core/common_runtime/bfc_allocator.cc:665] Free  at 0x7fae02e22d00 of size 8388608
2019-02-17 19:41:19.156462: I tensorflow/core/common_runtime/bfc_allocator.cc:665] Chunk at 0x7fae03622d00 of size 2916352
2019-02-17 19:41:19.156480: I tensorflow/core/common_runtime/bfc_allocator.cc:665] Free  at 0x7fae038ead00 of size 5738496
2019-02-17 19:41:19.156500: I tensorflow/core/common_runtime/bfc_allocator.cc:665] Chunk at 0x7fae03e63d00 of size 2367488
2019-02-17 19:41:19.156521: I tensorflow/core/common_runtime/bfc_allocator.cc:665] Free  at 0x7fae040a5d00 of size 7340032
2019-02-17 19:41:19.156539: I tensorflow/core/common_runtime/bfc_allocator.cc:665] Chunk at 0x7fae047a5d00 of size 8192
2019-02-17 19:41:19.156555: I tensorflow/core/common_runtime/bfc_allocator.cc:665] Chunk at 0x7fae047a7d00 of size 24576
2019-02-17 19:41:19.156573: I tensorflow/core/common_runtime/bfc_allocator.cc:665] Chunk at 0x7fae047add00 of size 32768
2019-02-17 19:41:19.156591: I tensorflow/core/common_runtime/bfc_allocator.cc:665] Free  at 0x7fae047b5d00 of size 5709824
2019-02-17 19:41:19.156607: I tensorflow/core/common_runtime/bfc_allocator.cc:665] Chunk at 0x7fae04d27d00 of size 15470592
2019-02-17 19:41:19.156625: I tensorflow/core/common_runtime/bfc_allocator.cc:665] Chunk at 0x7fae05be8d00 of size 4289280
2019-02-17 19:41:19.156643: I tensorflow/core/common_runtime/bfc_allocator.cc:665] Chunk at 0x7fae06000000 of size 536870912
2019-02-17 19:41:19.156662: I tensorflow/core/common_runtime/bfc_allocator.cc:665] Chunk at 0x7fae46000000 of size 134217728
2019-02-17 19:41:19.156682: I tensorflow/core/common_runtime/bfc_allocator.cc:665] Chunk at 0x7fae56000000 of size 33554432
2019-02-17 19:41:19.156698: I tensorflow/core/common_runtime/bfc_allocator.cc:665] Chunk at 0x7faec4e00000 of size 8388608
2019-02-17 19:41:19.156716: I tensorflow/core/common_runtime/bfc_allocator.cc:665] Chunk at 0x7faf84200000 of size 2097152
2019-02-17 19:41:19.156734: I tensorflow/core/common_runtime/bfc_allocator.cc:665] Chunk at 0x7faf84400000 of size 256
2019-02-17 19:41:19.156752: I tensorflow/core/common_runtime/bfc_allocator.cc:665] Chunk at 0x7faf84400100 of size 256
2019-02-17 19:41:19.156770: I tensorflow/core/common_runtime/bfc_allocator.cc:665] Chunk at 0x7faf84400200 of size 256
2019-02-17 19:41:19.156786: I tensorflow/core/common_runtime/bfc_allocator.cc:665] Chunk at 0x7faf84400300 of size 294912
2019-02-17 19:41:19.156804: I tensorflow/core/common_runtime/bfc_allocator.cc:665] Chunk at 0x7faf84448300 of size 256
2019-02-17 19:41:19.156819: I tensorflow/core/common_runtime/bfc_allocator.cc:665] Chunk at 0x7faf84448400 of size 256
2019-02-17 19:41:19.156837: I tensorflow/core/common_runtime/bfc_allocator.cc:665] Chunk at 0x7faf84448500 of size 256
2019-02-17 19:41:19.156854: I tensorflow/core/common_runtime/bfc_allocator.cc:665] Chunk at 0x7faf84448600 of size 37632
2019-02-17 19:41:19.156874: I tensorflow/core/common_runtime/bfc_allocator.cc:665] Chunk at 0x7faf84451900 of size 512
2019-02-17 19:41:19.156890: I tensorflow/core/common_runtime/bfc_allocator.cc:665] Chunk at 0x7faf84451b00 of size 512
2019-02-17 19:41:19.156909: I tensorflow/core/common_runtime/bfc_allocator.cc:665] Chunk at 0x7faf84451d00 of size 512
2019-02-17 19:41:19.156924: I tensorflow/core/common_runtime/bfc_allocator.cc:665] Chunk at 0x7faf84451f00 of size 256
2019-02-17 19:41:19.156940: I tensorflow/core/common_runtime/bfc_allocator.cc:665] Chunk at 0x7faf84452000 of size 256
2019-02-17 19:41:19.156956: I tensorflow/core/common_runtime/bfc_allocator.cc:665] Chunk at 0x7faf84452100 of size 256
2019-02-17 19:41:19.156972: I tensorflow/core/common_runtime/bfc_allocator.cc:665] Chunk at 0x7faf84452200 of size 256
2019-02-17 19:41:19.156990: I tensorflow/core/common_runtime/bfc_allocator.cc:665] Chunk at 0x7faf84452300 of size 24576
2019-02-17 19:41:19.157005: I tensorflow/core/common_runtime/bfc_allocator.cc:665] Chunk at 0x7faf84458300 of size 24576
2019-02-17 19:41:19.157022: I tensorflow/core/common_runtime/bfc_allocator.cc:665] Chunk at 0x7faf8445e300 of size 37632
2019-02-17 19:41:19.157038: I tensorflow/core/common_runtime/bfc_allocator.cc:665] Chunk at 0x7faf84467600 of size 512
2019-02-17 19:41:19.157055: I tensorflow/core/common_runtime/bfc_allocator.cc:665] Chunk at 0x7faf84467800 of size 1024
2019-02-17 19:41:19.157071: I tensorflow/core/common_runtime/bfc_allocator.cc:665] Chunk at 0x7faf84467c00 of size 2048
2019-02-17 19:41:19.157089: I tensorflow/core/common_runtime/bfc_allocator.cc:665] Chunk at 0x7faf84468400 of size 4096
2019-02-17 19:41:19.157107: I tensorflow/core/common_runtime/bfc_allocator.cc:665] Chunk at 0x7faf84469400 of size 8192
2019-02-17 19:41:19.157123: I tensorflow/core/common_runtime/bfc_allocator.cc:665] Chunk at 0x7faf8446b400 of size 256
2019-02-17 19:41:19.157140: I tensorflow/core/common_runtime/bfc_allocator.cc:665] Chunk at 0x7faf8446b500 of size 256
2019-02-17 19:41:19.157156: I tensorflow/core/common_runtime/bfc_allocator.cc:665] Chunk at 0x7faf8446b600 of size 8192
2019-02-17 19:41:19.157174: I tensorflow/core/common_runtime/bfc_allocator.cc:665] Chunk at 0x7faf8446d600 of size 512
2019-02-17 19:41:19.157193: I tensorflow/core/common_runtime/bfc_allocator.cc:665] Chunk at 0x7faf8446d800 of size 512
2019-02-17 19:41:19.157211: I tensorflow/core/common_runtime/bfc_allocator.cc:665] Chunk at 0x7faf8446da00 of size 512
2019-02-17 19:41:19.157227: I tensorflow/core/common_runtime/bfc_allocator.cc:665] Chunk at 0x7faf8446dc00 of size 512
2019-02-17 19:41:19.157245: I tensorflow/core/common_runtime/bfc_allocator.cc:665] Chunk at 0x7faf8446de00 of size 512
2019-02-17 19:41:19.157263: I tensorflow/core/common_runtime/bfc_allocator.cc:665] Chunk at 0x7faf8446e000 of size 256
2019-02-17 19:41:19.157280: I tensorflow/core/common_runtime/bfc_allocator.cc:665] Chunk at 0x7faf8446e100 of size 256
2019-02-17 19:41:19.157298: I tensorflow/core/common_runtime/bfc_allocator.cc:665] Chunk at 0x7faf8446e200 of size 512
2019-02-17 19:41:19.157314: I tensorflow/core/common_runtime/bfc_allocator.cc:665] Chunk at 0x7faf8446e400 of size 512
2019-02-17 19:41:19.157332: I tensorflow/core/common_runtime/bfc_allocator.cc:665] Chunk at 0x7faf8446e600 of size 512
2019-02-17 19:41:19.157349: I tensorflow/core/common_runtime/bfc_allocator.cc:665] Chunk at 0x7faf8446e800 of size 524288
2019-02-17 19:41:19.157367: I tensorflow/core/common_runtime/bfc_allocator.cc:665] Chunk at 0x7faf844ee800 of size 524288
2019-02-17 19:41:19.157384: I tensorflow/core/common_runtime/bfc_allocator.cc:665] Chunk at 0x7faf8456e800 of size 256
2019-02-17 19:41:19.157404: I tensorflow/core/common_runtime/bfc_allocator.cc:665] Chunk at 0x7faf8456e900 of size 16384
2019-02-17 19:41:19.157424: I tensorflow/core/common_runtime/bfc_allocator.cc:665] Chunk at 0x7faf84572900 of size 262144
2019-02-17 19:41:19.157440: I tensorflow/core/common_runtime/bfc_allocator.cc:665] Chunk at 0x7faf845b2900 of size 317184
2019-02-17 19:41:19.157458: I tensorflow/core/common_runtime/bfc_allocator.cc:665] Chunk at 0x7fafa4400000 of size 256
2019-02-17 19:41:19.157476: I tensorflow/core/common_runtime/bfc_allocator.cc:665] Chunk at 0x7fafa4400100 of size 256
2019-02-17 19:41:19.157492: I tensorflow/core/common_runtime/bfc_allocator.cc:665] Chunk at 0x7fafa4400200 of size 1024
2019-02-17 19:41:19.157520: I tensorflow/core/common_runtime/bfc_allocator.cc:665] Chunk at 0x7fafa4400600 of size 1024
2019-02-17 19:41:19.157536: I tensorflow/core/common_runtime/bfc_allocator.cc:665] Chunk at 0x7fafa4400a00 of size 256
2019-02-17 19:41:19.157554: I tensorflow/core/common_runtime/bfc_allocator.cc:665] Chunk at 0x7fafa4400b00 of size 256
2019-02-17 19:41:19.157569: I tensorflow/core/common_runtime/bfc_allocator.cc:665] Chunk at 0x7fafa4400c00 of size 256
2019-02-17 19:41:19.157587: I tensorflow/core/common_runtime/bfc_allocator.cc:665] Chunk at 0x7fafa4400d00 of size 1024
2019-02-17 19:41:19.157605: I tensorflow/core/common_runtime/bfc_allocator.cc:665] Chunk at 0x7fafa4401100 of size 256
2019-02-17 19:41:19.157620: I tensorflow/core/common_runtime/bfc_allocator.cc:665] Chunk at 0x7fafa4401200 of size 256
2019-02-17 19:41:19.157636: I tensorflow/core/common_runtime/bfc_allocator.cc:665] Chunk at 0x7fafa4401300 of size 2048
2019-02-17 19:41:19.157653: I tensorflow/core/common_runtime/bfc_allocator.cc:665] Chunk at 0x7fafa4401b00 of size 2048
2019-02-17 19:41:19.157681: I tensorflow/core/common_runtime/bfc_allocator.cc:665] Chunk at 0x7fafa4402300 of size 256
2019-02-17 19:41:19.157697: I tensorflow/core/common_runtime/bfc_allocator.cc:665] Chunk at 0x7fafa4402400 of size 256
2019-02-17 19:41:19.157712: I tensorflow/core/common_runtime/bfc_allocator.cc:665] Chunk at 0x7fafa4402500 of size 256
2019-02-17 19:41:19.157728: I tensorflow/core/common_runtime/bfc_allocator.cc:665] Chunk at 0x7fafa4402600 of size 2048
2019-02-17 19:41:19.157743: I tensorflow/core/common_runtime/bfc_allocator.cc:665] Chunk at 0x7fafa4402e00 of size 256
2019-02-17 19:41:19.157759: I tensorflow/core/common_runtime/bfc_allocator.cc:665] Chunk at 0x7fafa4402f00 of size 4096
2019-02-17 19:41:19.157777: I tensorflow/core/common_runtime/bfc_allocator.cc:665] Chunk at 0x7fafa4403f00 of size 256
2019-02-17 19:41:19.157792: I tensorflow/core/common_runtime/bfc_allocator.cc:665] Chunk at 0x7fafa4404000 of size 256
2019-02-17 19:41:19.157808: I tensorflow/core/common_runtime/bfc_allocator.cc:665] Chunk at 0x7fafa4404100 of size 1024
2019-02-17 19:41:19.157825: I tensorflow/core/common_runtime/bfc_allocator.cc:665] Chunk at 0x7fafa4404500 of size 4096
2019-02-17 19:41:19.157839: I tensorflow/core/common_runtime/bfc_allocator.cc:665] Chunk at 0x7fafa4405500 of size 256
2019-02-17 19:41:19.157856: I tensorflow/core/common_runtime/bfc_allocator.cc:665] Chunk at 0x7fafa4405600 of size 8192
2019-02-17 19:41:19.157874: I tensorflow/core/common_runtime/bfc_allocator.cc:665] Chunk at 0x7fafa4407600 of size 256
2019-02-17 19:41:19.157888: I tensorflow/core/common_runtime/bfc_allocator.cc:665] Chunk at 0x7fafa4407700 of size 256
2019-02-17 19:41:19.157904: I tensorflow/core/common_runtime/bfc_allocator.cc:665] Chunk at 0x7fafa4407800 of size 8192
2019-02-17 19:41:19.157921: I tensorflow/core/common_runtime/bfc_allocator.cc:665] Chunk at 0x7fafa4409800 of size 256
2019-02-17 19:41:19.157939: I tensorflow/core/common_runtime/bfc_allocator.cc:665] Chunk at 0x7fafa4409900 of size 256
2019-02-17 19:41:19.157953: I tensorflow/core/common_runtime/bfc_allocator.cc:665] Chunk at 0x7fafa4409a00 of size 16384
2019-02-17 19:41:19.157970: I tensorflow/core/common_runtime/bfc_allocator.cc:665] Chunk at 0x7fafa440da00 of size 256
2019-02-17 19:41:19.157987: I tensorflow/core/common_runtime/bfc_allocator.cc:665] Chunk at 0x7fafa440db00 of size 256
2019-02-17 19:41:19.158005: I tensorflow/core/common_runtime/bfc_allocator.cc:665] Chunk at 0x7fafa440dc00 of size 16384
2019-02-17 19:41:19.158020: I tensorflow/core/common_runtime/bfc_allocator.cc:665] Chunk at 0x7fafa4411c00 of size 256
2019-02-17 19:41:19.158036: I tensorflow/core/common_runtime/bfc_allocator.cc:665] Chunk at 0x7fafa4411d00 of size 256
2019-02-17 19:41:19.158050: I tensorflow/core/common_runtime/bfc_allocator.cc:665] Chunk at 0x7fafa4411e00 of size 262144
2019-02-17 19:41:19.158067: I tensorflow/core/common_runtime/bfc_allocator.cc:665] Chunk at 0x7fafa4451e00 of size 256
2019-02-17 19:41:19.158081: I tensorflow/core/common_runtime/bfc_allocator.cc:665] Chunk at 0x7fafa4451f00 of size 256
2019-02-17 19:41:19.158098: I tensorflow/core/common_runtime/bfc_allocator.cc:665] Chunk at 0x7fafa4452000 of size 256
2019-02-17 19:41:19.158112: I tensorflow/core/common_runtime/bfc_allocator.cc:665] Chunk at 0x7fafa4452100 of size 256
2019-02-17 19:41:19.158128: I tensorflow/core/common_runtime/bfc_allocator.cc:665] Chunk at 0x7fafa4452200 of size 256
2019-02-17 19:41:19.158142: I tensorflow/core/common_runtime/bfc_allocator.cc:665] Chunk at 0x7fafa4452300 of size 256
2019-02-17 19:41:19.158159: I tensorflow/core/common_runtime/bfc_allocator.cc:665] Chunk at 0x7fafa4452400 of size 256
2019-02-17 19:41:19.158175: I tensorflow/core/common_runtime/bfc_allocator.cc:665] Chunk at 0x7fafa4452500 of size 32768
2019-02-17 19:41:19.158193: I tensorflow/core/common_runtime/bfc_allocator.cc:665] Chunk at 0x7fafa445a500 of size 256
2019-02-17 19:41:19.158211: I tensorflow/core/common_runtime/bfc_allocator.cc:665] Chunk at 0x7fafa445a600 of size 256
2019-02-17 19:41:19.158228: I tensorflow/core/common_runtime/bfc_allocator.cc:665] Chunk at 0x7fafa445a700 of size 256
2019-02-17 19:41:19.158244: I tensorflow/core/common_runtime/bfc_allocator.cc:665] Chunk at 0x7fafa445a800 of size 256
2019-02-17 19:41:19.158260: I tensorflow/core/common_runtime/bfc_allocator.cc:665] Chunk at 0x7fafa445a900 of size 256
2019-02-17 19:41:19.158278: I tensorflow/core/common_runtime/bfc_allocator.cc:665] Chunk at 0x7fafa445aa00 of size 256
2019-02-17 19:41:19.158296: I tensorflow/core/common_runtime/bfc_allocator.cc:665] Chunk at 0x7fafa445ab00 of size 256
2019-02-17 19:41:19.158310: I tensorflow/core/common_runtime/bfc_allocator.cc:665] Chunk at 0x7fafa445ac00 of size 256
2019-02-17 19:41:19.158325: I tensorflow/core/common_runtime/bfc_allocator.cc:665] Chunk at 0x7fafa445ad00 of size 256
2019-02-17 19:41:19.158340: I tensorflow/core/common_runtime/bfc_allocator.cc:665] Chunk at 0x7fafa445ae00 of size 256
2019-02-17 19:41:19.158356: I tensorflow/core/common_runtime/bfc_allocator.cc:665] Chunk at 0x7fafa445af00 of size 256
2019-02-17 19:41:19.158373: I tensorflow/core/common_runtime/bfc_allocator.cc:665] Chunk at 0x7fafa445b000 of size 256
2019-02-17 19:41:19.158388: I tensorflow/core/common_runtime/bfc_allocator.cc:665] Chunk at 0x7fafa445b100 of size 256
2019-02-17 19:41:19.158404: I tensorflow/core/common_runtime/bfc_allocator.cc:665] Chunk at 0x7fafa445b200 of size 256
2019-02-17 19:41:19.158420: I tensorflow/core/common_runtime/bfc_allocator.cc:665] Chunk at 0x7fafa445b300 of size 512
2019-02-17 19:41:19.158435: I tensorflow/core/common_runtime/bfc_allocator.cc:665] Chunk at 0x7fafa445b500 of size 256
2019-02-17 19:41:19.158451: I tensorflow/core/common_runtime/bfc_allocator.cc:665] Chunk at 0x7fafa445b600 of size 256
2019-02-17 19:41:19.158470: I tensorflow/core/common_runtime/bfc_allocator.cc:665] Chunk at 0x7fafa445b700 of size 512
2019-02-17 19:41:19.158484: I tensorflow/core/common_runtime/bfc_allocator.cc:665] Chunk at 0x7fafa445b900 of size 256
2019-02-17 19:41:19.158501: I tensorflow/core/common_runtime/bfc_allocator.cc:665] Chunk at 0x7fafa445ba00 of size 256
2019-02-17 19:41:19.158521: I tensorflow/core/common_runtime/bfc_allocator.cc:665] Chunk at 0x7fafa445bb00 of size 1024
2019-02-17 19:41:19.158538: I tensorflow/core/common_runtime/bfc_allocator.cc:665] Chunk at 0x7fafa445bf00 of size 256
2019-02-17 19:41:19.158556: I tensorflow/core/common_runtime/bfc_allocator.cc:665] Chunk at 0x7fafa445c000 of size 256
2019-02-17 19:41:19.158574: I tensorflow/core/common_runtime/bfc_allocator.cc:665] Chunk at 0x7fafa445c100 of size 1024
2019-02-17 19:41:19.158589: I tensorflow/core/common_runtime/bfc_allocator.cc:665] Chunk at 0x7fafa445c500 of size 256
2019-02-17 19:41:19.158606: I tensorflow/core/common_runtime/bfc_allocator.cc:665] Chunk at 0x7fafa445c600 of size 256
2019-02-17 19:41:19.158622: I tensorflow/core/common_runtime/bfc_allocator.cc:665] Chunk at 0x7fafa445c700 of size 1024
2019-02-17 19:41:19.158640: I tensorflow/core/common_runtime/bfc_allocator.cc:665] Chunk at 0x7fafa445cb00 of size 256
2019-02-17 19:41:19.158655: I tensorflow/core/common_runtime/bfc_allocator.cc:665] Chunk at 0x7fafa445cc00 of size 1024
2019-02-17 19:41:19.158671: I tensorflow/core/common_runtime/bfc_allocator.cc:665] Chunk at 0x7fafa445d000 of size 256
2019-02-17 19:41:19.158686: I tensorflow/core/common_runtime/bfc_allocator.cc:665] Chunk at 0x7fafa445d100 of size 2048
2019-02-17 19:41:19.158704: I tensorflow/core/common_runtime/bfc_allocator.cc:665] Chunk at 0x7fafa445d900 of size 256
2019-02-17 19:41:19.158719: I tensorflow/core/common_runtime/bfc_allocator.cc:665] Chunk at 0x7fafa445da00 of size 256
2019-02-17 19:41:19.158735: I tensorflow/core/common_runtime/bfc_allocator.cc:665] Chunk at 0x7fafa445db00 of size 2048
2019-02-17 19:41:19.158750: I tensorflow/core/common_runtime/bfc_allocator.cc:665] Chunk at 0x7fafa445e300 of size 256
2019-02-17 19:41:19.158766: I tensorflow/core/common_runtime/bfc_allocator.cc:665] Chunk at 0x7fafa445e400 of size 256
2019-02-17 19:41:19.158781: I tensorflow/core/common_runtime/bfc_allocator.cc:665] Chunk at 0x7fafa445e500 of size 2048
2019-02-17 19:41:19.158797: I tensorflow/core/common_runtime/bfc_allocator.cc:665] Chunk at 0x7fafa445ed00 of size 256
2019-02-17 19:41:19.158815: I tensorflow/core/common_runtime/bfc_allocator.cc:665] Chunk at 0x7fafa445ee00 of size 2048
2019-02-17 19:41:19.158830: I tensorflow/core/common_runtime/bfc_allocator.cc:665] Chunk at 0x7fafa445f600 of size 1024
2019-02-17 19:41:19.158847: I tensorflow/core/common_runtime/bfc_allocator.cc:665] Chunk at 0x7fafa445fa00 of size 256
2019-02-17 19:41:19.158861: I tensorflow/core/common_runtime/bfc_allocator.cc:665] Chunk at 0x7fafa445fb00 of size 2048
2019-02-17 19:41:19.158878: I tensorflow/core/common_runtime/bfc_allocator.cc:665] Chunk at 0x7fafa4460300 of size 256
2019-02-17 19:41:19.158896: I tensorflow/core/common_runtime/bfc_allocator.cc:665] Chunk at 0x7fafa4460400 of size 2048
2019-02-17 19:41:19.158911: I tensorflow/core/common_runtime/bfc_allocator.cc:665] Chunk at 0x7fafa4460c00 of size 256
2019-02-17 19:41:19.158927: I tensorflow/core/common_runtime/bfc_allocator.cc:665] Chunk at 0x7fafa4460d00 of size 2048
2019-02-17 19:41:19.158946: I tensorflow/core/common_runtime/bfc_allocator.cc:665] Chunk at 0x7fafa4461500 of size 256
2019-02-17 19:41:19.158961: I tensorflow/core/common_runtime/bfc_allocator.cc:665] Chunk at 0x7fafa4461600 of size 2048
2019-02-17 19:41:19.158977: I tensorflow/core/common_runtime/bfc_allocator.cc:665] Chunk at 0x7fafa4461e00 of size 256
2019-02-17 19:41:19.158992: I tensorflow/core/common_runtime/bfc_allocator.cc:665] Chunk at 0x7fafa4461f00 of size 256
2019-02-17 19:41:19.159009: I tensorflow/core/common_runtime/bfc_allocator.cc:665] Chunk at 0x7fafa4462000 of size 256
2019-02-17 19:41:19.159024: I tensorflow/core/common_runtime/bfc_allocator.cc:665] Chunk at 0x7fafa4462100 of size 256
2019-02-17 19:41:19.159039: I tensorflow/core/common_runtime/bfc_allocator.cc:665] Chunk at 0x7fafa4462200 of size 256
2019-02-17 19:41:19.159053: I tensorflow/core/common_runtime/bfc_allocator.cc:665] Chunk at 0x7fafa4462300 of size 4096
2019-02-17 19:41:19.159070: I tensorflow/core/common_runtime/bfc_allocator.cc:665] Chunk at 0x7fafa4463300 of size 256
2019-02-17 19:41:19.159088: I tensorflow/core/common_runtime/bfc_allocator.cc:665] Chunk at 0x7fafa4463400 of size 256
2019-02-17 19:41:19.159102: I tensorflow/core/common_runtime/bfc_allocator.cc:665] Chunk at 0x7fafa4463500 of size 256
2019-02-17 19:41:19.159119: I tensorflow/core/common_runtime/bfc_allocator.cc:665] Chunk at 0x7fafa4463600 of size 256
2019-02-17 19:41:19.159137: I tensorflow/core/common_runtime/bfc_allocator.cc:665] Chunk at 0x7fafa4463700 of size 256
2019-02-17 19:41:19.159152: I tensorflow/core/common_runtime/bfc_allocator.cc:665] Chunk at 0x7fafa4463800 of size 16384
2019-02-17 19:41:19.159168: I tensorflow/core/common_runtime/bfc_allocator.cc:665] Chunk at 0x7fafa4467800 of size 256
2019-02-17 19:41:19.159183: I tensorflow/core/common_runtime/bfc_allocator.cc:665] Chunk at 0x7fafa4467900 of size 512
2019-02-17 19:41:19.159202: I tensorflow/core/common_runtime/bfc_allocator.cc:665] Chunk at 0x7fafa4467b00 of size 1672448
2019-02-17 19:41:19.159220: I tensorflow/core/common_runtime/bfc_allocator.cc:665] Chunk at 0x7fafc8600000 of size 1280
2019-02-17 19:41:19.159237: I tensorflow/core/common_runtime/bfc_allocator.cc:665] Chunk at 0x7fafc8600500 of size 256
2019-02-17 19:41:19.159254: I tensorflow/core/common_runtime/bfc_allocator.cc:665] Chunk at 0x7fafc8600600 of size 24576
2019-02-17 19:41:19.159268: I tensorflow/core/common_runtime/bfc_allocator.cc:665] Chunk at 0x7fafc8606600 of size 256
2019-02-17 19:41:19.159285: I tensorflow/core/common_runtime/bfc_allocator.cc:665] Chunk at 0x7fafc8606700 of size 512
2019-02-17 19:41:19.159301: I tensorflow/core/common_runtime/bfc_allocator.cc:665] Chunk at 0x7fafc8606900 of size 512
2019-02-17 19:41:19.159319: I tensorflow/core/common_runtime/bfc_allocator.cc:665] Chunk at 0x7fafc8606b00 of size 256
2019-02-17 19:41:19.159333: I tensorflow/core/common_runtime/bfc_allocator.cc:665] Chunk at 0x7fafc8606c00 of size 256
2019-02-17 19:41:19.159350: I tensorflow/core/common_runtime/bfc_allocator.cc:665] Chunk at 0x7fafc8606d00 of size 512
2019-02-17 19:41:19.159365: I tensorflow/core/common_runtime/bfc_allocator.cc:665] Chunk at 0x7fafc8606f00 of size 1020160
2019-02-17 19:41:19.159381: I tensorflow/core/common_runtime/bfc_allocator.cc:671]      Summary of in-use Chunks by size: 
2019-02-17 19:41:19.159402: I tensorflow/core/common_runtime/bfc_allocator.cc:674] 253 Chunks of size 256 totalling 63.2KiB
2019-02-17 19:41:19.159421: I tensorflow/core/common_runtime/bfc_allocator.cc:674] 44 Chunks of size 512 totalling 22.0KiB
2019-02-17 19:41:19.159439: I tensorflow/core/common_runtime/bfc_allocator.cc:674] 2 Chunks of size 768 totalling 1.5KiB
2019-02-17 19:41:19.159456: I tensorflow/core/common_runtime/bfc_allocator.cc:674] 41 Chunks of size 1024 totalling 41.0KiB
2019-02-17 19:41:19.159473: I tensorflow/core/common_runtime/bfc_allocator.cc:674] 1 Chunks of size 1280 totalling 1.2KiB
2019-02-17 19:41:19.159491: I tensorflow/core/common_runtime/bfc_allocator.cc:674] 36 Chunks of size 2048 totalling 72.0KiB
2019-02-17 19:41:19.159513: I tensorflow/core/common_runtime/bfc_allocator.cc:674] 18 Chunks of size 4096 totalling 72.0KiB
2019-02-17 19:41:19.159530: I tensorflow/core/common_runtime/bfc_allocator.cc:674] 1 Chunks of size 4608 totalling 4.5KiB
2019-02-17 19:41:19.159548: I tensorflow/core/common_runtime/bfc_allocator.cc:674] 1 Chunks of size 5376 totalling 5.2KiB
2019-02-17 19:41:19.159568: I tensorflow/core/common_runtime/bfc_allocator.cc:674] 4 Chunks of size 7424 totalling 29.0KiB
2019-02-17 19:41:19.159585: I tensorflow/core/common_runtime/bfc_allocator.cc:674] 1 Chunks of size 7680 totalling 7.5KiB
2019-02-17 19:41:19.159602: I tensorflow/core/common_runtime/bfc_allocator.cc:674] 19 Chunks of size 8192 totalling 152.0KiB
2019-02-17 19:41:19.159620: I tensorflow/core/common_runtime/bfc_allocator.cc:674] 1 Chunks of size 9216 totalling 9.0KiB
2019-02-17 19:41:19.159638: I tensorflow/core/common_runtime/bfc_allocator.cc:674] 1 Chunks of size 12544 totalling 12.2KiB
2019-02-17 19:41:19.159656: I tensorflow/core/common_runtime/bfc_allocator.cc:674] 23 Chunks of size 16384 totalling 368.0KiB
2019-02-17 19:41:19.159674: I tensorflow/core/common_runtime/bfc_allocator.cc:674] 9 Chunks of size 24576 totalling 216.0KiB
2019-02-17 19:41:19.159690: I tensorflow/core/common_runtime/bfc_allocator.cc:674] 8 Chunks of size 32768 totalling 256.0KiB
2019-02-17 19:41:19.159708: I tensorflow/core/common_runtime/bfc_allocator.cc:674] 1 Chunks of size 34816 totalling 34.0KiB
2019-02-17 19:41:19.159726: I tensorflow/core/common_runtime/bfc_allocator.cc:674] 6 Chunks of size 37632 totalling 220.5KiB
2019-02-17 19:41:19.159744: I tensorflow/core/common_runtime/bfc_allocator.cc:674] 1 Chunks of size 49152 totalling 48.0KiB
2019-02-17 19:41:19.159763: I tensorflow/core/common_runtime/bfc_allocator.cc:674] 1 Chunks of size 50944 totalling 49.8KiB
2019-02-17 19:41:19.159781: I tensorflow/core/common_runtime/bfc_allocator.cc:674] 1 Chunks of size 204800 totalling 200.0KiB
2019-02-17 19:41:19.159797: I tensorflow/core/common_runtime/bfc_allocator.cc:674] 4 Chunks of size 262144 totalling 1.00MiB
2019-02-17 19:41:19.159815: I tensorflow/core/common_runtime/bfc_allocator.cc:674] 1 Chunks of size 262656 totalling 256.5KiB
2019-02-17 19:41:19.159835: I tensorflow/core/common_runtime/bfc_allocator.cc:674] 4 Chunks of size 294912 totalling 1.12MiB
2019-02-17 19:41:19.159853: I tensorflow/core/common_runtime/bfc_allocator.cc:674] 1 Chunks of size 317184 totalling 309.8KiB
2019-02-17 19:41:19.159869: I tensorflow/core/common_runtime/bfc_allocator.cc:674] 7 Chunks of size 524288 totalling 3.50MiB
2019-02-17 19:41:19.159886: I tensorflow/core/common_runtime/bfc_allocator.cc:674] 1 Chunks of size 533760 totalling 521.2KiB
2019-02-17 19:41:19.159909: I tensorflow/core/common_runtime/bfc_allocator.cc:674] 2 Chunks of size 589824 totalling 1.12MiB
2019-02-17 19:41:19.159927: I tensorflow/core/common_runtime/bfc_allocator.cc:674] 1 Chunks of size 786432 totalling 768.0KiB
2019-02-17 19:41:19.159945: I tensorflow/core/common_runtime/bfc_allocator.cc:674] 1 Chunks of size 1020160 totalling 996.2KiB
2019-02-17 19:41:19.159960: I tensorflow/core/common_runtime/bfc_allocator.cc:674] 3 Chunks of size 1179648 totalling 3.38MiB
2019-02-17 19:41:19.159978: I tensorflow/core/common_runtime/bfc_allocator.cc:674] 2 Chunks of size 1572864 totalling 3.00MiB
2019-02-17 19:41:19.159997: I tensorflow/core/common_runtime/bfc_allocator.cc:674] 1 Chunks of size 1672448 totalling 1.59MiB
2019-02-17 19:41:19.160014: I tensorflow/core/common_runtime/bfc_allocator.cc:674] 1 Chunks of size 2080768 totalling 1.98MiB
2019-02-17 19:41:19.160032: I tensorflow/core/common_runtime/bfc_allocator.cc:674] 10 Chunks of size 2097152 totalling 20.00MiB
2019-02-17 19:41:19.160048: I tensorflow/core/common_runtime/bfc_allocator.cc:674] 1 Chunks of size 2098176 totalling 2.00MiB
2019-02-17 19:41:19.160064: I tensorflow/core/common_runtime/bfc_allocator.cc:674] 1 Chunks of size 2099200 totalling 2.00MiB
2019-02-17 19:41:19.160081: I tensorflow/core/common_runtime/bfc_allocator.cc:674] 1 Chunks of size 2146560 totalling 2.05MiB
2019-02-17 19:41:19.160099: I tensorflow/core/common_runtime/bfc_allocator.cc:674] 4 Chunks of size 2359296 totalling 9.00MiB
2019-02-17 19:41:19.160117: I tensorflow/core/common_runtime/bfc_allocator.cc:674] 1 Chunks of size 2367488 totalling 2.26MiB
2019-02-17 19:41:19.160132: I tensorflow/core/common_runtime/bfc_allocator.cc:674] 1 Chunks of size 2916352 totalling 2.78MiB
2019-02-17 19:41:19.160149: I tensorflow/core/common_runtime/bfc_allocator.cc:674] 1 Chunks of size 4289280 totalling 4.09MiB
2019-02-17 19:41:19.160167: I tensorflow/core/common_runtime/bfc_allocator.cc:674] 1 Chunks of size 4718592 totalling 4.50MiB
2019-02-17 19:41:19.160185: I tensorflow/core/common_runtime/bfc_allocator.cc:674] 9 Chunks of size 8388608 totalling 72.00MiB
2019-02-17 19:41:19.160205: I tensorflow/core/common_runtime/bfc_allocator.cc:674] 1 Chunks of size 8390656 totalling 8.00MiB
2019-02-17 19:41:19.160223: I tensorflow/core/common_runtime/bfc_allocator.cc:674] 6 Chunks of size 9437184 totalling 54.00MiB
2019-02-17 19:41:19.160241: I tensorflow/core/common_runtime/bfc_allocator.cc:674] 1 Chunks of size 9437440 totalling 9.00MiB
2019-02-17 19:41:19.160260: I tensorflow/core/common_runtime/bfc_allocator.cc:674] 1 Chunks of size 15470592 totalling 14.75MiB
2019-02-17 19:41:19.160279: I tensorflow/core/common_runtime/bfc_allocator.cc:674] 1 Chunks of size 16384000 totalling 15.62MiB
2019-02-17 19:41:19.160295: I tensorflow/core/common_runtime/bfc_allocator.cc:674] 1 Chunks of size 16384256 totalling 15.62MiB
2019-02-17 19:41:19.160313: I tensorflow/core/common_runtime/bfc_allocator.cc:674] 2 Chunks of size 16777216 totalling 32.00MiB
2019-02-17 19:41:19.160331: I tensorflow/core/common_runtime/bfc_allocator.cc:674] 7 Chunks of size 33554432 totalling 224.00MiB
2019-02-17 19:41:19.160349: I tensorflow/core/common_runtime/bfc_allocator.cc:674] 1 Chunks of size 34611200 totalling 33.01MiB
2019-02-17 19:41:19.160367: I tensorflow/core/common_runtime/bfc_allocator.cc:674] 1 Chunks of size 51388416 totalling 49.01MiB
2019-02-17 19:41:19.160383: I tensorflow/core/common_runtime/bfc_allocator.cc:674] 1 Chunks of size 53510656 totalling 51.03MiB
2019-02-17 19:41:19.160401: I tensorflow/core/common_runtime/bfc_allocator.cc:674] 1 Chunks of size 67108864 totalling 64.00MiB
2019-02-17 19:41:19.160418: I tensorflow/core/common_runtime/bfc_allocator.cc:674] 1 Chunks of size 113690880 totalling 108.42MiB
2019-02-17 19:41:19.160437: I tensorflow/core/common_runtime/bfc_allocator.cc:674] 5 Chunks of size 134217728 totalling 640.00MiB
2019-02-17 19:41:19.160455: I tensorflow/core/common_runtime/bfc_allocator.cc:674] 6 Chunks of size 536870912 totalling 3.00GiB
2019-02-17 19:41:19.160470: I tensorflow/core/common_runtime/bfc_allocator.cc:678] Sum Total of in-use chunks: 4.43GiB
2019-02-17 19:41:19.160492: I tensorflow/core/common_runtime/bfc_allocator.cc:680] Stats: 
Limit:                 10917337498
InUse:                  4752657408
MaxInUse:               7219363584
NumAllocs:                    1216
MaxAllocSize:           2233466880

2019-02-17 19:41:19.160577: W tensorflow/core/common_runtime/bfc_allocator.cc:279] *******_________________________________________************x***********************_***************
2019-02-17 19:41:19.160641: W tensorflow/core/framework/op_kernel.cc:1318] OP_REQUIRES failed at batch_matmul_op_impl.h:489 : Resource exhausted: OOM when allocating tensor with shape[2,65536,65536] and type float on /job:localhost/replica:0/task:0/device:GPU:0 by allocator GPU_0_bfc
Traceback (most recent call last):
  File "/usr/local/lib/python3.6/dist-packages/tensorflow/python/client/session.py", line 1322, in _do_call
    return fn(*args)
  File "/usr/local/lib/python3.6/dist-packages/tensorflow/python/client/session.py", line 1307, in _run_fn
    options, feed_dict, fetch_list, target_list, run_metadata)
  File "/usr/local/lib/python3.6/dist-packages/tensorflow/python/client/session.py", line 1409, in _call_tf_sessionrun
    run_metadata)
tensorflow.python.framework.errors_impl.ResourceExhaustedError: OOM when allocating tensor with shape[2,65536,65536] and type float on /job:localhost/replica:0/task:0/device:GPU:0 by allocator GPU_0_bfc
	 [[Node: generator/decoder/attention_1/MatMul = BatchMatMul[T=DT_FLOAT, _class=["loc:@gener...d/MatMul_1"], adj_x=false, adj_y=true, _device="/job:localhost/replica:0/task:0/device:GPU:0"](generator/decoder/attention_1/Reshape, generator/decoder/attention_1/Reshape_1, ^swap_out_generator_train/gradients/generator/decoder/attention_1/MatMul_grad/MatMul_1, ^swap_out_generator_train/gradients/generator/decoder/attention_1/MatMul_grad/MatMul_1_1)]]
Hint: If you want to see a list of allocated tensors when OOM happens, add report_tensor_allocations_upon_oom to RunOptions for current allocation info.

	 [[Node: discriminator_train/Adam/_934 = _Recv[client_terminated=false, recv_device="/job:localhost/replica:0/task:0/device:GPU:1", send_device="/job:localhost/replica:0/task:0/device:GPU:0", send_device_incarnation=1, tensor_name="edge_6480_discriminator_train/Adam", tensor_type=DT_FLOAT, _device="/job:localhost/replica:0/task:0/device:GPU:1"]()]]
Hint: If you want to see a list of allocated tensors when OOM happens, add report_tensor_allocations_upon_oom to RunOptions for current allocation info.


During handling of the above exception, another exception occurred:

Traceback (most recent call last):
  File "p2p_att.py", line 1272, in <module>
    main()
  File "p2p_att.py", line 1232, in main
    results = sess.run(fetches, options=options, run_metadata=run_metadata)
  File "/usr/local/lib/python3.6/dist-packages/tensorflow/python/client/session.py", line 900, in run
    run_metadata_ptr)
  File "/usr/local/lib/python3.6/dist-packages/tensorflow/python/client/session.py", line 1135, in _run
    feed_dict_tensor, options, run_metadata)
  File "/usr/local/lib/python3.6/dist-packages/tensorflow/python/client/session.py", line 1316, in _do_run
    run_metadata)
  File "/usr/local/lib/python3.6/dist-packages/tensorflow/python/client/session.py", line 1335, in _do_call
    raise type(e)(node_def, op, message)
tensorflow.python.framework.errors_impl.ResourceExhaustedError: OOM when allocating tensor with shape[2,65536,65536] and type float on /job:localhost/replica:0/task:0/device:GPU:0 by allocator GPU_0_bfc
	 [[Node: generator/decoder/attention_1/MatMul = BatchMatMul[T=DT_FLOAT, _class=["loc:@gener...d/MatMul_1"], adj_x=false, adj_y=true, _device="/job:localhost/replica:0/task:0/device:GPU:0"](generator/decoder/attention_1/Reshape, generator/decoder/attention_1/Reshape_1, ^swap_out_generator_train/gradients/generator/decoder/attention_1/MatMul_grad/MatMul_1, ^swap_out_generator_train/gradients/generator/decoder/attention_1/MatMul_grad/MatMul_1_1)]]
Hint: If you want to see a list of allocated tensors when OOM happens, add report_tensor_allocations_upon_oom to RunOptions for current allocation info.

	 [[Node: discriminator_train/Adam/_934 = _Recv[client_terminated=false, recv_device="/job:localhost/replica:0/task:0/device:GPU:1", send_device="/job:localhost/replica:0/task:0/device:GPU:0", send_device_incarnation=1, tensor_name="edge_6480_discriminator_train/Adam", tensor_type=DT_FLOAT, _device="/job:localhost/replica:0/task:0/device:GPU:1"]()]]
Hint: If you want to see a list of allocated tensors when OOM happens, add report_tensor_allocations_upon_oom to RunOptions for current allocation info.


Caused by op 'generator/decoder/attention_1/MatMul', defined at:
  File "p2p_att.py", line 1272, in <module>
    main()
  File "p2p_att.py", line 1084, in main
    model = create_model(examples.inputs, examples.targets)
  File "p2p_att.py", line 820, in create_model
    outputs = create_generator_resgan(inputs, out_channels)
  File "p2p_att.py", line 313, in create_generator_resgan
    input_channel=a.ngf, flag_condition=False, channel_fac=a.channel_fac, scope='attention_1')
  File "/gdata/liyh/project/e2p/ops.py", line 112, in selfatt
    s = tf.matmul(hw_flatten(g), hw_flatten(f), transpose_b=True) # # [bs, N, N]
  File "/usr/local/lib/python3.6/dist-packages/tensorflow/python/ops/math_ops.py", line 2084, in matmul
    a, b, adj_x=adjoint_a, adj_y=adjoint_b, name=name)
  File "/usr/local/lib/python3.6/dist-packages/tensorflow/python/ops/gen_math_ops.py", line 1236, in batch_mat_mul
    "BatchMatMul", x=x, y=y, adj_x=adj_x, adj_y=adj_y, name=name)
  File "/usr/local/lib/python3.6/dist-packages/tensorflow/python/framework/op_def_library.py", line 787, in _apply_op_helper
    op_def=op_def)
  File "/usr/local/lib/python3.6/dist-packages/tensorflow/python/framework/ops.py", line 3392, in create_op
    op_def=op_def)
  File "/usr/local/lib/python3.6/dist-packages/tensorflow/python/framework/ops.py", line 1718, in __init__
    self._traceback = self._graph._extract_stack()  # pylint: disable=protected-access

ResourceExhaustedError (see above for traceback): OOM when allocating tensor with shape[2,65536,65536] and type float on /job:localhost/replica:0/task:0/device:GPU:0 by allocator GPU_0_bfc
	 [[Node: generator/decoder/attention_1/MatMul = BatchMatMul[T=DT_FLOAT, _class=["loc:@gener...d/MatMul_1"], adj_x=false, adj_y=true, _device="/job:localhost/replica:0/task:0/device:GPU:0"](generator/decoder/attention_1/Reshape, generator/decoder/attention_1/Reshape_1, ^swap_out_generator_train/gradients/generator/decoder/attention_1/MatMul_grad/MatMul_1, ^swap_out_generator_train/gradients/generator/decoder/attention_1/MatMul_grad/MatMul_1_1)]]
Hint: If you want to see a list of allocated tensors when OOM happens, add report_tensor_allocations_upon_oom to RunOptions for current allocation info.

	 [[Node: discriminator_train/Adam/_934 = _Recv[client_terminated=false, recv_device="/job:localhost/replica:0/task:0/device:GPU:1", send_device="/job:localhost/replica:0/task:0/device:GPU:0", send_device_incarnation=1, tensor_name="edge_6480_discriminator_train/Adam", tensor_type=DT_FLOAT, _device="/job:localhost/replica:0/task:0/device:GPU:1"]()]]
Hint: If you want to see a list of allocated tensors when OOM happens, add report_tensor_allocations_upon_oom to RunOptions for current allocation info.


