docker: Error response from daemon: OCI runtime create failed: container_linux.go:348: starting container process caused "exec: \"/gdata/liyh/project/e2p/summit/resgan/exp-0003/train.sh\": permission denied": unknown.
/usr/local/lib/python3.6/dist-packages/h5py/__init__.py:36: FutureWarning: Conversion of the second argument of issubdtype from `float` to `np.floating` is deprecated. In future, it will be treated as `np.float64 == np.dtype(float).type`.
  from ._conv import register_converters as _register_converters
usage: p2p_att.py [-h] [--input_dir INPUT_DIR] --mode {train,test,export}
                  --output_dir OUTPUT_DIR [--seed SEED]
                  [--checkpoint CHECKPOINT] [--max_steps MAX_STEPS]
                  [--max_epochs MAX_EPOCHS] [--summary_freq SUMMARY_FREQ]
                  [--progress_freq PROGRESS_FREQ] [--trace_freq TRACE_FREQ]
                  [--display_freq DISPLAY_FREQ] [--save_freq SAVE_FREQ]
                  [--evaluate_freq EVALUATE_FREQ]
                  [--aspect_ratio ASPECT_RATIO] [--batch_size BATCH_SIZE]
                  [--which_direction {AtoB,BtoA}] [--ngf NGF] [--ndf NDF]
                  [--scale_size SCALE_SIZE] [--target_size TARGET_SIZE]
                  [--flip] [--no_flip] [--no_random_crop] [--monochrome]
                  [--lr LR] [--beta1 BETA1] [--l1_weight L1_WEIGHT]
                  [--gan_weight GAN_WEIGHT] [--num_unet NUM_UNET]
                  [--generator {res,ir,ed,atte,sa,sa_I}]
                  [--discriminator {res,ir,conv,atte,sa,sa_I}]
                  [--input_type {edge,df}] [--double_D] [--load_image]
                  --num_examples NUM_EXAMPLES [--channel_fac CHANNEL_FAC]
                  [--enc_atten ENC_ATTEN] [--dec_atten DEC_ATTEN] [--no_sn]
                  [--output_filetype {png,jpeg}]
p2p_att.py: error: argument --generator: invalid choice: 'resgan' (choose from 'res', 'ir', 'ed', 'atte', 'sa', 'sa_I')
/usr/local/lib/python3.6/dist-packages/h5py/__init__.py:36: FutureWarning: Conversion of the second argument of issubdtype from `float` to `np.floating` is deprecated. In future, it will be treated as `np.float64 == np.dtype(float).type`.
  from ._conv import register_converters as _register_converters
WARNING:tensorflow:From p2p_att.py:873: get_or_create_global_step (from tensorflow.contrib.framework.python.ops.variables) is deprecated and will be removed in a future version.
Instructions for updating:
Please switch to tf.train.get_or_create_global_step
WARNING:tensorflow:From p2p_att.py:1124: Supervisor.__init__ (from tensorflow.python.training.supervisor) is deprecated and will be removed in a future version.
Instructions for updating:
Please switch to tf.train.MonitoredTrainingSession
2019-01-23 14:10:03.255844: I tensorflow/core/platform/cpu_feature_guard.cc:140] Your CPU supports instructions that this TensorFlow binary was not compiled to use: AVX2 FMA
2019-01-23 14:10:03.729402: I tensorflow/core/common_runtime/gpu/gpu_device.cc:1356] Found device 0 with properties: 
name: GeForce GTX 1080 Ti major: 6 minor: 1 memoryClockRate(GHz): 1.62
pciBusID: 0000:05:00.0
totalMemory: 10.92GiB freeMemory: 10.76GiB
2019-01-23 14:10:04.037245: I tensorflow/core/common_runtime/gpu/gpu_device.cc:1356] Found device 1 with properties: 
name: GeForce GTX 1080 Ti major: 6 minor: 1 memoryClockRate(GHz): 1.62
pciBusID: 0000:04:00.0
totalMemory: 10.92GiB freeMemory: 10.76GiB
2019-01-23 14:10:04.039989: I tensorflow/core/common_runtime/gpu/gpu_device.cc:1435] Adding visible gpu devices: 0, 1
2019-01-23 14:10:04.979886: I tensorflow/core/common_runtime/gpu/gpu_device.cc:923] Device interconnect StreamExecutor with strength 1 edge matrix:
2019-01-23 14:10:04.979973: I tensorflow/core/common_runtime/gpu/gpu_device.cc:929]      0 1 
2019-01-23 14:10:04.979991: I tensorflow/core/common_runtime/gpu/gpu_device.cc:942] 0:   N Y 
2019-01-23 14:10:04.980001: I tensorflow/core/common_runtime/gpu/gpu_device.cc:942] 1:   Y N 
2019-01-23 14:10:04.980684: I tensorflow/core/common_runtime/gpu/gpu_device.cc:1053] Created TensorFlow device (/job:localhost/replica:0/task:0/device:GPU:0 with 10411 MB memory) -> physical GPU (device: 0, name: GeForce GTX 1080 Ti, pci bus id: 0000:05:00.0, compute capability: 6.1)
2019-01-23 14:10:04.982160: I tensorflow/core/common_runtime/gpu/gpu_device.cc:1053] Created TensorFlow device (/job:localhost/replica:0/task:0/device:GPU:1 with 10411 MB memory) -> physical GPU (device: 1, name: GeForce GTX 1080 Ti, pci bus id: 0000:04:00.0, compute capability: 6.1)
/usr/local/lib/python3.6/dist-packages/h5py/__init__.py:36: FutureWarning: Conversion of the second argument of issubdtype from `float` to `np.floating` is deprecated. In future, it will be treated as `np.float64 == np.dtype(float).type`.
  from ._conv import register_converters as _register_converters
WARNING:tensorflow:From /gdata/liyh/project/e2p/vgg.py:285: calling reduce_mean (from tensorflow.python.ops.math_ops) with keep_dims is deprecated and will be removed in a future version.
Instructions for updating:
keep_dims is deprecated, use keepdims instead
WARNING:tensorflow:From p2p_att.py:903: get_or_create_global_step (from tensorflow.contrib.framework.python.ops.variables) is deprecated and will be removed in a future version.
Instructions for updating:
Please switch to tf.train.get_or_create_global_step
WARNING:tensorflow:From p2p_att.py:1154: Supervisor.__init__ (from tensorflow.python.training.supervisor) is deprecated and will be removed in a future version.
Instructions for updating:
Please switch to tf.train.MonitoredTrainingSession
2019-02-17 16:10:30.719539: I tensorflow/core/platform/cpu_feature_guard.cc:140] Your CPU supports instructions that this TensorFlow binary was not compiled to use: AVX2 FMA
2019-02-17 16:10:31.179314: I tensorflow/core/common_runtime/gpu/gpu_device.cc:1356] Found device 0 with properties: 
name: GeForce GTX 1080 Ti major: 6 minor: 1 memoryClockRate(GHz): 1.62
pciBusID: 0000:05:00.0
totalMemory: 10.92GiB freeMemory: 10.76GiB
2019-02-17 16:10:31.456227: I tensorflow/core/common_runtime/gpu/gpu_device.cc:1356] Found device 1 with properties: 
name: GeForce GTX 1080 Ti major: 6 minor: 1 memoryClockRate(GHz): 1.62
pciBusID: 0000:04:00.0
totalMemory: 10.92GiB freeMemory: 10.76GiB
2019-02-17 16:10:31.458165: I tensorflow/core/common_runtime/gpu/gpu_device.cc:1435] Adding visible gpu devices: 0, 1
2019-02-17 16:10:33.961496: I tensorflow/core/common_runtime/gpu/gpu_device.cc:923] Device interconnect StreamExecutor with strength 1 edge matrix:
2019-02-17 16:10:33.961568: I tensorflow/core/common_runtime/gpu/gpu_device.cc:929]      0 1 
2019-02-17 16:10:33.961586: I tensorflow/core/common_runtime/gpu/gpu_device.cc:942] 0:   N Y 
2019-02-17 16:10:33.961596: I tensorflow/core/common_runtime/gpu/gpu_device.cc:942] 1:   Y N 
2019-02-17 16:10:33.964138: I tensorflow/core/common_runtime/gpu/gpu_device.cc:1053] Created TensorFlow device (/job:localhost/replica:0/task:0/device:GPU:0 with 10411 MB memory) -> physical GPU (device: 0, name: GeForce GTX 1080 Ti, pci bus id: 0000:05:00.0, compute capability: 6.1)
2019-02-17 16:10:33.965492: I tensorflow/core/common_runtime/gpu/gpu_device.cc:1053] Created TensorFlow device (/job:localhost/replica:0/task:0/device:GPU:1 with 10411 MB memory) -> physical GPU (device: 1, name: GeForce GTX 1080 Ti, pci bus id: 0000:04:00.0, compute capability: 6.1)
2019-02-17 16:10:34.929570: W tensorflow/core/framework/allocator.cc:101] Allocation of 536870912 exceeds 10% of system memory.
2019-02-17 16:10:35.430264: W tensorflow/core/framework/allocator.cc:101] Allocation of 536870912 exceeds 10% of system memory.
2019-02-17 16:10:36.662201: W tensorflow/core/framework/allocator.cc:101] Allocation of 536870912 exceeds 10% of system memory.
2019-02-17 16:10:37.335242: W tensorflow/core/framework/allocator.cc:101] Allocation of 536870912 exceeds 10% of system memory.
=>> PBS: job killed: walltime 604805 exceeded limit 604800
