/usr/local/lib/python3.6/dist-packages/h5py/__init__.py:36: FutureWarning: Conversion of the second argument of issubdtype from `float` to `np.floating` is deprecated. In future, it will be treated as `np.float64 == np.dtype(float).type`.
  from ._conv import register_converters as _register_converters
Traceback (most recent call last):
  File "p2p_att.py", line 1269, in <module>
    main()
  File "p2p_att.py", line 1081, in main
    model = create_model(examples.inputs, examples.targets)
  File "p2p_att.py", line 818, in create_model
    outputs = create_generator_resgan(inputs, out_channels)
  File "p2p_att.py", line 305, in create_generator_resgan
    net, _ = selfatt(net, tf.image.resize_images(generator_inputs, net.shape[1:3]), a.ngf*2, flag_I=False, channel_fac=a.channel_fac)
  File "/usr/local/lib/python3.6/dist-packages/tensorflow/python/framework/ops.py", line 439, in __iter__
    "Tensor objects are not iterable when eager execution is not "
TypeError: Tensor objects are not iterable when eager execution is not enabled. To iterate over this tensor use tf.map_fn.
/usr/local/lib/python3.6/dist-packages/h5py/__init__.py:36: FutureWarning: Conversion of the second argument of issubdtype from `float` to `np.floating` is deprecated. In future, it will be treated as `np.float64 == np.dtype(float).type`.
  from ._conv import register_converters as _register_converters
Traceback (most recent call last):
  File "p2p_att.py", line 1269, in <module>
    main()
  File "p2p_att.py", line 1081, in main
    model = create_model(examples.inputs, examples.targets)
  File "p2p_att.py", line 818, in create_model
    outputs = create_generator_resgan(inputs, out_channels)
  File "p2p_att.py", line 305, in create_generator_resgan
    net, _ = selfatt(net, tf.image.resize_images(generator_inputs, net.shape[1:3]), a.ngf*2, flag_I=False, channel_fac=a.channel_fac)
  File "/usr/local/lib/python3.6/dist-packages/tensorflow/python/framework/ops.py", line 439, in __iter__
    "Tensor objects are not iterable when eager execution is not "
TypeError: Tensor objects are not iterable when eager execution is not enabled. To iterate over this tensor use tf.map_fn.
