Time is Wed Jan 23 22:04:41 CST 2019
Directory is /gdata/liyh/project/e2p
This job runs on following nodes:
G110
G110-gpu1
G110-gpu0
Time is Wed Jan 23 22:05:40 CST 2019
Directory is /gdata/liyh/project/e2p
This job runs on following nodes:
G110
G110-gpu1
G110-gpu0
Time is Wed Jan 23 22:09:41 CST 2019
Directory is /gdata/liyh/project/e2p
This job runs on following nodes:
G110
G110-gpu1
G110-gpu0
Time is Mon Feb 18 00:10:02 CST 2019
Directory is /gdata/liyh/project/e2p
This job runs on following nodes:
G125
G125-gpu1
G125-gpu0
